<?xml version="1.0" encoding="utf-8"?>
<test-run id="2" testcasecount="282" result="Failed(Child)" total="282" passed="240" failed="41" inconclusive="0" skipped="1" asserts="0" engine-version="3.5.0.0" clr-version="4.0.30319.42000" start-time="2026-03-07 23:06:44Z" end-time="2026-03-07 23:06:44Z" duration="0.1375406">
  <test-suite type="TestSuite" id="1000" name="game" fullname="game" runstate="Runnable" testcasecount="282" result="Failed" site="Child" start-time="2026-03-07 23:06:44Z" end-time="2026-03-07 23:06:44Z" duration="0.137541" total="282" passed="240" failed="41" inconclusive="0" skipped="1" asserts="0">
    <properties>
      <property name="platform" value="EditMode" />
    </properties>
    <failure>
      <message><![CDATA[One or more child tests had errors]]></message>
    </failure>
    <test-suite type="Assembly" id="1297" name="AshenThrone.Tests.dll" fullname="/Users/tomterhune/ashen-throne/game/Library/ScriptAssemblies/AshenThrone.Tests.dll" runstate="Runnable" testcasecount="281" result="Failed" site="Child" start-time="2026-03-07 23:06:44Z" end-time="2026-03-07 23:06:44Z" duration="0.132035" total="281" passed="239" failed="41" inconclusive="0" skipped="1" asserts="0">
      <properties>
        <property name="_PID" value="75247" />
        <property name="_APPDOMAIN" value="Unity Child Domain" />
        <property name="platform" value="EditMode" />
        <property name="EditorOnly" value="True" />
      </properties>
      <failure>
        <message><![CDATA[One or more child tests had errors]]></message>
      </failure>
      <test-suite type="TestSuite" id="1298" name="AshenThrone" fullname="AshenThrone" runstate="Runnable" testcasecount="281" result="Failed" site="Child" start-time="2026-03-07 23:06:44Z" end-time="2026-03-07 23:06:44Z" duration="0.130665" total="281" passed="239" failed="41" inconclusive="0" skipped="1" asserts="0">
        <properties />
        <failure>
          <message><![CDATA[One or more child tests had errors]]></message>
        </failure>
        <test-suite type="TestSuite" id="1299" name="Tests" fullname="AshenThrone.Tests" runstate="Runnable" testcasecount="281" result="Failed" site="Child" start-time="2026-03-07 23:06:44Z" end-time="2026-03-07 23:06:44Z" duration="0.129334" total="281" passed="239" failed="41" inconclusive="0" skipped="1" asserts="0">
          <properties />
          <failure>
            <message><![CDATA[One or more child tests had errors]]></message>
          </failure>
          <test-suite type="TestSuite" id="1303" name="Alliance" fullname="AshenThrone.Tests.Alliance" runstate="Runnable" testcasecount="94" result="Failed" site="Child" start-time="2026-03-07 23:06:44Z" end-time="2026-03-07 23:06:44Z" duration="0.045268" total="94" passed="92" failed="2" inconclusive="0" skipped="0" asserts="0">
            <properties />
            <failure>
              <message><![CDATA[One or more child tests had errors]]></message>
            </failure>
            <test-suite type="TestFixture" id="1199" name="AllianceChatManagerTests" fullname="AshenThrone.Tests.Alliance.AllianceChatManagerTests" classname="AshenThrone.Tests.Alliance.AllianceChatManagerTests" runstate="Runnable" testcasecount="20" result="Failed" site="Child" start-time="2026-03-07 23:06:44Z" end-time="2026-03-07 23:06:44Z" duration="0.021331" total="20" passed="18" failed="2" inconclusive="0" skipped="0" asserts="0">
              <properties />
              <failure>
                <message><![CDATA[One or more child tests had errors]]></message>
              </failure>
              <test-case id="1218" name="ClearHistory_DoesNotAffectOtherChannels" fullname="AshenThrone.Tests.Alliance.AllianceChatManagerTests.ClearHistory_DoesNotAffectOtherChannels" methodname="ClearHistory_DoesNotAffectOtherChannels" classname="AshenThrone.Tests.Alliance.AllianceChatManagerTests" runstate="Runnable" seed="985751518" result="Passed" start-time="2026-03-07 23:06:44Z" end-time="2026-03-07 23:06:44Z" duration="0.006655" asserts="0">
                <properties>
                  <property name="retryIteration" value="0" />
                  <property name="repeatIteration" value="0" />
                </properties>
              </test-case>
              <test-case id="1217" name="ClearHistory_RemovesAllMessages_ForChannel" fullname="AshenThrone.Tests.Alliance.AllianceChatManagerTests.ClearHistory_RemovesAllMessages_ForChannel" methodname="ClearHistory_RemovesAllMessages_ForChannel" classname="AshenThrone.Tests.Alliance.AllianceChatManagerTests" runstate="Runnable" seed="1632554882" result="Passed" start-time="2026-03-07 23:06:44Z" end-time="2026-03-07 23:06:44Z" duration="0.000150" asserts="0">
                <properties>
                  <property name="retryIteration" value="0" />
                  <property name="repeatIteration" value="0" />
                </properties>
              </test-case>
              <test-case id="1216" name="GetHistory_ReturnsEmpty_WhenNoMessages" fullname="AshenThrone.Tests.Alliance.AllianceChatManagerTests.GetHistory_ReturnsEmpty_WhenNoMessages" methodname="GetHistory_ReturnsEmpty_WhenNoMessages" classname="AshenThrone.Tests.Alliance.AllianceChatManagerTests" runstate="Runnable" seed="465481352" result="Passed" start-time="2026-03-07 23:06:44Z" end-time="2026-03-07 23:06:44Z" duration="0.000096" asserts="0">
                <properties>
                  <property name="retryIteration" value="0" />
                  <property name="repeatIteration" value="0" />
                </properties>
              </test-case>
              <test-case id="1212" name="ReceiveMessage_AddsToHistory" fullname="AshenThrone.Tests.Alliance.AllianceChatManagerTests.ReceiveMessage_AddsToHistory" methodname="ReceiveMessage_AddsToHistory" classname="AshenThrone.Tests.Alliance.AllianceChatManagerTests" runstate="Runnable" seed="1589327586" result="Passed" start-time="2026-03-07 23:06:44Z" end-time="2026-03-07 23:06:44Z" duration="0.000089" asserts="0">
                <properties>
                  <property name="retryIteration" value="0" />
                  <property name="repeatIteration" value="0" />
                </properties>
              </test-case>
              <test-case id="1211" name="ReceiveMessage_DoesNotThrow_ForNullMessage" fullname="AshenThrone.Tests.Alliance.AllianceChatManagerTests.ReceiveMessage_DoesNotThrow_ForNullMessage" methodname="ReceiveMessage_DoesNotThrow_ForNullMessage" classname="AshenThrone.Tests.Alliance.AllianceChatManagerTests" runstate="Runnable" seed="1591906610" result="Passed" start-time="2026-03-07 23:06:44Z" end-time="2026-03-07 23:06:44Z" duration="0.000349" asserts="0">
                <properties>
                  <property name="retryIteration" value="0" />
                  <property name="repeatIteration" value="0" />
                </properties>
              </test-case>
              <test-case id="1214" name="ReceiveMessage_EvictsOldest_WhenHistoryFull" fullname="AshenThrone.Tests.Alliance.AllianceChatManagerTests.ReceiveMessage_EvictsOldest_WhenHistoryFull" methodname="ReceiveMessage_EvictsOldest_WhenHistoryFull" classname="AshenThrone.Tests.Alliance.AllianceChatManagerTests" runstate="Runnable" seed="1969565828" result="Passed" start-time="2026-03-07 23:06:44Z" end-time="2026-03-07 23:06:44Z" duration="0.000160" asserts="0">
                <properties>
                  <property name="retryIteration" value="0" />
                  <property name="repeatIteration" value="0" />
                </properties>
              </test-case>
              <test-case id="1213" name="ReceiveMessage_FiresOnMessageReceivedEvent" fullname="AshenThrone.Tests.Alliance.AllianceChatManagerTests.ReceiveMessage_FiresOnMessageReceivedEvent" methodname="ReceiveMessage_FiresOnMessageReceivedEvent" classname="AshenThrone.Tests.Alliance.AllianceChatManagerTests" runstate="Runnable" seed="187936790" result="Passed" start-time="2026-03-07 23:06:44Z" end-time="2026-03-07 23:06:44Z" duration="0.000228" asserts="0">
                <properties>
                  <property name="retryIteration" value="0" />
                  <property name="repeatIteration" value="0" />
                </properties>
              </test-case>
              <test-case id="1215" name="ReceiveMessage_OfficerMessages_StoreInOfficerChannel" fullname="AshenThrone.Tests.Alliance.AllianceChatManagerTests.ReceiveMessage_OfficerMessages_StoreInOfficerChannel" methodname="ReceiveMessage_OfficerMessages_StoreInOfficerChannel" classname="AshenThrone.Tests.Alliance.AllianceChatManagerTests" runstate="Runnable" seed="803066959" result="Passed" start-time="2026-03-07 23:06:44Z" end-time="2026-03-07 23:06:44Z" duration="0.000091" asserts="0">
                <properties>
                  <property name="retryIteration" value="0" />
                  <property name="repeatIteration" value="0" />
                </properties>
              </test-case>
              <test-case id="1203" name="Sanitizer_ClampsToMaxLength" fullname="AshenThrone.Tests.Alliance.AllianceChatManagerTests.Sanitizer_ClampsToMaxLength" methodname="Sanitizer_ClampsToMaxLength" classname="AshenThrone.Tests.Alliance.AllianceChatManagerTests" runstate="Runnable" seed="1046715323" result="Passed" start-time="2026-03-07 23:06:44Z" end-time="2026-03-07 23:06:44Z" duration="0.001576" asserts="0">
                <properties>
                  <property name="retryIteration" value="0" />
                  <property name="repeatIteration" value="0" />
                </properties>
              </test-case>
              <test-case id="1205" name="Sanitizer_ContainsViolation_ReturnsFalse_ForCleanText" fullname="AshenThrone.Tests.Alliance.AllianceChatManagerTests.Sanitizer_ContainsViolation_ReturnsFalse_ForCleanText" methodname="Sanitizer_ContainsViolation_ReturnsFalse_ForCleanText" classname="AshenThrone.Tests.Alliance.AllianceChatManagerTests" runstate="Runnable" seed="44548243" result="Passed" start-time="2026-03-07 23:06:44Z" end-time="2026-03-07 23:06:44Z" duration="0.000156" asserts="0">
                <properties>
                  <property name="retryIteration" value="0" />
                  <property name="repeatIteration" value="0" />
                </properties>
              </test-case>
              <test-case id="1206" name="Sanitizer_ContainsViolation_ReturnsTrue_ForHtmlTag" fullname="AshenThrone.Tests.Alliance.AllianceChatManagerTests.Sanitizer_ContainsViolation_ReturnsTrue_ForHtmlTag" methodname="Sanitizer_ContainsViolation_ReturnsTrue_ForHtmlTag" classname="AshenThrone.Tests.Alliance.AllianceChatManagerTests" runstate="Runnable" seed="1326511877" result="Passed" start-time="2026-03-07 23:06:44Z" end-time="2026-03-07 23:06:44Z" duration="0.000071" asserts="0">
                <properties>
                  <property name="retryIteration" value="0" />
                  <property name="repeatIteration" value="0" />
                </properties>
              </test-case>
              <test-case id="1202" name="Sanitizer_RemovesJavascriptProtocol" fullname="AshenThrone.Tests.Alliance.AllianceChatManagerTests.Sanitizer_RemovesJavascriptProtocol" methodname="Sanitizer_RemovesJavascriptProtocol" classname="AshenThrone.Tests.Alliance.AllianceChatManagerTests" runstate="Runnable" seed="894437353" result="Passed" start-time="2026-03-07 23:06:44Z" end-time="2026-03-07 23:06:44Z" duration="0.000226" asserts="0">
                <properties>
                  <property name="retryIteration" value="0" />
                  <property name="repeatIteration" value="0" />
                </properties>
              </test-case>
              <test-case id="1201" name="Sanitizer_RemovesSqlPatterns" fullname="AshenThrone.Tests.Alliance.AllianceChatManagerTests.Sanitizer_RemovesSqlPatterns" methodname="Sanitizer_RemovesSqlPatterns" classname="AshenThrone.Tests.Alliance.AllianceChatManagerTests" runstate="Runnable" seed="376490058" result="Passed" start-time="2026-03-07 23:06:44Z" end-time="2026-03-07 23:06:44Z" duration="0.000090" asserts="0">
                <properties>
                  <property name="retryIteration" value="0" />
                  <property name="repeatIteration" value="0" />
                </properties>
              </test-case>
              <test-case id="1204" name="Sanitizer_ReturnsEmpty_ForNullInput" fullname="AshenThrone.Tests.Alliance.AllianceChatManagerTests.Sanitizer_ReturnsEmpty_ForNullInput" methodname="Sanitizer_ReturnsEmpty_ForNullInput" classname="AshenThrone.Tests.Alliance.AllianceChatManagerTests" runstate="Runnable" seed="2001071049" result="Passed" start-time="2026-03-07 23:06:44Z" end-time="2026-03-07 23:06:44Z" duration="0.000085" asserts="0">
                <properties>
                  <property name="retryIteration" value="0" />
                  <property name="repeatIteration" value="0" />
                </properties>
              </test-case>
              <test-case id="1200" name="Sanitizer_StripHtmlTags" fullname="AshenThrone.Tests.Alliance.AllianceChatManagerTests.Sanitizer_StripHtmlTags" methodname="Sanitizer_StripHtmlTags" classname="AshenThrone.Tests.Alliance.AllianceChatManagerTests" runstate="Runnable" seed="1994229304" result="Passed" start-time="2026-03-07 23:06:44Z" end-time="2026-03-07 23:06:44Z" duration="0.000090" asserts="0">
                <properties>
                  <property name="retryIteration" value="0" />
                  <property name="repeatIteration" value="0" />
                </properties>
              </test-case>
              <test-case id="1219" name="SetSanitizer_ThrowsArgumentNull_WhenNull" fullname="AshenThrone.Tests.Alliance.AllianceChatManagerTests.SetSanitizer_ThrowsArgumentNull_WhenNull" methodname="SetSanitizer_ThrowsArgumentNull_WhenNull" classname="AshenThrone.Tests.Alliance.AllianceChatManagerTests" runstate="Runnable" seed="1364773583" result="Passed" start-time="2026-03-07 23:06:44Z" end-time="2026-03-07 23:06:44Z" duration="0.000492" asserts="0">
                <properties>
                  <property name="retryIteration" value="0" />
                  <property name="repeatIteration" value="0" />
                </properties>
              </test-case>
              <test-case id="1207" name="ValidateSend_ReturnsFalse_ForEmptyMessage" fullname="AshenThrone.Tests.Alliance.AllianceChatManagerTests.ValidateSend_ReturnsFalse_ForEmptyMessage" methodname="ValidateSend_ReturnsFalse_ForEmptyMessage" classname="AshenThrone.Tests.Alliance.AllianceChatManagerTests" runstate="Runnable" seed="53798912" result="Passed" start-time="2026-03-07 23:06:44Z" end-time="2026-03-07 23:06:44Z" duration="0.000811" asserts="0">
                <properties>
                  <property name="retryIteration" value="0" />
                  <property name="repeatIteration" value="0" />
                </properties>
              </test-case>
              <test-case id="1208" name="ValidateSend_ReturnsFalse_ForWhitespaceOnlyMessage" fullname="AshenThrone.Tests.Alliance.AllianceChatManagerTests.ValidateSend_ReturnsFalse_ForWhitespaceOnlyMessage" methodname="ValidateSend_ReturnsFalse_ForWhitespaceOnlyMessage" classname="AshenThrone.Tests.Alliance.AllianceChatManagerTests" runstate="Runnable" seed="311342005" result="Passed" start-time="2026-03-07 23:06:44Z" end-time="2026-03-07 23:06:44Z" duration="0.000085" asserts="0">
                <properties>
                  <property name="retryIteration" value="0" />
                  <property name="repeatIteration" value="0" />
                </properties>
              </test-case>
              <test-case id="1209" name="ValidateSend_ReturnsTrue_ForValidMessage" fullname="AshenThrone.Tests.Alliance.AllianceChatManagerTests.ValidateSend_ReturnsTrue_ForValidMessage" methodname="ValidateSend_ReturnsTrue_ForValidMessage" classname="AshenThrone.Tests.Alliance.AllianceChatManagerTests" runstate="Runnable" seed="1817625528" result="Failed" label="Error" start-time="2026-03-07 23:06:44Z" end-time="2026-03-07 23:06:44Z" duration="0.001750" asserts="0">
                <properties>
                  <property name="retryIteration" value="0" />
                  <property name="repeatIteration" value="0" />
                </properties>
                <failure>
                  <message><![CDATA[System.NullReferenceException : Object reference not set to an instance of an object]]></message>
                  <stack-trace><![CDATA[  at AshenThrone.Alliance.AllianceChatManager.ValidateSend (System.String rawBody, AshenThrone.Alliance.ChatChannel channel, System.String& sanitized, System.String& error) [0x00038] in /Users/tomterhune/ashen-throne/game/Assets/Scripts/Alliance/AllianceChatManager.cs:206 
  at AshenThrone.Tests.Alliance.AllianceChatManagerTests.ValidateSend_ReturnsTrue_ForValidMessage () [0x00000] in /Users/tomterhune/ashen-throne/game/Assets/Scripts/Tests/Alliance/AllianceChatManagerTests.cs:107 
  at (wrapper managed-to-native) System.Reflection.RuntimeMethodInfo.InternalInvoke(System.Reflection.RuntimeMethodInfo,object,object[],System.Exception&)
  at System.Reflection.RuntimeMethodInfo.Invoke (System.Object obj, System.Reflection.BindingFlags invokeAttr, System.Reflection.Binder binder, System.Object[] parameters, System.Globalization.CultureInfo culture) [0x0006a] in <c5eeda5e65d44b388e164c6c5cfe0702>:0 ]]></stack-trace>
                </failure>
              </test-case>
              <test-case id="1210" name="ValidateSend_SanitizesMessageBody" fullname="AshenThrone.Tests.Alliance.AllianceChatManagerTests.ValidateSend_SanitizesMessageBody" methodname="ValidateSend_SanitizesMessageBody" classname="AshenThrone.Tests.Alliance.AllianceChatManagerTests" runstate="Runnable" seed="1979981886" result="Failed" label="Error" start-time="2026-03-07 23:06:44Z" end-time="2026-03-07 23:06:44Z" duration="0.000157" asserts="0">
                <properties>
                  <property name="retryIteration" value="0" />
                  <property name="repeatIteration" value="0" />
                </properties>
                <failure>
                  <message><![CDATA[System.NullReferenceException : Object reference not set to an instance of an object]]></message>
                  <stack-trace><![CDATA[  at AshenThrone.Alliance.AllianceChatManager.ValidateSend (System.String rawBody, AshenThrone.Alliance.ChatChannel channel, System.String& sanitized, System.String& error) [0x00038] in /Users/tomterhune/ashen-throne/game/Assets/Scripts/Alliance/AllianceChatManager.cs:206 
  at AshenThrone.Tests.Alliance.AllianceChatManagerTests.ValidateSend_SanitizesMessageBody () [0x00000] in /Users/tomterhune/ashen-throne/game/Assets/Scripts/Tests/Alliance/AllianceChatManagerTests.cs:115 
  at (wrapper managed-to-native) System.Reflection.RuntimeMethodInfo.InternalInvoke(System.Reflection.RuntimeMethodInfo,object,object[],System.Exception&)
  at System.Reflection.RuntimeMethodInfo.Invoke (System.Object obj, System.Reflection.BindingFlags invokeAttr, System.Reflection.Binder binder, System.Object[] parameters, System.Globalization.CultureInfo culture) [0x0006a] in <c5eeda5e65d44b388e164c6c5cfe0702>:0 ]]></stack-trace>
                </failure>
              </test-case>
            </test-suite>
            <test-suite type="TestFixture" id="1220" name="AsyncPvpManagerTests" fullname="AshenThrone.Tests.Alliance.AsyncPvpManagerTests" classname="AshenThrone.Tests.Alliance.AsyncPvpManagerTests" runstate="Runnable" testcasecount="25" result="Passed" start-time="2026-03-07 23:06:44Z" end-time="2026-03-07 23:06:44Z" duration="0.009840" total="25" passed="25" failed="0" inconclusive="0" skipped="0" asserts="0">
              <properties />
              <test-case id="1245" name="CombatReplayData_IsHashValid_ReturnsFalse_WhenLoadoutsNull" fullname="AshenThrone.Tests.Alliance.AsyncPvpManagerTests.CombatReplayData_IsHashValid_ReturnsFalse_WhenLoadoutsNull" methodname="CombatReplayData_IsHashValid_ReturnsFalse_WhenLoadoutsNull" classname="AshenThrone.Tests.Alliance.AsyncPvpManagerTests" runstate="Runnable" seed="1079019704" result="Passed" start-time="2026-03-07 23:06:44Z" end-time="2026-03-07 23:06:44Z" duration="0.000295" asserts="0">
                <properties>
                  <property name="retryIteration" value="0" />
                  <property name="repeatIteration" value="0" />
                </properties>
              </test-case>
              <test-case id="1229" name="ComputeLoadoutHash_ReturnsDifferentHash_WhenHeroLevelChanges" fullname="AshenThrone.Tests.Alliance.AsyncPvpManagerTests.ComputeLoadoutHash_ReturnsDifferentHash_WhenHeroLevelChanges" methodname="ComputeLoadoutHash_ReturnsDifferentHash_WhenHeroLevelChanges" classname="AshenThrone.Tests.Alliance.AsyncPvpManagerTests" runstate="Runnable" seed="727467880" result="Passed" start-time="2026-03-07 23:06:44Z" end-time="2026-03-07 23:06:44Z" duration="0.001329" asserts="0">
                <properties>
                  <property name="retryIteration" value="0" />
                  <property name="repeatIteration" value="0" />
                </properties>
              </test-case>
              <test-case id="1230" name="ComputeLoadoutHash_ReturnsEmpty_ForNullLoadout" fullname="AshenThrone.Tests.Alliance.AsyncPvpManagerTests.ComputeLoadoutHash_ReturnsEmpty_ForNullLoadout" methodname="ComputeLoadoutHash_ReturnsEmpty_ForNullLoadout" classname="AshenThrone.Tests.Alliance.AsyncPvpManagerTests" runstate="Runnable" seed="870136947" result="Passed" start-time="2026-03-07 23:06:44Z" end-time="2026-03-07 23:06:44Z" duration="0.000070" asserts="0">
                <properties>
                  <property name="retryIteration" value="0" />
                  <property name="repeatIteration" value="0" />
                </properties>
              </test-case>
              <test-case id="1228" name="ComputeLoadoutHash_ReturnsSameHash_ForIdenticalLoadouts" fullname="AshenThrone.Tests.Alliance.AsyncPvpManagerTests.ComputeLoadoutHash_ReturnsSameHash_ForIdenticalLoadouts" methodname="ComputeLoadoutHash_ReturnsSameHash_ForIdenticalLoadouts" classname="AshenThrone.Tests.Alliance.AsyncPvpManagerTests" runstate="Runnable" seed="833154815" result="Passed" start-time="2026-03-07 23:06:44Z" end-time="2026-03-07 23:06:44Z" duration="0.000103" asserts="0">
                <properties>
                  <property name="retryIteration" value="0" />
                  <property name="repeatIteration" value="0" />
                </properties>
              </test-case>
              <test-case id="1233" name="ComputeReplayHash_Returns64CharHexString" fullname="AshenThrone.Tests.Alliance.AsyncPvpManagerTests.ComputeReplayHash_Returns64CharHexString" methodname="ComputeReplayHash_Returns64CharHexString" classname="AshenThrone.Tests.Alliance.AsyncPvpManagerTests" runstate="Runnable" seed="1921639495" result="Passed" start-time="2026-03-07 23:06:44Z" end-time="2026-03-07 23:06:44Z" duration="0.000160" asserts="0">
                <properties>
                  <property name="retryIteration" value="0" />
                  <property name="repeatIteration" value="0" />
                </properties>
              </test-case>
              <test-case id="1232" name="ComputeReplayHash_ReturnsDifferentHash_WhenOutcomeChanges" fullname="AshenThrone.Tests.Alliance.AsyncPvpManagerTests.ComputeReplayHash_ReturnsDifferentHash_WhenOutcomeChanges" methodname="ComputeReplayHash_ReturnsDifferentHash_WhenOutcomeChanges" classname="AshenThrone.Tests.Alliance.AsyncPvpManagerTests" runstate="Runnable" seed="35422171" result="Passed" start-time="2026-03-07 23:06:44Z" end-time="2026-03-07 23:06:44Z" duration="0.000082" asserts="0">
                <properties>
                  <property name="retryIteration" value="0" />
                  <property name="repeatIteration" value="0" />
                </properties>
              </test-case>
              <test-case id="1231" name="ComputeReplayHash_ReturnsSameHash_ForSameInputs" fullname="AshenThrone.Tests.Alliance.AsyncPvpManagerTests.ComputeReplayHash_ReturnsSameHash_ForSameInputs" methodname="ComputeReplayHash_ReturnsSameHash_ForSameInputs" classname="AshenThrone.Tests.Alliance.AsyncPvpManagerTests" runstate="Runnable" seed="1687960063" result="Passed" start-time="2026-03-07 23:06:44Z" end-time="2026-03-07 23:06:44Z" duration="0.000081" asserts="0">
                <properties>
                  <property name="retryIteration" value="0" />
                  <property name="repeatIteration" value="0" />
                </properties>
              </test-case>
              <test-case id="1244" name="GetReplay_ReturnsCorrectReplay_ByReplayId" fullname="AshenThrone.Tests.Alliance.AsyncPvpManagerTests.GetReplay_ReturnsCorrectReplay_ByReplayId" methodname="GetReplay_ReturnsCorrectReplay_ByReplayId" classname="AshenThrone.Tests.Alliance.AsyncPvpManagerTests" runstate="Runnable" seed="959499856" result="Passed" start-time="2026-03-07 23:06:44Z" end-time="2026-03-07 23:06:44Z" duration="0.000412" asserts="0">
                <properties>
                  <property name="retryIteration" value="0" />
                  <property name="repeatIteration" value="0" />
                </properties>
              </test-case>
              <test-case id="1243" name="GetReplay_ReturnsNull_ForNullId" fullname="AshenThrone.Tests.Alliance.AsyncPvpManagerTests.GetReplay_ReturnsNull_ForNullId" methodname="GetReplay_ReturnsNull_ForNullId" classname="AshenThrone.Tests.Alliance.AsyncPvpManagerTests" runstate="Runnable" seed="1231290622" result="Passed" start-time="2026-03-07 23:06:44Z" end-time="2026-03-07 23:06:44Z" duration="0.000091" asserts="0">
                <properties>
                  <property name="retryIteration" value="0" />
                  <property name="repeatIteration" value="0" />
                </properties>
              </test-case>
              <test-case id="1237" name="ReceiveReplay_AddsToHistory_WhenValid" fullname="AshenThrone.Tests.Alliance.AsyncPvpManagerTests.ReceiveReplay_AddsToHistory_WhenValid" methodname="ReceiveReplay_AddsToHistory_WhenValid" classname="AshenThrone.Tests.Alliance.AsyncPvpManagerTests" runstate="Runnable" seed="525306452" result="Passed" start-time="2026-03-07 23:06:44Z" end-time="2026-03-07 23:06:44Z" duration="0.000126" asserts="0">
                <properties>
                  <property name="retryIteration" value="0" />
                  <property name="repeatIteration" value="0" />
                </properties>
              </test-case>
              <test-case id="1238" name="ReceiveReplay_EvictsOldest_WhenHistoryFull" fullname="AshenThrone.Tests.Alliance.AsyncPvpManagerTests.ReceiveReplay_EvictsOldest_WhenHistoryFull" methodname="ReceiveReplay_EvictsOldest_WhenHistoryFull" classname="AshenThrone.Tests.Alliance.AsyncPvpManagerTests" runstate="Runnable" seed="1635689272" result="Passed" start-time="2026-03-07 23:06:44Z" end-time="2026-03-07 23:06:44Z" duration="0.001469" asserts="0">
                <properties>
                  <property name="retryIteration" value="0" />
                  <property name="repeatIteration" value="0" />
                </properties>
              </test-case>
              <test-case id="1239" name="ReceiveReplay_FiresOnReplayReceivedEvent" fullname="AshenThrone.Tests.Alliance.AsyncPvpManagerTests.ReceiveReplay_FiresOnReplayReceivedEvent" methodname="ReceiveReplay_FiresOnReplayReceivedEvent" classname="AshenThrone.Tests.Alliance.AsyncPvpManagerTests" runstate="Runnable" seed="473302992" result="Passed" start-time="2026-03-07 23:06:44Z" end-time="2026-03-07 23:06:44Z" duration="0.000150" asserts="0">
                <properties>
                  <property name="retryIteration" value="0" />
                  <property name="repeatIteration" value="0" />
                </properties>
              </test-case>
              <test-case id="1234" name="ReceiveReplay_ReturnsFalse_ForNullReplay" fullname="AshenThrone.Tests.Alliance.AsyncPvpManagerTests.ReceiveReplay_ReturnsFalse_ForNullReplay" methodname="ReceiveReplay_ReturnsFalse_ForNullReplay" classname="AshenThrone.Tests.Alliance.AsyncPvpManagerTests" runstate="Runnable" seed="220428163" result="Passed" start-time="2026-03-07 23:06:44Z" end-time="2026-03-07 23:06:44Z" duration="0.000064" asserts="0">
                <properties>
                  <property name="retryIteration" value="0" />
                  <property name="repeatIteration" value="0" />
                </properties>
              </test-case>
              <test-case id="1235" name="ReceiveReplay_ReturnsFalse_WhenHashInvalid" fullname="AshenThrone.Tests.Alliance.AsyncPvpManagerTests.ReceiveReplay_ReturnsFalse_WhenHashInvalid" methodname="ReceiveReplay_ReturnsFalse_WhenHashInvalid" classname="AshenThrone.Tests.Alliance.AsyncPvpManagerTests" runstate="Runnable" seed="611021266" result="Passed" start-time="2026-03-07 23:06:44Z" end-time="2026-03-07 23:06:44Z" duration="0.000728" asserts="0">
                <properties>
                  <property name="retryIteration" value="0" />
                  <property name="repeatIteration" value="0" />
                </properties>
                <output><![CDATA[[AsyncPvpManager] Replay test_replay_1 failed hash validation. Discarding.
[AsyncPvpManager] Replay test_replay_1 failed hash validation. Discarding.
]]></output>
              </test-case>
              <test-case id="1236" name="ReceiveReplay_ReturnsTrue_WhenHashValid" fullname="AshenThrone.Tests.Alliance.AsyncPvpManagerTests.ReceiveReplay_ReturnsTrue_WhenHashValid" methodname="ReceiveReplay_ReturnsTrue_WhenHashValid" classname="AshenThrone.Tests.Alliance.AsyncPvpManagerTests" runstate="Runnable" seed="454603221" result="Passed" start-time="2026-03-07 23:06:44Z" end-time="2026-03-07 23:06:44Z" duration="0.000102" asserts="0">
                <properties>
                  <property name="retryIteration" value="0" />
                  <property name="repeatIteration" value="0" />
                </properties>
              </test-case>
              <test-case id="1227" name="RecordLoadout_ComputesNonEmptyIntegrityHash" fullname="AshenThrone.Tests.Alliance.AsyncPvpManagerTests.RecordLoadout_ComputesNonEmptyIntegrityHash" methodname="RecordLoadout_ComputesNonEmptyIntegrityHash" classname="AshenThrone.Tests.Alliance.AsyncPvpManagerTests" runstate="Runnable" seed="946141970" result="Passed" start-time="2026-03-07 23:06:44Z" end-time="2026-03-07 23:06:44Z" duration="0.000261" asserts="0">
                <properties>
                  <property name="retryIteration" value="0" />
                  <property name="repeatIteration" value="0" />
                </properties>
              </test-case>
              <test-case id="1223" name="RecordLoadout_ReturnsFalse_WhenHeroListEmpty" fullname="AshenThrone.Tests.Alliance.AsyncPvpManagerTests.RecordLoadout_ReturnsFalse_WhenHeroListEmpty" methodname="RecordLoadout_ReturnsFalse_WhenHeroListEmpty" classname="AshenThrone.Tests.Alliance.AsyncPvpManagerTests" runstate="Runnable" seed="1420943830" result="Passed" start-time="2026-03-07 23:06:44Z" end-time="2026-03-07 23:06:44Z" duration="0.000359" asserts="0">
                <properties>
                  <property name="retryIteration" value="0" />
                  <property name="repeatIteration" value="0" />
                </properties>
                <output><![CDATA[[AsyncPvpManager] Loadout must contain 1–3 heroes.
[AsyncPvpManager] Loadout must contain 1–3 heroes.
]]></output>
              </test-case>
              <test-case id="1222" name="RecordLoadout_ReturnsFalse_WhenHeroListNull" fullname="AshenThrone.Tests.Alliance.AsyncPvpManagerTests.RecordLoadout_ReturnsFalse_WhenHeroListNull" methodname="RecordLoadout_ReturnsFalse_WhenHeroListNull" classname="AshenThrone.Tests.Alliance.AsyncPvpManagerTests" runstate="Runnable" seed="168252841" result="Passed" start-time="2026-03-07 23:06:44Z" end-time="2026-03-07 23:06:44Z" duration="0.000316" asserts="0">
                <properties>
                  <property name="retryIteration" value="0" />
                  <property name="repeatIteration" value="0" />
                </properties>
                <output><![CDATA[[AsyncPvpManager] Loadout must contain 1–3 heroes.
[AsyncPvpManager] Loadout must contain 1–3 heroes.
]]></output>
              </test-case>
              <test-case id="1221" name="RecordLoadout_ReturnsFalse_WhenOwnerIdEmpty" fullname="AshenThrone.Tests.Alliance.AsyncPvpManagerTests.RecordLoadout_ReturnsFalse_WhenOwnerIdEmpty" methodname="RecordLoadout_ReturnsFalse_WhenOwnerIdEmpty" classname="AshenThrone.Tests.Alliance.AsyncPvpManagerTests" runstate="Runnable" seed="819216821" result="Passed" start-time="2026-03-07 23:06:44Z" end-time="2026-03-07 23:06:44Z" duration="0.000317" asserts="0">
                <properties>
                  <property name="retryIteration" value="0" />
                  <property name="repeatIteration" value="0" />
                </properties>
                <output><![CDATA[[AsyncPvpManager] Cannot record loadout: ownerPlayFabId is null/empty.
[AsyncPvpManager] Cannot record loadout: ownerPlayFabId is null/empty.
]]></output>
              </test-case>
              <test-case id="1224" name="RecordLoadout_ReturnsFalse_WhenTooManyHeroes" fullname="AshenThrone.Tests.Alliance.AsyncPvpManagerTests.RecordLoadout_ReturnsFalse_WhenTooManyHeroes" methodname="RecordLoadout_ReturnsFalse_WhenTooManyHeroes" classname="AshenThrone.Tests.Alliance.AsyncPvpManagerTests" runstate="Runnable" seed="321522300" result="Passed" start-time="2026-03-07 23:06:44Z" end-time="2026-03-07 23:06:44Z" duration="0.000313" asserts="0">
                <properties>
                  <property name="retryIteration" value="0" />
                  <property name="repeatIteration" value="0" />
                </properties>
                <output><![CDATA[[AsyncPvpManager] Loadout must contain 1–3 heroes.
[AsyncPvpManager] Loadout must contain 1–3 heroes.
]]></output>
              </test-case>
              <test-case id="1225" name="RecordLoadout_ReturnsTrue_WithValidInput" fullname="AshenThrone.Tests.Alliance.AsyncPvpManagerTests.RecordLoadout_ReturnsTrue_WithValidInput" methodname="RecordLoadout_ReturnsTrue_WithValidInput" classname="AshenThrone.Tests.Alliance.AsyncPvpManagerTests" runstate="Runnable" seed="2029774043" result="Passed" start-time="2026-03-07 23:06:44Z" end-time="2026-03-07 23:06:44Z" duration="0.000070" asserts="0">
                <properties>
                  <property name="retryIteration" value="0" />
                  <property name="repeatIteration" value="0" />
                </properties>
              </test-case>
              <test-case id="1226" name="RecordLoadout_SetsLocalLoadout" fullname="AshenThrone.Tests.Alliance.AsyncPvpManagerTests.RecordLoadout_SetsLocalLoadout" methodname="RecordLoadout_SetsLocalLoadout" classname="AshenThrone.Tests.Alliance.AsyncPvpManagerTests" runstate="Runnable" seed="1937949988" result="Passed" start-time="2026-03-07 23:06:44Z" end-time="2026-03-07 23:06:44Z" duration="0.000092" asserts="0">
                <properties>
                  <property name="retryIteration" value="0" />
                  <property name="repeatIteration" value="0" />
                </properties>
              </test-case>
              <test-case id="1241" name="RequestAttack_ReturnsNonNullRequestId_WhenLoadoutRecorded" fullname="AshenThrone.Tests.Alliance.AsyncPvpManagerTests.RequestAttack_ReturnsNonNullRequestId_WhenLoadoutRecorded" methodname="RequestAttack_ReturnsNonNullRequestId_WhenLoadoutRecorded" classname="AshenThrone.Tests.Alliance.AsyncPvpManagerTests" runstate="Runnable" seed="478414309" result="Passed" start-time="2026-03-07 23:06:44Z" end-time="2026-03-07 23:06:44Z" duration="0.000216" asserts="0">
                <properties>
                  <property name="retryIteration" value="0" />
                  <property name="repeatIteration" value="0" />
                </properties>
              </test-case>
              <test-case id="1242" name="RequestAttack_ReturnsNull_WhenAttackerIdEmpty" fullname="AshenThrone.Tests.Alliance.AsyncPvpManagerTests.RequestAttack_ReturnsNull_WhenAttackerIdEmpty" methodname="RequestAttack_ReturnsNull_WhenAttackerIdEmpty" classname="AshenThrone.Tests.Alliance.AsyncPvpManagerTests" runstate="Runnable" seed="913670196" result="Passed" start-time="2026-03-07 23:06:44Z" end-time="2026-03-07 23:06:44Z" duration="0.000080" asserts="0">
                <properties>
                  <property name="retryIteration" value="0" />
                  <property name="repeatIteration" value="0" />
                </properties>
              </test-case>
              <test-case id="1240" name="RequestAttack_ReturnsNull_WhenNoLoadoutRecorded" fullname="AshenThrone.Tests.Alliance.AsyncPvpManagerTests.RequestAttack_ReturnsNull_WhenNoLoadoutRecorded" methodname="RequestAttack_ReturnsNull_WhenNoLoadoutRecorded" classname="AshenThrone.Tests.Alliance.AsyncPvpManagerTests" runstate="Runnable" seed="885288430" result="Passed" start-time="2026-03-07 23:06:44Z" end-time="2026-03-07 23:06:44Z" duration="0.000304" asserts="0">
                <properties>
                  <property name="retryIteration" value="0" />
                  <property name="repeatIteration" value="0" />
                </properties>
                <output><![CDATA[[AsyncPvpManager] Cannot attack: local loadout not recorded.
[AsyncPvpManager] Cannot attack: local loadout not recorded.
]]></output>
              </test-case>
            </test-suite>
            <test-suite type="TestFixture" id="1246" name="TerritorySystemTests" fullname="AshenThrone.Tests.Alliance.TerritorySystemTests" classname="AshenThrone.Tests.Alliance.TerritorySystemTests" runstate="Runnable" testcasecount="23" result="Passed" start-time="2026-03-07 23:06:44Z" end-time="2026-03-07 23:06:44Z" duration="0.007421" total="23" passed="23" failed="0" inconclusive="0" skipped="0" asserts="0">
              <properties />
              <test-case id="1260" name="ApplyCapture_ChangesOwnership" fullname="AshenThrone.Tests.Alliance.TerritorySystemTests.ApplyCapture_ChangesOwnership" methodname="ApplyCapture_ChangesOwnership" classname="AshenThrone.Tests.Alliance.TerritorySystemTests" runstate="Runnable" seed="191573370" result="Passed" start-time="2026-03-07 23:06:44Z" end-time="2026-03-07 23:06:44Z" duration="0.002242" asserts="0">
                <properties>
                  <property name="retryIteration" value="0" />
                  <property name="repeatIteration" value="0" />
                </properties>
              </test-case>
              <test-case id="1261" name="ApplyCapture_UpdatesAllianceIndexes" fullname="AshenThrone.Tests.Alliance.TerritorySystemTests.ApplyCapture_UpdatesAllianceIndexes" methodname="ApplyCapture_UpdatesAllianceIndexes" classname="AshenThrone.Tests.Alliance.TerritorySystemTests" runstate="Runnable" seed="1835917006" result="Passed" start-time="2026-03-07 23:06:44Z" end-time="2026-03-07 23:06:44Z" duration="0.000168" asserts="0">
                <properties>
                  <property name="retryIteration" value="0" />
                  <property name="repeatIteration" value="0" />
                </properties>
              </test-case>
              <test-case id="1262" name="AreAdjacent_AdjacentHexes_ReturnsTrue" fullname="AshenThrone.Tests.Alliance.TerritorySystemTests.AreAdjacent_AdjacentHexes_ReturnsTrue" methodname="AreAdjacent_AdjacentHexes_ReturnsTrue" classname="AshenThrone.Tests.Alliance.TerritorySystemTests" runstate="Runnable" seed="1490778677" result="Passed" start-time="2026-03-07 23:06:44Z" end-time="2026-03-07 23:06:44Z" duration="0.000216" asserts="0">
                <properties>
                  <property name="retryIteration" value="0" />
                  <property name="repeatIteration" value="0" />
                </properties>
              </test-case>
              <test-case id="1263" name="AreAdjacent_NonAdjacentHexes_ReturnsFalse" fullname="AshenThrone.Tests.Alliance.TerritorySystemTests.AreAdjacent_NonAdjacentHexes_ReturnsFalse" methodname="AreAdjacent_NonAdjacentHexes_ReturnsFalse" classname="AshenThrone.Tests.Alliance.TerritorySystemTests" runstate="Runnable" seed="1669864075" result="Passed" start-time="2026-03-07 23:06:44Z" end-time="2026-03-07 23:06:44Z" duration="0.000135" asserts="0">
                <properties>
                  <property name="retryIteration" value="0" />
                  <property name="repeatIteration" value="0" />
                </properties>
              </test-case>
              <test-case id="1258" name="GetTerritoryCount_ReturnsCorrectCount_AfterLoad" fullname="AshenThrone.Tests.Alliance.TerritorySystemTests.GetTerritoryCount_ReturnsCorrectCount_AfterLoad" methodname="GetTerritoryCount_ReturnsCorrectCount_AfterLoad" classname="AshenThrone.Tests.Alliance.TerritorySystemTests" runstate="Runnable" seed="1584672859" result="Passed" start-time="2026-03-07 23:06:44Z" end-time="2026-03-07 23:06:44Z" duration="0.000161" asserts="0">
                <properties>
                  <property name="retryIteration" value="0" />
                  <property name="repeatIteration" value="0" />
                </properties>
              </test-case>
              <test-case id="1259" name="GetTerritoryCount_ReturnsZero_ForUnknownAlliance" fullname="AshenThrone.Tests.Alliance.TerritorySystemTests.GetTerritoryCount_ReturnsZero_ForUnknownAlliance" methodname="GetTerritoryCount_ReturnsZero_ForUnknownAlliance" classname="AshenThrone.Tests.Alliance.TerritorySystemTests" runstate="Runnable" seed="1850806508" result="Passed" start-time="2026-03-07 23:06:44Z" end-time="2026-03-07 23:06:44Z" duration="0.000092" asserts="0">
                <properties>
                  <property name="retryIteration" value="0" />
                  <property name="repeatIteration" value="0" />
                </properties>
              </test-case>
              <test-case id="1247" name="HexCoord_Distance_AdjacentCells_ReturnsOne" fullname="AshenThrone.Tests.Alliance.TerritorySystemTests.HexCoord_Distance_AdjacentCells_ReturnsOne" methodname="HexCoord_Distance_AdjacentCells_ReturnsOne" classname="AshenThrone.Tests.Alliance.TerritorySystemTests" runstate="Runnable" seed="1818167529" result="Passed" start-time="2026-03-07 23:06:44Z" end-time="2026-03-07 23:06:44Z" duration="0.000099" asserts="0">
                <properties>
                  <property name="retryIteration" value="0" />
                  <property name="repeatIteration" value="0" />
                </properties>
              </test-case>
              <test-case id="1248" name="HexCoord_Distance_SameCell_ReturnsZero" fullname="AshenThrone.Tests.Alliance.TerritorySystemTests.HexCoord_Distance_SameCell_ReturnsZero" methodname="HexCoord_Distance_SameCell_ReturnsZero" classname="AshenThrone.Tests.Alliance.TerritorySystemTests" runstate="Runnable" seed="189866207" result="Passed" start-time="2026-03-07 23:06:44Z" end-time="2026-03-07 23:06:44Z" duration="0.000092" asserts="0">
                <properties>
                  <property name="retryIteration" value="0" />
                  <property name="repeatIteration" value="0" />
                </properties>
              </test-case>
              <test-case id="1249" name="HexCoord_Distance_TwoCellsApart_ReturnsTwo" fullname="AshenThrone.Tests.Alliance.TerritorySystemTests.HexCoord_Distance_TwoCellsApart_ReturnsTwo" methodname="HexCoord_Distance_TwoCellsApart_ReturnsTwo" classname="AshenThrone.Tests.Alliance.TerritorySystemTests" runstate="Runnable" seed="966954382" result="Passed" start-time="2026-03-07 23:06:44Z" end-time="2026-03-07 23:06:44Z" duration="0.000095" asserts="0">
                <properties>
                  <property name="retryIteration" value="0" />
                  <property name="repeatIteration" value="0" />
                </properties>
              </test-case>
              <test-case id="1252" name="HexCoord_Equality_DifferentValues_NotEqual" fullname="AshenThrone.Tests.Alliance.TerritorySystemTests.HexCoord_Equality_DifferentValues_NotEqual" methodname="HexCoord_Equality_DifferentValues_NotEqual" classname="AshenThrone.Tests.Alliance.TerritorySystemTests" runstate="Runnable" seed="40211556" result="Passed" start-time="2026-03-07 23:06:44Z" end-time="2026-03-07 23:06:44Z" duration="0.000577" asserts="0">
                <properties>
                  <property name="retryIteration" value="0" />
                  <property name="repeatIteration" value="0" />
                </properties>
              </test-case>
              <test-case id="1251" name="HexCoord_Equality_SameValues_AreEqual" fullname="AshenThrone.Tests.Alliance.TerritorySystemTests.HexCoord_Equality_SameValues_AreEqual" methodname="HexCoord_Equality_SameValues_AreEqual" classname="AshenThrone.Tests.Alliance.TerritorySystemTests" runstate="Runnable" seed="1446279272" result="Passed" start-time="2026-03-07 23:06:44Z" end-time="2026-03-07 23:06:44Z" duration="0.000098" asserts="0">
                <properties>
                  <property name="retryIteration" value="0" />
                  <property name="repeatIteration" value="0" />
                </properties>
              </test-case>
              <test-case id="1250" name="HexCoord_Neighbors_ReturnsExactlySix" fullname="AshenThrone.Tests.Alliance.TerritorySystemTests.HexCoord_Neighbors_ReturnsExactlySix" methodname="HexCoord_Neighbors_ReturnsExactlySix" classname="AshenThrone.Tests.Alliance.TerritorySystemTests" runstate="Runnable" seed="1346020573" result="Passed" start-time="2026-03-07 23:06:44Z" end-time="2026-03-07 23:06:44Z" duration="0.000129" asserts="0">
                <properties>
                  <property name="retryIteration" value="0" />
                  <property name="repeatIteration" value="0" />
                </properties>
              </test-case>
              <test-case id="1255" name="InitializeMap_IgnoresNullEntries" fullname="AshenThrone.Tests.Alliance.TerritorySystemTests.InitializeMap_IgnoresNullEntries" methodname="InitializeMap_IgnoresNullEntries" classname="AshenThrone.Tests.Alliance.TerritorySystemTests" runstate="Runnable" seed="296079577" result="Passed" start-time="2026-03-07 23:06:44Z" end-time="2026-03-07 23:06:44Z" duration="0.000216" asserts="0">
                <properties>
                  <property name="retryIteration" value="0" />
                  <property name="repeatIteration" value="0" />
                </properties>
              </test-case>
              <test-case id="1254" name="InitializeMap_PopulatesRegions" fullname="AshenThrone.Tests.Alliance.TerritorySystemTests.InitializeMap_PopulatesRegions" methodname="InitializeMap_PopulatesRegions" classname="AshenThrone.Tests.Alliance.TerritorySystemTests" runstate="Runnable" seed="834601395" result="Passed" start-time="2026-03-07 23:06:44Z" end-time="2026-03-07 23:06:44Z" duration="0.000111" asserts="0">
                <properties>
                  <property name="retryIteration" value="0" />
                  <property name="repeatIteration" value="0" />
                </properties>
              </test-case>
              <test-case id="1253" name="InitializeMap_Throws_WhenRegionsIsNull" fullname="AshenThrone.Tests.Alliance.TerritorySystemTests.InitializeMap_Throws_WhenRegionsIsNull" methodname="InitializeMap_Throws_WhenRegionsIsNull" classname="AshenThrone.Tests.Alliance.TerritorySystemTests" runstate="Runnable" seed="821430916" result="Passed" start-time="2026-03-07 23:06:44Z" end-time="2026-03-07 23:06:44Z" duration="0.000122" asserts="0">
                <properties>
                  <property name="retryIteration" value="0" />
                  <property name="repeatIteration" value="0" />
                </properties>
              </test-case>
              <test-case id="1264" name="IsAttackable_ReturnsFalse_WhenAllianceOwnsRegion" fullname="AshenThrone.Tests.Alliance.TerritorySystemTests.IsAttackable_ReturnsFalse_WhenAllianceOwnsRegion" methodname="IsAttackable_ReturnsFalse_WhenAllianceOwnsRegion" classname="AshenThrone.Tests.Alliance.TerritorySystemTests" runstate="Runnable" seed="858655670" result="Passed" start-time="2026-03-07 23:06:44Z" end-time="2026-03-07 23:06:44Z" duration="0.000198" asserts="0">
                <properties>
                  <property name="retryIteration" value="0" />
                  <property name="repeatIteration" value="0" />
                </properties>
              </test-case>
              <test-case id="1265" name="IsAttackable_ReturnsFalse_WhenNoAdjacentOwnedRegion" fullname="AshenThrone.Tests.Alliance.TerritorySystemTests.IsAttackable_ReturnsFalse_WhenNoAdjacentOwnedRegion" methodname="IsAttackable_ReturnsFalse_WhenNoAdjacentOwnedRegion" classname="AshenThrone.Tests.Alliance.TerritorySystemTests" runstate="Runnable" seed="506507354" result="Passed" start-time="2026-03-07 23:06:44Z" end-time="2026-03-07 23:06:44Z" duration="0.000164" asserts="0">
                <properties>
                  <property name="retryIteration" value="0" />
                  <property name="repeatIteration" value="0" />
                </properties>
              </test-case>
              <test-case id="1266" name="IsAttackable_ReturnsTrue_WhenAdjacentOwnedRegionExists" fullname="AshenThrone.Tests.Alliance.TerritorySystemTests.IsAttackable_ReturnsTrue_WhenAdjacentOwnedRegionExists" methodname="IsAttackable_ReturnsTrue_WhenAdjacentOwnedRegionExists" classname="AshenThrone.Tests.Alliance.TerritorySystemTests" runstate="Runnable" seed="2029221465" result="Passed" start-time="2026-03-07 23:06:44Z" end-time="2026-03-07 23:06:44Z" duration="0.000144" asserts="0">
                <properties>
                  <property name="retryIteration" value="0" />
                  <property name="repeatIteration" value="0" />
                </properties>
              </test-case>
              <test-case id="1257" name="LoadFromServerData_NeutralRegions_HaveNullOwner" fullname="AshenThrone.Tests.Alliance.TerritorySystemTests.LoadFromServerData_NeutralRegions_HaveNullOwner" methodname="LoadFromServerData_NeutralRegions_HaveNullOwner" classname="AshenThrone.Tests.Alliance.TerritorySystemTests" runstate="Runnable" seed="1071362938" result="Passed" start-time="2026-03-07 23:06:44Z" end-time="2026-03-07 23:06:44Z" duration="0.000122" asserts="0">
                <properties>
                  <property name="retryIteration" value="0" />
                  <property name="repeatIteration" value="0" />
                </properties>
              </test-case>
              <test-case id="1256" name="LoadFromServerData_SetsOwnership" fullname="AshenThrone.Tests.Alliance.TerritorySystemTests.LoadFromServerData_SetsOwnership" methodname="LoadFromServerData_SetsOwnership" classname="AshenThrone.Tests.Alliance.TerritorySystemTests" runstate="Runnable" seed="14014083" result="Passed" start-time="2026-03-07 23:06:44Z" end-time="2026-03-07 23:06:44Z" duration="0.000126" asserts="0">
                <properties>
                  <property name="retryIteration" value="0" />
                  <property name="repeatIteration" value="0" />
                </properties>
              </test-case>
              <test-case id="1269" name="TerritoryRegion_TakeFortificationDamage_DoesNotGoBelowZero" fullname="AshenThrone.Tests.Alliance.TerritorySystemTests.TerritoryRegion_TakeFortificationDamage_DoesNotGoBelowZero" methodname="TerritoryRegion_TakeFortificationDamage_DoesNotGoBelowZero" classname="AshenThrone.Tests.Alliance.TerritorySystemTests" runstate="Runnable" seed="1968756258" result="Passed" start-time="2026-03-07 23:06:44Z" end-time="2026-03-07 23:06:44Z" duration="0.000131" asserts="0">
                <properties>
                  <property name="retryIteration" value="0" />
                  <property name="repeatIteration" value="0" />
                </properties>
              </test-case>
              <test-case id="1267" name="TerritoryRegion_TakeFortificationDamage_ReducesHp" fullname="AshenThrone.Tests.Alliance.TerritorySystemTests.TerritoryRegion_TakeFortificationDamage_ReducesHp" methodname="TerritoryRegion_TakeFortificationDamage_ReducesHp" classname="AshenThrone.Tests.Alliance.TerritorySystemTests" runstate="Runnable" seed="1103457185" result="Passed" start-time="2026-03-07 23:06:44Z" end-time="2026-03-07 23:06:44Z" duration="0.000091" asserts="0">
                <properties>
                  <property name="retryIteration" value="0" />
                  <property name="repeatIteration" value="0" />
                </properties>
              </test-case>
              <test-case id="1268" name="TerritoryRegion_TakeFortificationDamage_ReturnsTrue_WhenDestroyed" fullname="AshenThrone.Tests.Alliance.TerritorySystemTests.TerritoryRegion_TakeFortificationDamage_ReturnsTrue_WhenDestroyed" methodname="TerritoryRegion_TakeFortificationDamage_ReturnsTrue_WhenDestroyed" classname="AshenThrone.Tests.Alliance.TerritorySystemTests" runstate="Runnable" seed="1684646563" result="Passed" start-time="2026-03-07 23:06:44Z" end-time="2026-03-07 23:06:44Z" duration="0.000094" asserts="0">
                <properties>
                  <property name="retryIteration" value="0" />
                  <property name="repeatIteration" value="0" />
                </properties>
              </test-case>
            </test-suite>
            <test-suite type="TestFixture" id="1270" name="WarEngineTests" fullname="AshenThrone.Tests.Alliance.WarEngineTests" classname="AshenThrone.Tests.Alliance.WarEngineTests" runstate="Runnable" testcasecount="26" result="Passed" start-time="2026-03-07 23:06:44Z" end-time="2026-03-07 23:06:44Z" duration="0.005298" total="26" passed="26" failed="0" inconclusive="0" skipped="0" asserts="0">
              <properties />
              <test-case id="1274" name="ComputeAttackerPower_MultipleAttackers_GreaterThanSum" fullname="AshenThrone.Tests.Alliance.WarEngineTests.ComputeAttackerPower_MultipleAttackers_GreaterThanSum" methodname="ComputeAttackerPower_MultipleAttackers_GreaterThanSum" classname="AshenThrone.Tests.Alliance.WarEngineTests" runstate="Runnable" seed="1639991653" result="Passed" start-time="2026-03-07 23:06:44Z" end-time="2026-03-07 23:06:44Z" duration="0.000398" asserts="0">
                <properties>
                  <property name="retryIteration" value="0" />
                  <property name="repeatIteration" value="0" />
                </properties>
              </test-case>
              <test-case id="1275" name="ComputeAttackerPower_NegativeScores_ClampedToZero" fullname="AshenThrone.Tests.Alliance.WarEngineTests.ComputeAttackerPower_NegativeScores_ClampedToZero" methodname="ComputeAttackerPower_NegativeScores_ClampedToZero" classname="AshenThrone.Tests.Alliance.WarEngineTests" runstate="Runnable" seed="745362930" result="Passed" start-time="2026-03-07 23:06:44Z" end-time="2026-03-07 23:06:44Z" duration="0.000070" asserts="0">
                <properties>
                  <property name="retryIteration" value="0" />
                  <property name="repeatIteration" value="0" />
                </properties>
              </test-case>
              <test-case id="1271" name="ComputeAttackerPower_ReturnsZero_ForEmptyList" fullname="AshenThrone.Tests.Alliance.WarEngineTests.ComputeAttackerPower_ReturnsZero_ForEmptyList" methodname="ComputeAttackerPower_ReturnsZero_ForEmptyList" classname="AshenThrone.Tests.Alliance.WarEngineTests" runstate="Runnable" seed="662986149" result="Passed" start-time="2026-03-07 23:06:44Z" end-time="2026-03-07 23:06:44Z" duration="0.000039" asserts="0">
                <properties>
                  <property name="retryIteration" value="0" />
                  <property name="repeatIteration" value="0" />
                </properties>
              </test-case>
              <test-case id="1272" name="ComputeAttackerPower_ReturnsZero_ForNullList" fullname="AshenThrone.Tests.Alliance.WarEngineTests.ComputeAttackerPower_ReturnsZero_ForNullList" methodname="ComputeAttackerPower_ReturnsZero_ForNullList" classname="AshenThrone.Tests.Alliance.WarEngineTests" runstate="Runnable" seed="26880752" result="Passed" start-time="2026-03-07 23:06:44Z" end-time="2026-03-07 23:06:44Z" duration="0.000034" asserts="0">
                <properties>
                  <property name="retryIteration" value="0" />
                  <property name="repeatIteration" value="0" />
                </properties>
              </test-case>
              <test-case id="1273" name="ComputeAttackerPower_SingleAttacker_ReturnBasePower" fullname="AshenThrone.Tests.Alliance.WarEngineTests.ComputeAttackerPower_SingleAttacker_ReturnBasePower" methodname="ComputeAttackerPower_SingleAttacker_ReturnBasePower" classname="AshenThrone.Tests.Alliance.WarEngineTests" runstate="Runnable" seed="1566740470" result="Passed" start-time="2026-03-07 23:06:44Z" end-time="2026-03-07 23:06:44Z" duration="0.000047" asserts="0">
                <properties>
                  <property name="retryIteration" value="0" />
                  <property name="repeatIteration" value="0" />
                </properties>
              </test-case>
              <test-case id="1282" name="ComputeResultHash_Returns64CharHexString" fullname="AshenThrone.Tests.Alliance.WarEngineTests.ComputeResultHash_Returns64CharHexString" methodname="ComputeResultHash_Returns64CharHexString" classname="AshenThrone.Tests.Alliance.WarEngineTests" runstate="Runnable" seed="1289752405" result="Passed" start-time="2026-03-07 23:06:44Z" end-time="2026-03-07 23:06:44Z" duration="0.000251" asserts="0">
                <properties>
                  <property name="retryIteration" value="0" />
                  <property name="repeatIteration" value="0" />
                </properties>
              </test-case>
              <test-case id="1281" name="ComputeResultHash_ReturnsDifferentHash_ForDifferentOutcomes" fullname="AshenThrone.Tests.Alliance.WarEngineTests.ComputeResultHash_ReturnsDifferentHash_ForDifferentOutcomes" methodname="ComputeResultHash_ReturnsDifferentHash_ForDifferentOutcomes" classname="AshenThrone.Tests.Alliance.WarEngineTests" runstate="Runnable" seed="1189304874" result="Passed" start-time="2026-03-07 23:06:44Z" end-time="2026-03-07 23:06:44Z" duration="0.000051" asserts="0">
                <properties>
                  <property name="retryIteration" value="0" />
                  <property name="repeatIteration" value="0" />
                </properties>
              </test-case>
              <test-case id="1280" name="ComputeResultHash_ReturnsSameHash_ForSameInputs" fullname="AshenThrone.Tests.Alliance.WarEngineTests.ComputeResultHash_ReturnsSameHash_ForSameInputs" methodname="ComputeResultHash_ReturnsSameHash_ForSameInputs" classname="AshenThrone.Tests.Alliance.WarEngineTests" runstate="Runnable" seed="1322199573" result="Passed" start-time="2026-03-07 23:06:44Z" end-time="2026-03-07 23:06:44Z" duration="0.000045" asserts="0">
                <properties>
                  <property name="retryIteration" value="0" />
                  <property name="repeatIteration" value="0" />
                </properties>
              </test-case>
              <test-case id="1292" name="RallyAttack_Cancel_SetsStateToCancelled" fullname="AshenThrone.Tests.Alliance.WarEngineTests.RallyAttack_Cancel_SetsStateToCancelled" methodname="RallyAttack_Cancel_SetsStateToCancelled" classname="AshenThrone.Tests.Alliance.WarEngineTests" runstate="Runnable" seed="1680859512" result="Passed" start-time="2026-03-07 23:06:44Z" end-time="2026-03-07 23:06:44Z" duration="0.000210" asserts="0">
                <properties>
                  <property name="retryIteration" value="0" />
                  <property name="repeatIteration" value="0" />
                </properties>
              </test-case>
              <test-case id="1286" name="RallyAttack_OrganizerAutoJoins" fullname="AshenThrone.Tests.Alliance.WarEngineTests.RallyAttack_OrganizerAutoJoins" methodname="RallyAttack_OrganizerAutoJoins" classname="AshenThrone.Tests.Alliance.WarEngineTests" runstate="Runnable" seed="2121701597" result="Passed" start-time="2026-03-07 23:06:44Z" end-time="2026-03-07 23:06:44Z" duration="0.001046" asserts="0">
                <properties>
                  <property name="retryIteration" value="0" />
                  <property name="repeatIteration" value="0" />
                </properties>
              </test-case>
              <test-case id="1285" name="RallyAttack_ThrowsArgumentException_WhenRallyIdEmpty" fullname="AshenThrone.Tests.Alliance.WarEngineTests.RallyAttack_ThrowsArgumentException_WhenRallyIdEmpty" methodname="RallyAttack_ThrowsArgumentException_WhenRallyIdEmpty" classname="AshenThrone.Tests.Alliance.WarEngineTests" runstate="Runnable" seed="236359592" result="Passed" start-time="2026-03-07 23:06:44Z" end-time="2026-03-07 23:06:44Z" duration="0.000196" asserts="0">
                <properties>
                  <property name="retryIteration" value="0" />
                  <property name="repeatIteration" value="0" />
                </properties>
              </test-case>
              <test-case id="1287" name="RallyAttack_TryJoin_AddsMember_WhenRecruitingAndNotFull" fullname="AshenThrone.Tests.Alliance.WarEngineTests.RallyAttack_TryJoin_AddsMember_WhenRecruitingAndNotFull" methodname="RallyAttack_TryJoin_AddsMember_WhenRecruitingAndNotFull" classname="AshenThrone.Tests.Alliance.WarEngineTests" runstate="Runnable" seed="1114457253" result="Passed" start-time="2026-03-07 23:06:44Z" end-time="2026-03-07 23:06:44Z" duration="0.000082" asserts="0">
                <properties>
                  <property name="retryIteration" value="0" />
                  <property name="repeatIteration" value="0" />
                </properties>
              </test-case>
              <test-case id="1293" name="RallyAttack_TryJoin_ReturnsFalse_AfterCancelled" fullname="AshenThrone.Tests.Alliance.WarEngineTests.RallyAttack_TryJoin_ReturnsFalse_AfterCancelled" methodname="RallyAttack_TryJoin_ReturnsFalse_AfterCancelled" classname="AshenThrone.Tests.Alliance.WarEngineTests" runstate="Runnable" seed="1050797411" result="Passed" start-time="2026-03-07 23:06:44Z" end-time="2026-03-07 23:06:44Z" duration="0.000045" asserts="0">
                <properties>
                  <property name="retryIteration" value="0" />
                  <property name="repeatIteration" value="0" />
                </properties>
              </test-case>
              <test-case id="1289" name="RallyAttack_TryJoin_ReturnsFalse_WhenAlreadyJoined" fullname="AshenThrone.Tests.Alliance.WarEngineTests.RallyAttack_TryJoin_ReturnsFalse_WhenAlreadyJoined" methodname="RallyAttack_TryJoin_ReturnsFalse_WhenAlreadyJoined" classname="AshenThrone.Tests.Alliance.WarEngineTests" runstate="Runnable" seed="759722385" result="Passed" start-time="2026-03-07 23:06:44Z" end-time="2026-03-07 23:06:44Z" duration="0.000036" asserts="0">
                <properties>
                  <property name="retryIteration" value="0" />
                  <property name="repeatIteration" value="0" />
                </properties>
              </test-case>
              <test-case id="1288" name="RallyAttack_TryJoin_ReturnsFalse_WhenFull" fullname="AshenThrone.Tests.Alliance.WarEngineTests.RallyAttack_TryJoin_ReturnsFalse_WhenFull" methodname="RallyAttack_TryJoin_ReturnsFalse_WhenFull" classname="AshenThrone.Tests.Alliance.WarEngineTests" runstate="Runnable" seed="2137783694" result="Passed" start-time="2026-03-07 23:06:44Z" end-time="2026-03-07 23:06:44Z" duration="0.000035" asserts="0">
                <properties>
                  <property name="retryIteration" value="0" />
                  <property name="repeatIteration" value="0" />
                </properties>
              </test-case>
              <test-case id="1290" name="RallyAttack_TryLaunch_ReturnsFalse_WhenBelowMinAttackers" fullname="AshenThrone.Tests.Alliance.WarEngineTests.RallyAttack_TryLaunch_ReturnsFalse_WhenBelowMinAttackers" methodname="RallyAttack_TryLaunch_ReturnsFalse_WhenBelowMinAttackers" classname="AshenThrone.Tests.Alliance.WarEngineTests" runstate="Runnable" seed="1951946931" result="Passed" start-time="2026-03-07 23:06:44Z" end-time="2026-03-07 23:06:44Z" duration="0.000045" asserts="0">
                <properties>
                  <property name="retryIteration" value="0" />
                  <property name="repeatIteration" value="0" />
                </properties>
              </test-case>
              <test-case id="1291" name="RallyAttack_TryLaunch_ReturnsTrue_WhenMinMet" fullname="AshenThrone.Tests.Alliance.WarEngineTests.RallyAttack_TryLaunch_ReturnsTrue_WhenMinMet" methodname="RallyAttack_TryLaunch_ReturnsTrue_WhenMinMet" classname="AshenThrone.Tests.Alliance.WarEngineTests" runstate="Runnable" seed="1039457006" result="Passed" start-time="2026-03-07 23:06:44Z" end-time="2026-03-07 23:06:44Z" duration="0.000046" asserts="0">
                <properties>
                  <property name="retryIteration" value="0" />
                  <property name="repeatIteration" value="0" />
                </properties>
              </test-case>
              <test-case id="1276" name="ResolveAttack_AttackerWins_WhenPowerExceedsTotalDefense" fullname="AshenThrone.Tests.Alliance.WarEngineTests.ResolveAttack_AttackerWins_WhenPowerExceedsTotalDefense" methodname="ResolveAttack_AttackerWins_WhenPowerExceedsTotalDefense" classname="AshenThrone.Tests.Alliance.WarEngineTests" runstate="Runnable" seed="116903175" result="Passed" start-time="2026-03-07 23:06:44Z" end-time="2026-03-07 23:06:44Z" duration="0.000048" asserts="0">
                <properties>
                  <property name="retryIteration" value="0" />
                  <property name="repeatIteration" value="0" />
                </properties>
              </test-case>
              <test-case id="1277" name="ResolveAttack_DefenderWins_WhenDefenseExceedsAttack" fullname="AshenThrone.Tests.Alliance.WarEngineTests.ResolveAttack_DefenderWins_WhenDefenseExceedsAttack" methodname="ResolveAttack_DefenderWins_WhenDefenseExceedsAttack" classname="AshenThrone.Tests.Alliance.WarEngineTests" runstate="Runnable" seed="1800132451" result="Passed" start-time="2026-03-07 23:06:44Z" end-time="2026-03-07 23:06:44Z" duration="0.000036" asserts="0">
                <properties>
                  <property name="retryIteration" value="0" />
                  <property name="repeatIteration" value="0" />
                </properties>
              </test-case>
              <test-case id="1278" name="ResolveAttack_Draw_WhenEqualPower" fullname="AshenThrone.Tests.Alliance.WarEngineTests.ResolveAttack_Draw_WhenEqualPower" methodname="ResolveAttack_Draw_WhenEqualPower" classname="AshenThrone.Tests.Alliance.WarEngineTests" runstate="Runnable" seed="299027486" result="Passed" start-time="2026-03-07 23:06:44Z" end-time="2026-03-07 23:06:44Z" duration="0.000037" asserts="0">
                <properties>
                  <property name="retryIteration" value="0" />
                  <property name="repeatIteration" value="0" />
                </properties>
              </test-case>
              <test-case id="1279" name="ResolveAttack_FortificationAddsToDefense" fullname="AshenThrone.Tests.Alliance.WarEngineTests.ResolveAttack_FortificationAddsToDefense" methodname="ResolveAttack_FortificationAddsToDefense" classname="AshenThrone.Tests.Alliance.WarEngineTests" runstate="Runnable" seed="735152914" result="Passed" start-time="2026-03-07 23:06:44Z" end-time="2026-03-07 23:06:44Z" duration="0.000053" asserts="0">
                <properties>
                  <property name="retryIteration" value="0" />
                  <property name="repeatIteration" value="0" />
                </properties>
              </test-case>
              <test-case id="1284" name="WarResult_IsHashValid_ReturnsFalse_ForTamperedHash" fullname="AshenThrone.Tests.Alliance.WarEngineTests.WarResult_IsHashValid_ReturnsFalse_ForTamperedHash" methodname="WarResult_IsHashValid_ReturnsFalse_ForTamperedHash" classname="AshenThrone.Tests.Alliance.WarEngineTests" runstate="Runnable" seed="1247651623" result="Passed" start-time="2026-03-07 23:06:44Z" end-time="2026-03-07 23:06:44Z" duration="0.000091" asserts="0">
                <properties>
                  <property name="retryIteration" value="0" />
                  <property name="repeatIteration" value="0" />
                </properties>
              </test-case>
              <test-case id="1283" name="WarResult_IsHashValid_ReturnsTrue_ForMatchingHash" fullname="AshenThrone.Tests.Alliance.WarEngineTests.WarResult_IsHashValid_ReturnsTrue_ForMatchingHash" methodname="WarResult_IsHashValid_ReturnsTrue_ForMatchingHash" classname="AshenThrone.Tests.Alliance.WarEngineTests" runstate="Runnable" seed="1802274608" result="Passed" start-time="2026-03-07 23:06:44Z" end-time="2026-03-07 23:06:44Z" duration="0.000058" asserts="0">
                <properties>
                  <property name="retryIteration" value="0" />
                  <property name="repeatIteration" value="0" />
                </properties>
              </test-case>
              <test-case id="1296" name="WarWindow_IsNotOpen_BeforeWindowStarts" fullname="AshenThrone.Tests.Alliance.WarEngineTests.WarWindow_IsNotOpen_BeforeWindowStarts" methodname="WarWindow_IsNotOpen_BeforeWindowStarts" classname="AshenThrone.Tests.Alliance.WarEngineTests" runstate="Runnable" seed="143346321" result="Passed" start-time="2026-03-07 23:06:44Z" end-time="2026-03-07 23:06:44Z" duration="0.000120" asserts="0">
                <properties>
                  <property name="retryIteration" value="0" />
                  <property name="repeatIteration" value="0" />
                </properties>
              </test-case>
              <test-case id="1295" name="WarWindow_IsOpen_WhenCurrentTimeWithinWindow" fullname="AshenThrone.Tests.Alliance.WarEngineTests.WarWindow_IsOpen_WhenCurrentTimeWithinWindow" methodname="WarWindow_IsOpen_WhenCurrentTimeWithinWindow" classname="AshenThrone.Tests.Alliance.WarEngineTests" runstate="Runnable" seed="218594319" result="Passed" start-time="2026-03-07 23:06:44Z" end-time="2026-03-07 23:06:44Z" duration="0.000047" asserts="0">
                <properties>
                  <property name="retryIteration" value="0" />
                  <property name="repeatIteration" value="0" />
                </properties>
              </test-case>
              <test-case id="1294" name="WarWindow_ThrowsArgumentException_WhenCloseBeforeOpen" fullname="AshenThrone.Tests.Alliance.WarEngineTests.WarWindow_ThrowsArgumentException_WhenCloseBeforeOpen" methodname="WarWindow_ThrowsArgumentException_WhenCloseBeforeOpen" classname="AshenThrone.Tests.Alliance.WarEngineTests" runstate="Runnable" seed="1371612378" result="Passed" start-time="2026-03-07 23:06:44Z" end-time="2026-03-07 23:06:44Z" duration="0.000085" asserts="0">
                <properties>
                  <property name="retryIteration" value="0" />
                  <property name="repeatIteration" value="0" />
                </properties>
              </test-case>
            </test-suite>
          </test-suite>
          <test-suite type="TestSuite" id="1302" name="Combat" fullname="AshenThrone.Tests.Combat" runstate="Runnable" testcasecount="60" result="Failed" site="Child" start-time="2026-03-07 23:06:44Z" end-time="2026-03-07 23:06:44Z" duration="0.027587" total="60" passed="44" failed="15" inconclusive="0" skipped="1" asserts="0">
            <properties />
            <failure>
              <message><![CDATA[One or more child tests had errors]]></message>
            </failure>
            <test-suite type="TestFixture" id="1135" name="AbilityResolverTests" fullname="AshenThrone.Tests.Combat.AbilityResolverTests" classname="AshenThrone.Tests.Combat.AbilityResolverTests" runstate="Runnable" testcasecount="10" result="Failed" site="Child" start-time="2026-03-07 23:06:44Z" end-time="2026-03-07 23:06:44Z" duration="0.006333" total="10" passed="3" failed="7" inconclusive="0" skipped="0" asserts="0">
              <properties />
              <failure>
                <message><![CDATA[One or more child tests had errors]]></message>
              </failure>
              <test-case id="1145" name="AllEnemies_TargetType_HitsAllLivingEnemies" fullname="AshenThrone.Tests.Combat.AbilityResolverTests.AllEnemies_TargetType_HitsAllLivingEnemies" methodname="AllEnemies_TargetType_HitsAllLivingEnemies" classname="AshenThrone.Tests.Combat.AbilityResolverTests" runstate="Runnable" seed="1427141831" result="Failed" label="Error" start-time="2026-03-07 23:06:44Z" end-time="2026-03-07 23:06:44Z" duration="0.001101" asserts="0">
                <properties>
                  <property name="retryIteration" value="0" />
                  <property name="repeatIteration" value="0" />
                </properties>
                <failure>
                  <message><![CDATA[System.NullReferenceException : Object reference not set to an instance of an object]]></message>
                  <stack-trace><![CDATA[  at AshenThrone.Combat.CombatGrid.PlaceUnit (System.Int32 heroInstanceId, AshenThrone.Combat.GridPosition pos) [0x0000b] in /Users/tomterhune/ashen-throne/game/Assets/Scripts/Combat/CombatGrid.cs:71 
  at AshenThrone.Tests.Combat.AbilityResolverTests.AllEnemies_TargetType_HitsAllLivingEnemies () [0x00068] in /Users/tomterhune/ashen-throne/game/Assets/Scripts/Tests/Combat/AbilityResolverTests.cs:363 
  at (wrapper managed-to-native) System.Reflection.RuntimeMethodInfo.InternalInvoke(System.Reflection.RuntimeMethodInfo,object,object[],System.Exception&)
  at System.Reflection.RuntimeMethodInfo.Invoke (System.Object obj, System.Reflection.BindingFlags invokeAttr, System.Reflection.Binder binder, System.Object[] parameters, System.Globalization.CultureInfo culture) [0x0006a] in <c5eeda5e65d44b388e164c6c5cfe0702>:0 ]]></stack-trace>
                </failure>
              </test-case>
              <test-case id="1136" name="AttackCard_DealsExpectedDamage_ToEnemy" fullname="AshenThrone.Tests.Combat.AbilityResolverTests.AttackCard_DealsExpectedDamage_ToEnemy" methodname="AttackCard_DealsExpectedDamage_ToEnemy" classname="AshenThrone.Tests.Combat.AbilityResolverTests" runstate="Runnable" seed="778147385" result="Failed" label="Error" start-time="2026-03-07 23:06:44Z" end-time="2026-03-07 23:06:44Z" duration="0.000313" asserts="0">
                <properties>
                  <property name="retryIteration" value="0" />
                  <property name="repeatIteration" value="0" />
                </properties>
                <failure>
                  <message><![CDATA[System.NullReferenceException : Object reference not set to an instance of an object]]></message>
                  <stack-trace><![CDATA[  at AshenThrone.Combat.CombatGrid.PlaceUnit (System.Int32 heroInstanceId, AshenThrone.Combat.GridPosition pos) [0x0000b] in /Users/tomterhune/ashen-throne/game/Assets/Scripts/Combat/CombatGrid.cs:71 
  at AshenThrone.Tests.Combat.AbilityResolverTests.AttackCard_DealsExpectedDamage_ToEnemy () [0x0004a] in /Users/tomterhune/ashen-throne/game/Assets/Scripts/Tests/Combat/AbilityResolverTests.cs:123 
  at (wrapper managed-to-native) System.Reflection.RuntimeMethodInfo.InternalInvoke(System.Reflection.RuntimeMethodInfo,object,object[],System.Exception&)
  at System.Reflection.RuntimeMethodInfo.Invoke (System.Object obj, System.Reflection.BindingFlags invokeAttr, System.Reflection.Binder binder, System.Object[] parameters, System.Globalization.CultureInfo culture) [0x0006a] in <c5eeda5e65d44b388e164c6c5cfe0702>:0 ]]></stack-trace>
                </failure>
              </test-case>
              <test-case id="1139" name="AttackCard_DoesNotHitDeadTarget" fullname="AshenThrone.Tests.Combat.AbilityResolverTests.AttackCard_DoesNotHitDeadTarget" methodname="AttackCard_DoesNotHitDeadTarget" classname="AshenThrone.Tests.Combat.AbilityResolverTests" runstate="Runnable" seed="583767875" result="Failed" label="Error" start-time="2026-03-07 23:06:44Z" end-time="2026-03-07 23:06:44Z" duration="0.000572" asserts="0">
                <properties>
                  <property name="retryIteration" value="0" />
                  <property name="repeatIteration" value="0" />
                </properties>
                <failure>
                  <message><![CDATA[System.NullReferenceException : Object reference not set to an instance of an object]]></message>
                  <stack-trace><![CDATA[  at AshenThrone.Combat.CombatGrid.PlaceUnit (System.Int32 heroInstanceId, AshenThrone.Combat.GridPosition pos) [0x0000b] in /Users/tomterhune/ashen-throne/game/Assets/Scripts/Combat/CombatGrid.cs:71 
  at AshenThrone.Tests.Combat.AbilityResolverTests.AttackCard_DoesNotHitDeadTarget () [0x0006d] in /Users/tomterhune/ashen-throne/game/Assets/Scripts/Tests/Combat/AbilityResolverTests.cs:225 
  at (wrapper managed-to-native) System.Reflection.RuntimeMethodInfo.InternalInvoke(System.Reflection.RuntimeMethodInfo,object,object[],System.Exception&)
  at System.Reflection.RuntimeMethodInfo.Invoke (System.Object obj, System.Reflection.BindingFlags invokeAttr, System.Reflection.Binder binder, System.Object[] parameters, System.Globalization.CultureInfo culture) [0x0006a] in <c5eeda5e65d44b388e164c6c5cfe0702>:0 ]]></stack-trace>
                </failure>
              </test-case>
              <test-case id="1137" name="AttackCard_NeverDealsZeroDamage_WhenTargetHasHighDefense" fullname="AshenThrone.Tests.Combat.AbilityResolverTests.AttackCard_NeverDealsZeroDamage_WhenTargetHasHighDefense" methodname="AttackCard_NeverDealsZeroDamage_WhenTargetHasHighDefense" classname="AshenThrone.Tests.Combat.AbilityResolverTests" runstate="Runnable" seed="685396073" result="Failed" label="Error" start-time="2026-03-07 23:06:44Z" end-time="2026-03-07 23:06:44Z" duration="0.000232" asserts="0">
                <properties>
                  <property name="retryIteration" value="0" />
                  <property name="repeatIteration" value="0" />
                </properties>
                <failure>
                  <message><![CDATA[System.NullReferenceException : Object reference not set to an instance of an object]]></message>
                  <stack-trace><![CDATA[  at AshenThrone.Combat.CombatGrid.PlaceUnit (System.Int32 heroInstanceId, AshenThrone.Combat.GridPosition pos) [0x0000b] in /Users/tomterhune/ashen-throne/game/Assets/Scripts/Combat/CombatGrid.cs:71 
  at AshenThrone.Tests.Combat.AbilityResolverTests.AttackCard_NeverDealsZeroDamage_WhenTargetHasHighDefense () [0x0004d] in /Users/tomterhune/ashen-throne/game/Assets/Scripts/Tests/Combat/AbilityResolverTests.cs:156 
  at (wrapper managed-to-native) System.Reflection.RuntimeMethodInfo.InternalInvoke(System.Reflection.RuntimeMethodInfo,object,object[],System.Exception&)
  at System.Reflection.RuntimeMethodInfo.Invoke (System.Object obj, System.Reflection.BindingFlags invokeAttr, System.Reflection.Binder binder, System.Object[] parameters, System.Globalization.CultureInfo culture) [0x0006a] in <c5eeda5e65d44b388e164c6c5cfe0702>:0 ]]></stack-trace>
                </failure>
              </test-case>
              <test-case id="1138" name="AttackCard_WithComboBonus_DealsIncreasedDamage" fullname="AshenThrone.Tests.Combat.AbilityResolverTests.AttackCard_WithComboBonus_DealsIncreasedDamage" methodname="AttackCard_WithComboBonus_DealsIncreasedDamage" classname="AshenThrone.Tests.Combat.AbilityResolverTests" runstate="Runnable" seed="692549874" result="Failed" label="Error" start-time="2026-03-07 23:06:44Z" end-time="2026-03-07 23:06:44Z" duration="0.000233" asserts="0">
                <properties>
[...]
                <properties>
                  <property name="retryIteration" value="0" />
                  <property name="repeatIteration" value="0" />
                </properties>
                <failure>
                  <message><![CDATA[  Expected: "node_a"
  But was:  null
]]></message>
                  <stack-trace><![CDATA[at AshenThrone.Tests.Empire.ResearchManagerTests.StartResearch_FiresOnResearchStarted_WhenSuccessful () [0x00035] in /Users/tomterhune/ashen-throne/game/Assets/Scripts/Tests/Empire/ResearchManagerTests.cs:135
]]></stack-trace>
                </failure>
              </test-case>
              <test-case id="1027" name="StartResearch_ReturnsFalse_WhenAlreadyCompleted" fullname="AshenThrone.Tests.Empire.ResearchManagerTests.StartResearch_ReturnsFalse_WhenAlreadyCompleted" methodname="StartResearch_ReturnsFalse_WhenAlreadyCompleted" classname="AshenThrone.Tests.Empire.ResearchManagerTests" runstate="Runnable" seed="1962671074" result="Passed" start-time="2026-03-07 23:06:44Z" end-time="2026-03-07 23:06:44Z" duration="0.000146" asserts="0">
                <properties>
                  <property name="retryIteration" value="0" />
                  <property name="repeatIteration" value="0" />
                </properties>
              </test-case>
              <test-case id="1025" name="StartResearch_ReturnsFalse_WhenAlreadyInQueue" fullname="AshenThrone.Tests.Empire.ResearchManagerTests.StartResearch_ReturnsFalse_WhenAlreadyInQueue" methodname="StartResearch_ReturnsFalse_WhenAlreadyInQueue" classname="AshenThrone.Tests.Empire.ResearchManagerTests" runstate="Runnable" seed="1060539154" result="Passed" start-time="2026-03-07 23:06:44Z" end-time="2026-03-07 23:06:44Z" duration="0.000130" asserts="0">
                <properties>
                  <property name="retryIteration" value="0" />
                  <property name="repeatIteration" value="0" />
                </properties>
              </test-case>
              <test-case id="1023" name="StartResearch_ReturnsFalse_WhenNodeIdNotFound" fullname="AshenThrone.Tests.Empire.ResearchManagerTests.StartResearch_ReturnsFalse_WhenNodeIdNotFound" methodname="StartResearch_ReturnsFalse_WhenNodeIdNotFound" classname="AshenThrone.Tests.Empire.ResearchManagerTests" runstate="Runnable" seed="964108163" result="Passed" start-time="2026-03-07 23:06:44Z" end-time="2026-03-07 23:06:44Z" duration="0.000562" asserts="0">
                <properties>
                  <property name="retryIteration" value="0" />
                  <property name="repeatIteration" value="0" />
                </properties>
                <output><![CDATA[[ResearchManager] Node 'nonexistent_node' not found.
[ResearchManager] Node 'nonexistent_node' not found.
]]></output>
              </test-case>
              <test-case id="1024" name="StartResearch_ReturnsFalse_WhenPrerequisitesNotMet" fullname="AshenThrone.Tests.Empire.ResearchManagerTests.StartResearch_ReturnsFalse_WhenPrerequisitesNotMet" methodname="StartResearch_ReturnsFalse_WhenPrerequisitesNotMet" classname="AshenThrone.Tests.Empire.ResearchManagerTests" runstate="Runnable" seed="1508451929" result="Passed" start-time="2026-03-07 23:06:44Z" end-time="2026-03-07 23:06:44Z" duration="0.000140" asserts="0">
                <properties>
                  <property name="retryIteration" value="0" />
                  <property name="repeatIteration" value="0" />
                </properties>
              </test-case>
              <test-case id="1026" name="StartResearch_ReturnsFalse_WhenQueueFull" fullname="AshenThrone.Tests.Empire.ResearchManagerTests.StartResearch_ReturnsFalse_WhenQueueFull" methodname="StartResearch_ReturnsFalse_WhenQueueFull" classname="AshenThrone.Tests.Empire.ResearchManagerTests" runstate="Runnable" seed="1016525020" result="Passed" start-time="2026-03-07 23:06:44Z" end-time="2026-03-07 23:06:44Z" duration="0.000170" asserts="0">
                <properties>
                  <property name="retryIteration" value="0" />
                  <property name="repeatIteration" value="0" />
                </properties>
              </test-case>
              <test-case id="1020" name="StartResearch_ReturnsTrue_WhenValidNodeAndResourcesAvailable" fullname="AshenThrone.Tests.Empire.ResearchManagerTests.StartResearch_ReturnsTrue_WhenValidNodeAndResourcesAvailable" methodname="StartResearch_ReturnsTrue_WhenValidNodeAndResourcesAvailable" classname="AshenThrone.Tests.Empire.ResearchManagerTests" runstate="Runnable" seed="221112187" result="Failed" start-time="2026-03-07 23:06:44Z" end-time="2026-03-07 23:06:44Z" duration="0.000320" asserts="0">
                <properties>
                  <property name="retryIteration" value="0" />
                  <property name="repeatIteration" value="0" />
                </properties>
                <failure>
                  <message><![CDATA[  Expected: True
  But was:  False
]]></message>
                  <stack-trace><![CDATA[at AshenThrone.Tests.Empire.ResearchManagerTests.StartResearch_ReturnsTrue_WhenValidNodeAndResourcesAvailable () [0x00000] in /Users/tomterhune/ashen-throne/game/Assets/Scripts/Tests/Empire/ResearchManagerTests.cs:119
]]></stack-trace>
                </failure>
              </test-case>
              <test-case id="1028" name="StartResearch_Succeeds_WhenPrerequisiteIsCompleted" fullname="AshenThrone.Tests.Empire.ResearchManagerTests.StartResearch_Succeeds_WhenPrerequisiteIsCompleted" methodname="StartResearch_Succeeds_WhenPrerequisiteIsCompleted" classname="AshenThrone.Tests.Empire.ResearchManagerTests" runstate="Runnable" seed="1237559479" result="Failed" start-time="2026-03-07 23:06:44Z" end-time="2026-03-07 23:06:44Z" duration="0.000204" asserts="0">
                <properties>
                  <property name="retryIteration" value="0" />
                  <property name="repeatIteration" value="0" />
                </properties>
                <failure>
                  <message><![CDATA[  Expected: True
  But was:  False
]]></message>
                  <stack-trace><![CDATA[at AshenThrone.Tests.Empire.ResearchManagerTests.StartResearch_Succeeds_WhenPrerequisiteIsCompleted () [0x0001b] in /Users/tomterhune/ashen-throne/game/Assets/Scripts/Tests/Empire/ResearchManagerTests.cs:187
]]></stack-trace>
                </failure>
              </test-case>
            </test-suite>
            <test-suite type="TestFixture" id="1040" name="ResourceManagerTests" fullname="AshenThrone.Tests.Empire.ResourceManagerTests" classname="AshenThrone.Tests.Empire.ResourceManagerTests" runstate="Runnable" testcasecount="15" result="Passed" start-time="2026-03-07 23:06:44Z" end-time="2026-03-07 23:06:44Z" duration="0.004158" total="15" passed="15" failed="0" inconclusive="0" skipped="0" asserts="0">
              <properties />
              <test-case id="1050" name="AddResource_ClampsToMaxCapacity" fullname="AshenThrone.Tests.Empire.ResourceManagerTests.AddResource_ClampsToMaxCapacity" methodname="AddResource_ClampsToMaxCapacity" classname="AshenThrone.Tests.Empire.ResourceManagerTests" runstate="Runnable" seed="689876010" result="Passed" start-time="2026-03-07 23:06:44Z" end-time="2026-03-07 23:06:44Z" duration="0.000659" asserts="0">
                <properties>
                  <property name="retryIteration" value="0" />
                  <property name="repeatIteration" value="0" />
                </properties>
              </test-case>
              <test-case id="1052" name="AddResource_FiresOnResourceChangedEvent" fullname="AshenThrone.Tests.Empire.ResourceManagerTests.AddResource_FiresOnResourceChangedEvent" methodname="AddResource_FiresOnResourceChangedEvent" classname="AshenThrone.Tests.Empire.ResourceManagerTests" runstate="Runnable" seed="1989736762" result="Passed" start-time="2026-03-07 23:06:44Z" end-time="2026-03-07 23:06:44Z" duration="0.000153" asserts="0">
                <properties>
                  <property name="retryIteration" value="0" />
                  <property name="repeatIteration" value="0" />
                </properties>
              </test-case>
              <test-case id="1051" name="AddResource_IgnoresZeroAndNegativeAmounts" fullname="AshenThrone.Tests.Empire.ResourceManagerTests.AddResource_IgnoresZeroAndNegativeAmounts" methodname="AddResource_IgnoresZeroAndNegativeAmounts" classname="AshenThrone.Tests.Empire.ResourceManagerTests" runstate="Runnable" seed="1307210220" result="Passed" start-time="2026-03-07 23:06:44Z" end-time="2026-03-07 23:06:44Z" duration="0.000098" asserts="0">
                <properties>
                  <property name="retryIteration" value="0" />
                  <property name="repeatIteration" value="0" />
                </properties>
              </test-case>
              <test-case id="1049" name="AddResource_IncreasesByAmount" fullname="AshenThrone.Tests.Empire.ResourceManagerTests.AddResource_IncreasesByAmount" methodname="AddResource_IncreasesByAmount" classname="AshenThrone.Tests.Empire.ResourceManagerTests" runstate="Runnable" seed="1465337877" result="Passed" start-time="2026-03-07 23:06:44Z" end-time="2026-03-07 23:06:44Z" duration="0.000096" asserts="0">
                <properties>
                  <property name="retryIteration" value="0" />
                  <property name="repeatIteration" value="0" />
                </properties>
              </test-case>
              <test-case id="1053" name="ApplyOfflineEarnings_AddsBasedOnProductionRate" fullname="AshenThrone.Tests.Empire.ResourceManagerTests.ApplyOfflineEarnings_AddsBasedOnProductionRate" methodname="ApplyOfflineEarnings_AddsBasedOnProductionRate" classname="AshenThrone.Tests.Empire.ResourceManagerTests" runstate="Runnable" seed="1006082103" result="Passed" start-time="2026-03-07 23:06:44Z" end-time="2026-03-07 23:06:44Z" duration="0.000246" asserts="0">
                <properties>
                  <property name="retryIteration" value="0" />
                  <property name="repeatIteration" value="0" />
                </properties>
              </test-case>
              <test-case id="1054" name="ApplyOfflineEarnings_CapsAtMaxOfflineHours" fullname="AshenThrone.Tests.Empire.ResourceManagerTests.ApplyOfflineEarnings_CapsAtMaxOfflineHours" methodname="ApplyOfflineEarnings_CapsAtMaxOfflineHours" classname="AshenThrone.Tests.Empire.ResourceManagerTests" runstate="Runnable" seed="1262412771" result="Passed" start-time="2026-03-07 23:06:44Z" end-time="2026-03-07 23:06:44Z" duration="0.000212" asserts="0">
                <properties>
                  <property name="retryIteration" value="0" />
                  <property name="repeatIteration" value="0" />
                </properties>
              </test-case>
              <test-case id="1044" name="CanAfford_ReturnsFalse_WhenAnyResourceInsufficient" fullname="AshenThrone.Tests.Empire.ResourceManagerTests.CanAfford_ReturnsFalse_WhenAnyResourceInsufficient" methodname="CanAfford_ReturnsFalse_WhenAnyResourceInsufficient" classname="AshenThrone.Tests.Empire.ResourceManagerTests" runstate="Runnable" seed="1508878070" result="Passed" start-time="2026-03-07 23:06:44Z" end-time="2026-03-07 23:06:44Z" duration="0.000173" asserts="0">
                <properties>
                  <property name="retryIteration" value="0" />
                  <property name="repeatIteration" value="0" />
                </properties>
              </test-case>
              <test-case id="1045" name="CanAfford_ReturnsTrue_WhenAllZero" fullname="AshenThrone.Tests.Empire.ResourceManagerTests.CanAfford_ReturnsTrue_WhenAllZero" methodname="CanAfford_ReturnsTrue_WhenAllZero" classname="AshenThrone.Tests.Empire.ResourceManagerTests" runstate="Runnable" seed="682529636" result="Passed" start-time="2026-03-07 23:06:44Z" end-time="2026-03-07 23:06:44Z" duration="0.000089" asserts="0">
                <properties>
                  <property name="retryIteration" value="0" />
                  <property name="repeatIteration" value="0" />
                </properties>
              </test-case>
              <test-case id="1043" name="CanAfford_ReturnsTrue_WhenExactAmountAvailable" fullname="AshenThrone.Tests.Empire.ResourceManagerTests.CanAfford_ReturnsTrue_WhenExactAmountAvailable" methodname="CanAfford_ReturnsTrue_WhenExactAmountAvailable" classname="AshenThrone.Tests.Empire.ResourceManagerTests" runstate="Runnable" seed="1176311725" result="Passed" start-time="2026-03-07 23:06:44Z" end-time="2026-03-07 23:06:44Z" duration="0.000082" asserts="0">
                <properties>
                  <property name="retryIteration" value="0" />
                  <property name="repeatIteration" value="0" />
                </properties>
              </test-case>
              <test-case id="1042" name="InitializeFromConfig_SetsMaxCapacitiesCorrectly" fullname="AshenThrone.Tests.Empire.ResourceManagerTests.InitializeFromConfig_SetsMaxCapacitiesCorrectly" methodname="InitializeFromConfig_SetsMaxCapacitiesCorrectly" classname="AshenThrone.Tests.Empire.ResourceManagerTests" runstate="Runnable" seed="1890433966" result="Passed" start-time="2026-03-07 23:06:44Z" end-time="2026-03-07 23:06:44Z" duration="0.000111" asserts="0">
                <properties>
                  <property name="retryIteration" value="0" />
                  <property name="repeatIteration" value="0" />
                </properties>
              </test-case>
              <test-case id="1041" name="InitializeFromConfig_SetsStartingResourcesCorrectly" fullname="AshenThrone.Tests.Empire.ResourceManagerTests.InitializeFromConfig_SetsStartingResourcesCorrectly" methodname="InitializeFromConfig_SetsStartingResourcesCorrectly" classname="AshenThrone.Tests.Empire.ResourceManagerTests" runstate="Runnable" seed="1543918864" result="Passed" start-time="2026-03-07 23:06:44Z" end-time="2026-03-07 23:06:44Z" duration="0.000119" asserts="0">
                <properties>
                  <property name="retryIteration" value="0" />
                  <property name="repeatIteration" value="0" />
                </properties>
              </test-case>
              <test-case id="1046" name="Spend_DeductsCorrectAmounts" fullname="AshenThrone.Tests.Empire.ResourceManagerTests.Spend_DeductsCorrectAmounts" methodname="Spend_DeductsCorrectAmounts" classname="AshenThrone.Tests.Empire.ResourceManagerTests" runstate="Runnable" seed="1672355569" result="Passed" start-time="2026-03-07 23:06:44Z" end-time="2026-03-07 23:06:44Z" duration="0.000182" asserts="0">
                <properties>
                  <property name="retryIteration" value="0" />
                  <property name="repeatIteration" value="0" />
                </properties>
              </test-case>
              <test-case id="1048" name="Spend_DoesNotDeductZeroAmounts" fullname="AshenThrone.Tests.Empire.ResourceManagerTests.Spend_DoesNotDeductZeroAmounts" methodname="Spend_DoesNotDeductZeroAmounts" classname="AshenThrone.Tests.Empire.ResourceManagerTests" runstate="Runnable" seed="411202936" result="Passed" start-time="2026-03-07 23:06:44Z" end-time="2026-03-07 23:06:44Z" duration="0.000089" asserts="0">
                <properties>
                  <property name="retryIteration" value="0" />
                  <property name="repeatIteration" value="0" />
                </properties>
              </test-case>
              <test-case id="1055" name="Spend_FiresOnResourceChangedEvent_ForEachResourceSpent" fullname="AshenThrone.Tests.Empire.ResourceManagerTests.Spend_FiresOnResourceChangedEvent_ForEachResourceSpent" methodname="Spend_FiresOnResourceChangedEvent_ForEachResourceSpent" classname="AshenThrone.Tests.Empire.ResourceManagerTests" runstate="Runnable" seed="1591621099" result="Passed" start-time="2026-03-07 23:06:44Z" end-time="2026-03-07 23:06:44Z" duration="0.000128" asserts="0">
                <properties>
                  <property name="retryIteration" value="0" />
                  <property name="repeatIteration" value="0" />
                </properties>
              </test-case>
              <test-case id="1047" name="Spend_ThrowsInvalidOperationException_WhenInsufficientResources" fullname="AshenThrone.Tests.Empire.ResourceManagerTests.Spend_ThrowsInvalidOperationException_WhenInsufficientResources" methodname="Spend_ThrowsInvalidOperationException_WhenInsufficientResources" classname="AshenThrone.Tests.Empire.ResourceManagerTests" runstate="Runnable" seed="283117716" result="Passed" start-time="2026-03-07 23:06:44Z" end-time="2026-03-07 23:06:44Z" duration="0.000130" asserts="0">
                <properties>
                  <property name="retryIteration" value="0" />
                  <property name="repeatIteration" value="0" />
                </properties>
              </test-case>
            </test-suite>
          </test-suite>
        </test-suite>
      </test-suite>
    </test-suite>
    <test-suite type="Assembly" id="1306" name="Unity.Addressables.DocExampleCode.Editor.Tests.dll" fullname="/Users/tomterhune/ashen-throne/game/Library/ScriptAssemblies/Unity.Addressables.DocExampleCode.Editor.Tests.dll" runstate="Runnable" testcasecount="1" result="Passed" start-time="2026-03-07 23:06:44Z" end-time="2026-03-07 23:06:44Z" duration="0.001507" total="1" passed="1" failed="0" inconclusive="0" skipped="0" asserts="0">
      <properties>
        <property name="_PID" value="75247" />
        <property name="_APPDOMAIN" value="Unity Child Domain" />
        <property name="platform" value="EditMode" />
        <property name="EditorOnly" value="True" />
      </properties>
      <test-suite type="TestSuite" id="1307" name="AddressableAssets" fullname="AddressableAssets" runstate="Runnable" testcasecount="1" result="Passed" start-time="2026-03-07 23:06:44Z" end-time="2026-03-07 23:06:44Z" duration="0.000868" total="1" passed="1" failed="0" inconclusive="0" skipped="0" asserts="0">
        <properties />
        <test-suite type="TestSuite" id="1308" name="DocExampleCode" fullname="AddressableAssets.DocExampleCode" runstate="Runnable" testcasecount="1" result="Passed" start-time="2026-03-07 23:06:44Z" end-time="2026-03-07 23:06:44Z" duration="0.000681" total="1" passed="1" failed="0" inconclusive="0" skipped="0" asserts="0">
          <properties />
          <test-suite type="TestFixture" id="1304" name="TestStub" fullname="AddressableAssets.DocExampleCode.TestStub" classname="AddressableAssets.DocExampleCode.TestStub" runstate="Runnable" testcasecount="1" result="Passed" start-time="2026-03-07 23:06:44Z" end-time="2026-03-07 23:06:44Z" duration="0.000524" total="1" passed="1" failed="0" inconclusive="0" skipped="0" asserts="0">
            <properties />
            <test-case id="1305" name="RequiredTest" fullname="AddressableAssets.DocExampleCode.TestStub.RequiredTest" methodname="RequiredTest" classname="AddressableAssets.DocExampleCode.TestStub" runstate="Runnable" seed="851633433" result="Passed" start-time="2026-03-07 23:06:44Z" end-time="2026-03-07 23:06:44Z" duration="0.000052" asserts="0">
              <properties>
                <property name="retryIteration" value="0" />
                <property name="repeatIteration" value="0" />
              </properties>
              <output><![CDATA[Saving results to: /Users/tomterhune/Library/Application Support/DefaultCompany/game/TestResults.xml
Saving results to: /Users/tomterhune/Library/Application Support/DefaultCompany/game/TestResults.xml
]]></output>
            </test-case>
          </test-suite>
        </test-suite>
      </test-suite>
    </test-suite>
  </test-suite>
</test-run>