<?xml version="1.0" encoding="utf-8"?>
<test-run id="2" testcasecount="420" result="Skipped:Ignored" total="420" passed="418" failed="0" inconclusive="0" skipped="2" asserts="0" engine-version="3.5.0.0" clr-version="4.0.30319.42000" start-time="2026-03-07 23:45:52Z" end-time="2026-03-07 23:45:52Z" duration="0.1996315">
  <test-suite type="TestSuite" id="1000" name="game" fullname="game" runstate="Runnable" testcasecount="420" result="Skipped" label="Ignored" start-time="2026-03-07 23:45:52Z" end-time="2026-03-07 23:45:52Z" duration="0.199632" total="420" passed="418" failed="0" inconclusive="0" skipped="2" asserts="0">
    <properties>
      <property name="platform" value="EditMode" />
    </properties>
    <reason>
      <message><![CDATA[One or more child tests were ignored]]></message>
    </reason>
    <test-suite type="Assembly" id="1443" name="AshenThrone.Tests.dll" fullname="/Users/tomterhune/ashen-throne/game/Library/ScriptAssemblies/AshenThrone.Tests.dll" runstate="Runnable" testcasecount="419" result="Skipped" label="Ignored" start-time="2026-03-07 23:45:52Z" end-time="2026-03-07 23:45:52Z" duration="0.194637" total="419" passed="417" failed="0" inconclusive="0" skipped="2" asserts="0">
      <properties>
        <property name="_PID" value="80047" />
        <property name="_APPDOMAIN" value="Unity Child Domain" />
        <property name="platform" value="EditMode" />
        <property name="EditorOnly" value="True" />
      </properties>
      <reason>
        <message><![CDATA[One or more child tests were ignored]]></message>
      </reason>
      <test-suite type="TestSuite" id="1444" name="AshenThrone" fullname="AshenThrone" runstate="Runnable" testcasecount="419" result="Skipped" label="Ignored" start-time="2026-03-07 23:45:52Z" end-time="2026-03-07 23:45:52Z" duration="0.193189" total="419" passed="417" failed="0" inconclusive="0" skipped="2" asserts="0">
        <properties />
        <reason>
          <message><![CDATA[One or more child tests were ignored]]></message>
        </reason>
        <test-suite type="TestSuite" id="1445" name="Tests" fullname="AshenThrone.Tests" runstate="Runnable" testcasecount="419" result="Skipped" label="Ignored" start-time="2026-03-07 23:45:52Z" end-time="2026-03-07 23:45:52Z" duration="0.191774" total="419" passed="417" failed="0" inconclusive="0" skipped="2" asserts="0">
          <properties />
          <reason>
            <message><![CDATA[One or more child tests were ignored]]></message>
          </reason>
          <test-suite type="TestSuite" id="1451" name="Alliance" fullname="AshenThrone.Tests.Alliance" runstate="Runnable" testcasecount="94" result="Passed" start-time="2026-03-07 23:45:52Z" end-time="2026-03-07 23:45:52Z" duration="0.038785" total="94" passed="94" failed="0" inconclusive="0" skipped="0" asserts="0">
            <properties />
            <test-suite type="TestFixture" id="1345" name="AllianceChatManagerTests" fullname="AshenThrone.Tests.Alliance.AllianceChatManagerTests" classname="AshenThrone.Tests.Alliance.AllianceChatManagerTests" runstate="Runnable" testcasecount="20" result="Passed" start-time="2026-03-07 23:45:52Z" end-time="2026-03-07 23:45:52Z" duration="0.018745" total="20" passed="20" failed="0" inconclusive="0" skipped="0" asserts="0">
              <properties />
              <test-case id="1364" name="ClearHistory_DoesNotAffectOtherChannels" fullname="AshenThrone.Tests.Alliance.AllianceChatManagerTests.ClearHistory_DoesNotAffectOtherChannels" methodname="ClearHistory_DoesNotAffectOtherChannels" classname="AshenThrone.Tests.Alliance.AllianceChatManagerTests" runstate="Runnable" seed="417787138" result="Passed" start-time="2026-03-07 23:45:52Z" end-time="2026-03-07 23:45:52Z" duration="0.007786" asserts="0">
                <properties>
                  <property name="retryIteration" value="0" />
                  <property name="repeatIteration" value="0" />
                </properties>
              </test-case>
              <test-case id="1363" name="ClearHistory_RemovesAllMessages_ForChannel" fullname="AshenThrone.Tests.Alliance.AllianceChatManagerTests.ClearHistory_RemovesAllMessages_ForChannel" methodname="ClearHistory_RemovesAllMessages_ForChannel" classname="AshenThrone.Tests.Alliance.AllianceChatManagerTests" runstate="Runnable" seed="53196644" result="Passed" start-time="2026-03-07 23:45:52Z" end-time="2026-03-07 23:45:52Z" duration="0.000152" asserts="0">
                <properties>
                  <property name="retryIteration" value="0" />
                  <property name="repeatIteration" value="0" />
                </properties>
              </test-case>
              <test-case id="1362" name="GetHistory_ReturnsEmpty_WhenNoMessages" fullname="AshenThrone.Tests.Alliance.AllianceChatManagerTests.GetHistory_ReturnsEmpty_WhenNoMessages" methodname="GetHistory_ReturnsEmpty_WhenNoMessages" classname="AshenThrone.Tests.Alliance.AllianceChatManagerTests" runstate="Runnable" seed="65022575" result="Passed" start-time="2026-03-07 23:45:52Z" end-time="2026-03-07 23:45:52Z" duration="0.000084" asserts="0">
                <properties>
                  <property name="retryIteration" value="0" />
                  <property name="repeatIteration" value="0" />
                </properties>
              </test-case>
              <test-case id="1358" name="ReceiveMessage_AddsToHistory" fullname="AshenThrone.Tests.Alliance.AllianceChatManagerTests.ReceiveMessage_AddsToHistory" methodname="ReceiveMessage_AddsToHistory" classname="AshenThrone.Tests.Alliance.AllianceChatManagerTests" runstate="Runnable" seed="1639020598" result="Passed" start-time="2026-03-07 23:45:52Z" end-time="2026-03-07 23:45:52Z" duration="0.000078" asserts="0">
                <properties>
                  <property name="retryIteration" value="0" />
                  <property name="repeatIteration" value="0" />
                </properties>
              </test-case>
              <test-case id="1357" name="ReceiveMessage_DoesNotThrow_ForNullMessage" fullname="AshenThrone.Tests.Alliance.AllianceChatManagerTests.ReceiveMessage_DoesNotThrow_ForNullMessage" methodname="ReceiveMessage_DoesNotThrow_ForNullMessage" classname="AshenThrone.Tests.Alliance.AllianceChatManagerTests" runstate="Runnable" seed="287924856" result="Passed" start-time="2026-03-07 23:45:52Z" end-time="2026-03-07 23:45:52Z" duration="0.000337" asserts="0">
                <properties>
                  <property name="retryIteration" value="0" />
                  <property name="repeatIteration" value="0" />
                </properties>
              </test-case>
              <test-case id="1360" name="ReceiveMessage_EvictsOldest_WhenHistoryFull" fullname="AshenThrone.Tests.Alliance.AllianceChatManagerTests.ReceiveMessage_EvictsOldest_WhenHistoryFull" methodname="ReceiveMessage_EvictsOldest_WhenHistoryFull" classname="AshenThrone.Tests.Alliance.AllianceChatManagerTests" runstate="Runnable" seed="267878548" result="Passed" start-time="2026-03-07 23:45:52Z" end-time="2026-03-07 23:45:52Z" duration="0.000145" asserts="0">
                <properties>
                  <property name="retryIteration" value="0" />
                  <property name="repeatIteration" value="0" />
                </properties>
              </test-case>
              <test-case id="1359" name="ReceiveMessage_FiresOnMessageReceivedEvent" fullname="AshenThrone.Tests.Alliance.AllianceChatManagerTests.ReceiveMessage_FiresOnMessageReceivedEvent" methodname="ReceiveMessage_FiresOnMessageReceivedEvent" classname="AshenThrone.Tests.Alliance.AllianceChatManagerTests" runstate="Runnable" seed="2083144" result="Passed" start-time="2026-03-07 23:45:52Z" end-time="2026-03-07 23:45:52Z" duration="0.000212" asserts="0">
                <properties>
                  <property name="retryIteration" value="0" />
                  <property name="repeatIteration" value="0" />
                </properties>
              </test-case>
              <test-case id="1361" name="ReceiveMessage_OfficerMessages_StoreInOfficerChannel" fullname="AshenThrone.Tests.Alliance.AllianceChatManagerTests.ReceiveMessage_OfficerMessages_StoreInOfficerChannel" methodname="ReceiveMessage_OfficerMessages_StoreInOfficerChannel" classname="AshenThrone.Tests.Alliance.AllianceChatManagerTests" runstate="Runnable" seed="1201734112" result="Passed" start-time="2026-03-07 23:45:52Z" end-time="2026-03-07 23:45:52Z" duration="0.000085" asserts="0">
                <properties>
                  <property name="retryIteration" value="0" />
                  <property name="repeatIteration" value="0" />
                </properties>
              </test-case>
              <test-case id="1349" name="Sanitizer_ClampsToMaxLength" fullname="AshenThrone.Tests.Alliance.AllianceChatManagerTests.Sanitizer_ClampsToMaxLength" methodname="Sanitizer_ClampsToMaxLength" classname="AshenThrone.Tests.Alliance.AllianceChatManagerTests" runstate="Runnable" seed="1268067819" result="Passed" start-time="2026-03-07 23:45:52Z" end-time="2026-03-07 23:45:52Z" duration="0.001370" asserts="0">
                <properties>
                  <property name="retryIteration" value="0" />
                  <property name="repeatIteration" value="0" />
                </properties>
              </test-case>
              <test-case id="1351" name="Sanitizer_ContainsViolation_ReturnsFalse_ForCleanText" fullname="AshenThrone.Tests.Alliance.AllianceChatManagerTests.Sanitizer_ContainsViolation_ReturnsFalse_ForCleanText" methodname="Sanitizer_ContainsViolation_ReturnsFalse_ForCleanText" classname="AshenThrone.Tests.Alliance.AllianceChatManagerTests" runstate="Runnable" seed="1253790086" result="Passed" start-time="2026-03-07 23:45:52Z" end-time="2026-03-07 23:45:52Z" duration="0.000143" asserts="0">
                <properties>
                  <property name="retryIteration" value="0" />
                  <property name="repeatIteration" value="0" />
                </properties>
              </test-case>
              <test-case id="1352" name="Sanitizer_ContainsViolation_ReturnsTrue_ForHtmlTag" fullname="AshenThrone.Tests.Alliance.AllianceChatManagerTests.Sanitizer_ContainsViolation_ReturnsTrue_ForHtmlTag" methodname="Sanitizer_ContainsViolation_ReturnsTrue_ForHtmlTag" classname="AshenThrone.Tests.Alliance.AllianceChatManagerTests" runstate="Runnable" seed="183710750" result="Passed" start-time="2026-03-07 23:45:52Z" end-time="2026-03-07 23:45:52Z" duration="0.000069" asserts="0">
                <properties>
                  <property name="retryIteration" value="0" />
                  <property name="repeatIteration" value="0" />
                </properties>
              </test-case>
              <test-case id="1348" name="Sanitizer_RemovesJavascriptProtocol" fullname="AshenThrone.Tests.Alliance.AllianceChatManagerTests.Sanitizer_RemovesJavascriptProtocol" methodname="Sanitizer_RemovesJavascriptProtocol" classname="AshenThrone.Tests.Alliance.AllianceChatManagerTests" runstate="Runnable" seed="242988278" result="Passed" start-time="2026-03-07 23:45:52Z" end-time="2026-03-07 23:45:52Z" duration="0.000189" asserts="0">
                <properties>
                  <property name="retryIteration" value="0" />
                  <property name="repeatIteration" value="0" />
                </properties>
              </test-case>
              <test-case id="1347" name="Sanitizer_RemovesSqlPatterns" fullname="AshenThrone.Tests.Alliance.AllianceChatManagerTests.Sanitizer_RemovesSqlPatterns" methodname="Sanitizer_RemovesSqlPatterns" classname="AshenThrone.Tests.Alliance.AllianceChatManagerTests" runstate="Runnable" seed="694643878" result="Passed" start-time="2026-03-07 23:45:52Z" end-time="2026-03-07 23:45:52Z" duration="0.000091" asserts="0">
                <properties>
                  <property name="retryIteration" value="0" />
                  <property name="repeatIteration" value="0" />
                </properties>
              </test-case>
              <test-case id="1350" name="Sanitizer_ReturnsEmpty_ForNullInput" fullname="AshenThrone.Tests.Alliance.AllianceChatManagerTests.Sanitizer_ReturnsEmpty_ForNullInput" methodname="Sanitizer_ReturnsEmpty_ForNullInput" classname="AshenThrone.Tests.Alliance.AllianceChatManagerTests" runstate="Runnable" seed="217573273" result="Passed" start-time="2026-03-07 23:45:52Z" end-time="2026-03-07 23:45:52Z" duration="0.000068" asserts="0">
                <properties>
                  <property name="retryIteration" value="0" />
                  <property name="repeatIteration" value="0" />
                </properties>
              </test-case>
              <test-case id="1346" name="Sanitizer_StripHtmlTags" fullname="AshenThrone.Tests.Alliance.AllianceChatManagerTests.Sanitizer_StripHtmlTags" methodname="Sanitizer_StripHtmlTags" classname="AshenThrone.Tests.Alliance.AllianceChatManagerTests" runstate="Runnable" seed="1365758423" result="Passed" start-time="2026-03-07 23:45:52Z" end-time="2026-03-07 23:45:52Z" duration="0.000078" asserts="0">
                <properties>
                  <property name="retryIteration" value="0" />
                  <property name="repeatIteration" value="0" />
                </properties>
              </test-case>
              <test-case id="1365" name="SetSanitizer_ThrowsArgumentNull_WhenNull" fullname="AshenThrone.Tests.Alliance.AllianceChatManagerTests.SetSanitizer_ThrowsArgumentNull_WhenNull" methodname="SetSanitizer_ThrowsArgumentNull_WhenNull" classname="AshenThrone.Tests.Alliance.AllianceChatManagerTests" runstate="Runnable" seed="1297362145" result="Passed" start-time="2026-03-07 23:45:52Z" end-time="2026-03-07 23:45:52Z" duration="0.000402" asserts="0">
                <properties>
                  <property name="retryIteration" value="0" />
                  <property name="repeatIteration" value="0" />
                </properties>
              </test-case>
              <test-case id="1353" name="ValidateSend_ReturnsFalse_ForEmptyMessage" fullname="AshenThrone.Tests.Alliance.AllianceChatManagerTests.ValidateSend_ReturnsFalse_ForEmptyMessage" methodname="ValidateSend_ReturnsFalse_ForEmptyMessage" classname="AshenThrone.Tests.Alliance.AllianceChatManagerTests" runstate="Runnable" seed="1798447770" result="Passed" start-time="2026-03-07 23:45:52Z" end-time="2026-03-07 23:45:52Z" duration="0.000675" asserts="0">
                <properties>
                  <property name="retryIteration" value="0" />
                  <property name="repeatIteration" value="0" />
                </properties>
              </test-case>
              <test-case id="1354" name="ValidateSend_ReturnsFalse_ForWhitespaceOnlyMessage" fullname="AshenThrone.Tests.Alliance.AllianceChatManagerTests.ValidateSend_ReturnsFalse_ForWhitespaceOnlyMessage" methodname="ValidateSend_ReturnsFalse_ForWhitespaceOnlyMessage" classname="AshenThrone.Tests.Alliance.AllianceChatManagerTests" runstate="Runnable" seed="867943370" result="Passed" start-time="2026-03-07 23:45:52Z" end-time="2026-03-07 23:45:52Z" duration="0.000068" asserts="0">
                <properties>
                  <property name="retryIteration" value="0" />
                  <property name="repeatIteration" value="0" />
                </properties>
              </test-case>
              <test-case id="1355" name="ValidateSend_ReturnsTrue_ForValidMessage" fullname="AshenThrone.Tests.Alliance.AllianceChatManagerTests.ValidateSend_ReturnsTrue_ForValidMessage" methodname="ValidateSend_ReturnsTrue_ForValidMessage" classname="AshenThrone.Tests.Alliance.AllianceChatManagerTests" runstate="Runnable" seed="128403285" result="Passed" start-time="2026-03-07 23:45:52Z" end-time="2026-03-07 23:45:52Z" duration="0.000139" asserts="0">
                <properties>
                  <property name="retryIteration" value="0" />
                  <property name="repeatIteration" value="0" />
                </properties>
              </test-case>
              <test-case id="1356" name="ValidateSend_SanitizesMessageBody" fullname="AshenThrone.Tests.Alliance.AllianceChatManagerTests.ValidateSend_SanitizesMessageBody" methodname="ValidateSend_SanitizesMessageBody" classname="AshenThrone.Tests.Alliance.AllianceChatManagerTests" runstate="Runnable" seed="1037836262" result="Passed" start-time="2026-03-07 23:45:52Z" end-time="2026-03-07 23:45:52Z" duration="0.000073" asserts="0">
                <properties>
                  <property name="retryIteration" value="0" />
                  <property name="repeatIteration" value="0" />
                </properties>
              </test-case>
            </test-suite>
            <test-suite type="TestFixture" id="1366" name="AsyncPvpManagerTests" fullname="AshenThrone.Tests.Alliance.AsyncPvpManagerTests" classname="AshenThrone.Tests.Alliance.AsyncPvpManagerTests" runstate="Runnable" testcasecount="25" result="Passed" start-time="2026-03-07 23:45:52Z" end-time="2026-03-07 23:45:52Z" duration="0.008578" total="25" passed="25" failed="0" inconclusive="0" skipped="0" asserts="0">
              <properties />
              <test-case id="1391" name="CombatReplayData_IsHashValid_ReturnsFalse_WhenLoadoutsNull" fullname="AshenThrone.Tests.Alliance.AsyncPvpManagerTests.CombatReplayData_IsHashValid_ReturnsFalse_WhenLoadoutsNull" methodname="CombatReplayData_IsHashValid_ReturnsFalse_WhenLoadoutsNull" classname="AshenThrone.Tests.Alliance.AsyncPvpManagerTests" runstate="Runnable" seed="2074239223" result="Passed" start-time="2026-03-07 23:45:52Z" end-time="2026-03-07 23:45:52Z" duration="0.000272" asserts="0">
                <properties>
                  <property name="retryIteration" value="0" />
                  <property name="repeatIteration" value="0" />
                </properties>
              </test-case>
              <test-case id="1375" name="ComputeLoadoutHash_ReturnsDifferentHash_WhenHeroLevelChanges" fullname="AshenThrone.Tests.Alliance.AsyncPvpManagerTests.ComputeLoadoutHash_ReturnsDifferentHash_WhenHeroLevelChanges" methodname="ComputeLoadoutHash_ReturnsDifferentHash_WhenHeroLevelChanges" classname="AshenThrone.Tests.Alliance.AsyncPvpManagerTests" runstate="Runnable" seed="1712808739" result="Passed" start-time="2026-03-07 23:45:52Z" end-time="2026-03-07 23:45:52Z" duration="0.001207" asserts="0">
                <properties>
                  <property name="retryIteration" value="0" />
                  <property name="repeatIteration" value="0" />
                </properties>
              </test-case>
              <test-case id="1376" name="ComputeLoadoutHash_ReturnsEmpty_ForNullLoadout" fullname="AshenThrone.Tests.Alliance.AsyncPvpManagerTests.ComputeLoadoutHash_ReturnsEmpty_ForNullLoadout" methodname="ComputeLoadoutHash_ReturnsEmpty_ForNullLoadout" classname="AshenThrone.Tests.Alliance.AsyncPvpManagerTests" runstate="Runnable" seed="1431833444" result="Passed" start-time="2026-03-07 23:45:52Z" end-time="2026-03-07 23:45:52Z" duration="0.000065" asserts="0">
                <properties>
                  <property name="retryIteration" value="0" />
                  <property name="repeatIteration" value="0" />
                </properties>
              </test-case>
              <test-case id="1374" name="ComputeLoadoutHash_ReturnsSameHash_ForIdenticalLoadouts" fullname="AshenThrone.Tests.Alliance.AsyncPvpManagerTests.ComputeLoadoutHash_ReturnsSameHash_ForIdenticalLoadouts" methodname="ComputeLoadoutHash_ReturnsSameHash_ForIdenticalLoadouts" classname="AshenThrone.Tests.Alliance.AsyncPvpManagerTests" runstate="Runnable" seed="109157981" result="Passed" start-time="2026-03-07 23:45:52Z" end-time="2026-03-07 23:45:52Z" duration="0.000086" asserts="0">
                <properties>
                  <property name="retryIteration" value="0" />
                  <property name="repeatIteration" value="0" />
                </properties>
              </test-case>
              <test-case id="1379" name="ComputeReplayHash_Returns64CharHexString" fullname="AshenThrone.Tests.Alliance.AsyncPvpManagerTests.ComputeReplayHash_Returns64CharHexString" methodname="ComputeReplayHash_Returns64CharHexString" classname="AshenThrone.Tests.Alliance.AsyncPvpManagerTests" runstate="Runnable" seed="521578322" result="Passed" start-time="2026-03-07 23:45:52Z" end-time="2026-03-07 23:45:52Z" duration="0.000153" asserts="0">
                <properties>
                  <property name="retryIteration" value="0" />
                  <property name="repeatIteration" value="0" />
                </properties>
              </test-case>
              <test-case id="1378" name="ComputeReplayHash_ReturnsDifferentHash_WhenOutcomeChanges" fullname="AshenThrone.Tests.Alliance.AsyncPvpManagerTests.ComputeReplayHash_ReturnsDifferentHash_WhenOutcomeChanges" methodname="ComputeReplayHash_ReturnsDifferentHash_WhenOutcomeChanges" classname="AshenThrone.Tests.Alliance.AsyncPvpManagerTests" runstate="Runnable" seed="938890171" result="Passed" start-time="2026-03-07 23:45:52Z" end-time="2026-03-07 23:45:52Z" duration="0.000075" asserts="0">
                <properties>
                  <property name="retryIteration" value="0" />
                  <property name="repeatIteration" value="0" />
                </properties>
              </test-case>
              <test-case id="1377" name="ComputeReplayHash_ReturnsSameHash_ForSameInputs" fullname="AshenThrone.Tests.Alliance.AsyncPvpManagerTests.ComputeReplayHash_ReturnsSameHash_ForSameInputs" methodname="ComputeReplayHash_ReturnsSameHash_ForSameInputs" classname="AshenThrone.Tests.Alliance.AsyncPvpManagerTests" runstate="Runnable" seed="1490551217" result="Passed" start-time="2026-03-07 23:45:52Z" end-time="2026-03-07 23:45:52Z" duration="0.000070" asserts="0">
                <properties>
                  <property name="retryIteration" value="0" />
                  <property name="repeatIteration" value="0" />
                </properties>
              </test-case>
              <test-case id="1390" name="GetReplay_ReturnsCorrectReplay_ByReplayId" fullname="AshenThrone.Tests.Alliance.AsyncPvpManagerTests.GetReplay_ReturnsCorrectReplay_ByReplayId" methodname="GetReplay_ReturnsCorrectReplay_ByReplayId" classname="AshenThrone.Tests.Alliance.AsyncPvpManagerTests" runstate="Runnable" seed="812554853" result="Passed" start-time="2026-03-07 23:45:52Z" end-time="2026-03-07 23:45:52Z" duration="0.000387" asserts="0">
                <properties>
                  <property name="retryIteration" value="0" />
                  <property name="repeatIteration" value="0" />
                </properties>
              </test-case>
              <test-case id="1389" name="GetReplay_ReturnsNull_ForNullId" fullname="AshenThrone.Tests.Alliance.AsyncPvpManagerTests.GetReplay_ReturnsNull_ForNullId" methodname="GetReplay_ReturnsNull_ForNullId" classname="AshenThrone.Tests.Alliance.AsyncPvpManagerTests" runstate="Runnable" seed="1162536590" result="Passed" start-time="2026-03-07 23:45:52Z" end-time="2026-03-07 23:45:52Z" duration="0.000082" asserts="0">
                <properties>
                  <property name="retryIteration" value="0" />
                  <property name="repeatIteration" value="0" />
                </properties>
              </test-case>
              <test-case id="1383" name="ReceiveReplay_AddsToHistory_WhenValid" fullname="AshenThrone.Tests.Alliance.AsyncPvpManagerTests.ReceiveReplay_AddsToHistory_WhenValid" methodname="ReceiveReplay_AddsToHistory_WhenValid" classname="AshenThrone.Tests.Alliance.AsyncPvpManagerTests" runstate="Runnable" seed="1102124607" result="Passed" start-time="2026-03-07 23:45:52Z" end-time="2026-03-07 23:45:52Z" duration="0.000101" asserts="0">
                <properties>
                  <property name="retryIteration" value="0" />
                  <property name="repeatIteration" value="0" />
                </properties>
              </test-case>
              <test-case id="1384" name="ReceiveReplay_EvictsOldest_WhenHistoryFull" fullname="AshenThrone.Tests.Alliance.AsyncPvpManagerTests.ReceiveReplay_EvictsOldest_WhenHistoryFull" methodname="ReceiveReplay_EvictsOldest_WhenHistoryFull" classname="AshenThrone.Tests.Alliance.AsyncPvpManagerTests" runstate="Runnable" seed="1121186926" result="Passed" start-time="2026-03-07 23:45:52Z" end-time="2026-03-07 23:45:52Z" duration="0.001076" asserts="0">
                <properties>
                  <property name="retryIteration" value="0" />
                  <property name="repeatIteration" value="0" />
                </properties>
              </test-case>
              <test-case id="1385" name="ReceiveReplay_FiresOnReplayReceivedEvent" fullname="AshenThrone.Tests.Alliance.AsyncPvpManagerTests.ReceiveReplay_FiresOnReplayReceivedEvent" methodname="ReceiveReplay_FiresOnReplayReceivedEvent" classname="AshenThrone.Tests.Alliance.AsyncPvpManagerTests" runstate="Runnable" seed="1234776409" result="Passed" start-time="2026-03-07 23:45:52Z" end-time="2026-03-07 23:45:52Z" duration="0.000133" asserts="0">
                <properties>
                  <property name="retryIteration" value="0" />
                  <property name="repeatIteration" value="0" />
                </properties>
              </test-case>
              <test-case id="1380" name="ReceiveReplay_ReturnsFalse_ForNullReplay" fullname="AshenThrone.Tests.Alliance.AsyncPvpManagerTests.ReceiveReplay_ReturnsFalse_ForNullReplay" methodname="ReceiveReplay_ReturnsFalse_ForNullReplay" classname="AshenThrone.Tests.Alliance.AsyncPvpManagerTests" runstate="Runnable" seed="502234113" result="Passed" start-time="2026-03-07 23:45:52Z" end-time="2026-03-07 23:45:52Z" duration="0.000059" asserts="0">
                <properties>
                  <property name="retryIteration" value="0" />
                  <property name="repeatIteration" value="0" />
                </properties>
              </test-case>
              <test-case id="1381" name="ReceiveReplay_ReturnsFalse_WhenHashInvalid" fullname="AshenThrone.Tests.Alliance.AsyncPvpManagerTests.ReceiveReplay_ReturnsFalse_WhenHashInvalid" methodname="ReceiveReplay_ReturnsFalse_WhenHashInvalid" classname="AshenThrone.Tests.Alliance.AsyncPvpManagerTests" runstate="Runnable" seed="534268590" result="Passed" start-time="2026-03-07 23:45:52Z" end-time="2026-03-07 23:45:52Z" duration="0.000784" asserts="0">
                <properties>
                  <property name="retryIteration" value="0" />
                  <property name="repeatIteration" value="0" />
                </properties>
                <output><![CDATA[[AsyncPvpManager] Replay test_replay_1 failed hash validation. Discarding.
]]></output>
              </test-case>
              <test-case id="1382" name="ReceiveReplay_ReturnsTrue_WhenHashValid" fullname="AshenThrone.Tests.Alliance.AsyncPvpManagerTests.ReceiveReplay_ReturnsTrue_WhenHashValid" methodname="ReceiveReplay_ReturnsTrue_WhenHashValid" classname="AshenThrone.Tests.Alliance.AsyncPvpManagerTests" runstate="Runnable" seed="777084739" result="Passed" start-time="2026-03-07 23:45:52Z" end-time="2026-03-07 23:45:52Z" duration="0.000087" asserts="0">
                <properties>
                  <property name="retryIteration" value="0" />
                  <property name="repeatIteration" value="0" />
                </properties>
              </test-case>
              <test-case id="1373" name="RecordLoadout_ComputesNonEmptyIntegrityHash" fullname="AshenThrone.Tests.Alliance.AsyncPvpManagerTests.RecordLoadout_ComputesNonEmptyIntegrityHash" methodname="RecordLoadout_ComputesNonEmptyIntegrityHash" classname="AshenThrone.Tests.Alliance.AsyncPvpManagerTests" runstate="Runnable" seed="1106661036" result="Passed" start-time="2026-03-07 23:45:52Z" end-time="2026-03-07 23:45:52Z" duration="0.000285" asserts="0">
                <properties>
                  <property name="retryIteration" value="0" />
                  <property name="repeatIteration" value="0" />
                </properties>
              </test-case>
              <test-case id="1369" name="RecordLoadout_ReturnsFalse_WhenHeroListEmpty" fullname="AshenThrone.Tests.Alliance.AsyncPvpManagerTests.RecordLoadout_ReturnsFalse_WhenHeroListEmpty" methodname="RecordLoadout_ReturnsFalse_WhenHeroListEmpty" classname="AshenThrone.Tests.Alliance.AsyncPvpManagerTests" runstate="Runnable" seed="689296198" result="Passed" start-time="2026-03-07 23:45:52Z" end-time="2026-03-07 23:45:52Z" duration="0.000353" asserts="0">
                <properties>
                  <property name="retryIteration" value="0" />
                  <property name="repeatIteration" value="0" />
                </properties>
                <output><![CDATA[[AsyncPvpManager] Loadout must contain 1–3 heroes.
]]></output>
              </test-case>
              <test-case id="1368" name="RecordLoadout_ReturnsFalse_WhenHeroListNull" fullname="AshenThrone.Tests.Alliance.AsyncPvpManagerTests.RecordLoadout_ReturnsFalse_WhenHeroListNull" methodname="RecordLoadout_ReturnsFalse_WhenHeroListNull" classname="AshenThrone.Tests.Alliance.AsyncPvpManagerTests" runstate="Runnable" seed="965905859" result="Passed" start-time="2026-03-07 23:45:52Z" end-time="2026-03-07 23:45:52Z" duration="0.000290" asserts="0">
                <properties>
                  <property name="retryIteration" value="0" />
                  <property name="repeatIteration" value="0" />
                </properties>
                <output><![CDATA[[AsyncPvpManager] Loadout must contain 1–3 heroes.
]]></output>
              </test-case>
              <test-case id="1367" name="RecordLoadout_ReturnsFalse_WhenOwnerIdEmpty" fullname="AshenThrone.Tests.Alliance.AsyncPvpManagerTests.RecordLoadout_ReturnsFalse_WhenOwnerIdEmpty" methodname="RecordLoadout_ReturnsFalse_WhenOwnerIdEmpty" classname="AshenThrone.Tests.Alliance.AsyncPvpManagerTests" runstate="Runnable" seed="1784020077" result="Passed" start-time="2026-03-07 23:45:52Z" end-time="2026-03-07 23:45:52Z" duration="0.000291" asserts="0">
                <properties>
                  <property name="retryIteration" value="0" />
                  <property name="repeatIteration" value="0" />
                </properties>
                <output><![CDATA[[AsyncPvpManager] Cannot record loadout: ownerPlayFabId is null/empty.
]]></output>
              </test-case>
              <test-case id="1370" name="RecordLoadout_ReturnsFalse_WhenTooManyHeroes" fullname="AshenThrone.Tests.Alliance.AsyncPvpManagerTests.RecordLoadout_ReturnsFalse_WhenTooManyHeroes" methodname="RecordLoadout_ReturnsFalse_WhenTooManyHeroes" classname="AshenThrone.Tests.Alliance.AsyncPvpManagerTests" runstate="Runnable" seed="1147119328" result="Passed" start-time="2026-03-07 23:45:52Z" end-time="2026-03-07 23:45:52Z" duration="0.000288" asserts="0">
                <properties>
                  <property name="retryIteration" value="0" />
                  <property name="repeatIteration" value="0" />
                </properties>
                <output><![CDATA[[AsyncPvpManager] Loadout must contain 1–3 heroes.
]]></output>
              </test-case>
              <test-case id="1371" name="RecordLoadout_ReturnsTrue_WithValidInput" fullname="AshenThrone.Tests.Alliance.AsyncPvpManagerTests.RecordLoadout_ReturnsTrue_WithValidInput" methodname="RecordLoadout_ReturnsTrue_WithValidInput" classname="AshenThrone.Tests.Alliance.AsyncPvpManagerTests" runstate="Runnable" seed="1661317171" result="Passed" start-time="2026-03-07 23:45:52Z" end-time="2026-03-07 23:45:52Z" duration="0.000067" asserts="0">
                <properties>
                  <property name="retryIteration" value="0" />
                  <property name="repeatIteration" value="0" />
                </properties>
              </test-case>
              <test-case id="1372" name="RecordLoadout_SetsLocalLoadout" fullname="AshenThrone.Tests.Alliance.AsyncPvpManagerTests.RecordLoadout_SetsLocalLoadout" methodname="RecordLoadout_SetsLocalLoadout" classname="AshenThrone.Tests.Alliance.AsyncPvpManagerTests" runstate="Runnable" seed="423689914" result="Passed" start-time="2026-03-07 23:45:52Z" end-time="2026-03-07 23:45:52Z" duration="0.000079" asserts="0">
                <properties>
                  <property name="retryIteration" value="0" />
                  <property name="repeatIteration" value="0" />
                </properties>
              </test-case>
              <test-case id="1387" name="RequestAttack_ReturnsNonNullRequestId_WhenLoadoutRecorded" fullname="AshenThrone.Tests.Alliance.AsyncPvpManagerTests.RequestAttack_ReturnsNonNullRequestId_WhenLoadoutRecorded" methodname="RequestAttack_ReturnsNonNullRequestId_WhenLoadoutRecorded" classname="AshenThrone.Tests.Alliance.AsyncPvpManagerTests" runstate="Runnable" seed="582325318" result="Passed" start-time="2026-03-07 23:45:52Z" end-time="2026-03-07 23:45:52Z" duration="0.000205" asserts="0">
                <properties>
                  <property name="retryIteration" value="0" />
                  <property name="repeatIteration" value="0" />
                </properties>
              </test-case>
              <test-case id="1388" name="RequestAttack_ReturnsNull_WhenAttackerIdEmpty" fullname="AshenThrone.Tests.Alliance.AsyncPvpManagerTests.RequestAttack_ReturnsNull_WhenAttackerIdEmpty" methodname="RequestAttack_ReturnsNull_WhenAttackerIdEmpty" classname="AshenThrone.Tests.Alliance.AsyncPvpManagerTests" runstate="Runnable" seed="347458371" result="Passed" start-time="2026-03-07 23:45:52Z" end-time="2026-03-07 23:45:52Z" duration="0.000068" asserts="0">
                <properties>
                  <property name="retryIteration" value="0" />
                  <property name="repeatIteration" value="0" />
                </properties>
              </test-case>
              <test-case id="1386" name="RequestAttack_ReturnsNull_WhenNoLoadoutRecorded" fullname="AshenThrone.Tests.Alliance.AsyncPvpManagerTests.RequestAttack_ReturnsNull_WhenNoLoadoutRecorded" methodname="RequestAttack_ReturnsNull_WhenNoLoadoutRecorded" classname="AshenThrone.Tests.Alliance.AsyncPvpManagerTests" runstate="Runnable" seed="812250832" result="Passed" start-time="2026-03-07 23:45:52Z" end-time="2026-03-07 23:45:52Z" duration="0.000291" asserts="0">
                <properties>
                  <property name="retryIteration" value="0" />
                  <property name="repeatIteration" value="0" />
                </properties>
                <output><![CDATA[[AsyncPvpManager] Cannot attack: local loadout not recorded.
]]></output>
              </test-case>
            </test-suite>
            <test-suite type="TestFixture" id="1392" name="TerritorySystemTests" fullname="AshenThrone.Tests.Alliance.TerritorySystemTests" classname="AshenThrone.Tests.Alliance.TerritorySystemTests" runstate="Runnable" testcasecount="23" result="Passed" start-time="2026-03-07 23:45:52Z" end-time="2026-03-07 23:45:52Z" duration="0.006656" total="23" passed="23" failed="0" inconclusive="0" skipped="0" asserts="0">
              <properties />
              <test-case id="1406" name="ApplyCapture_ChangesOwnership" fullname="AshenThrone.Tests.Alliance.TerritorySystemTests.ApplyCapture_ChangesOwnership" methodname="ApplyCapture_ChangesOwnership" classname="AshenThrone.Tests.Alliance.TerritorySystemTests" runstate="Runnable" seed="1219977354" result="Passed" start-time="2026-03-07 23:45:52Z" end-time="2026-03-07 23:45:52Z" duration="0.002073" asserts="0">
                <properties>
                  <property name="retryIteration" value="0" />
                  <property name="repeatIteration" value="0" />
                </properties>
              </test-case>
              <test-case id="1407" name="ApplyCapture_UpdatesAllianceIndexes" fullname="AshenThrone.Tests.Alliance.TerritorySystemTests.ApplyCapture_UpdatesAllianceIndexes" methodname="ApplyCapture_UpdatesAllianceIndexes" classname="AshenThrone.Tests.Alliance.TerritorySystemTests" runstate="Runnable" seed="1809487644" result="Passed" start-time="2026-03-07 23:45:52Z" end-time="2026-03-07 23:45:52Z" duration="0.000169" asserts="0">
                <properties>
                  <property name="retryIteration" value="0" />
                  <property name="repeatIteration" value="0" />
                </properties>
              </test-case>
              <test-case id="1408" name="AreAdjacent_AdjacentHexes_ReturnsTrue" fullname="AshenThrone.Tests.Alliance.TerritorySystemTests.AreAdjacent_AdjacentHexes_ReturnsTrue" methodname="AreAdjacent_AdjacentHexes_ReturnsTrue" classname="AshenThrone.Tests.Alliance.TerritorySystemTests" runstate="Runnable" seed="1967319011" result="Passed" start-time="2026-03-07 23:45:52Z" end-time="2026-03-07 23:45:52Z" duration="0.000202" asserts="0">
                <properties>
                  <property name="retryIteration" value="0" />
                  <property name="repeatIteration" value="0" />
                </properties>
              </test-case>
              <test-case id="1409" name="AreAdjacent_NonAdjacentHexes_ReturnsFalse" fullname="AshenThrone.Tests.Alliance.TerritorySystemTests.AreAdjacent_NonAdjacentHexes_ReturnsFalse" methodname="AreAdjacent_NonAdjacentHexes_ReturnsFalse" classname="AshenThrone.Tests.Alliance.TerritorySystemTests" runstate="Runnable" seed="1172777719" result="Passed" start-time="2026-03-07 23:45:52Z" end-time="2026-03-07 23:45:52Z" duration="0.000116" asserts="0">
                <properties>
                  <property name="retryIteration" value="0" />
                  <property name="repeatIteration" value="0" />
                </properties>
              </test-case>
              <test-case id="1404" name="GetTerritoryCount_ReturnsCorrectCount_AfterLoad" fullname="AshenThrone.Tests.Alliance.TerritorySystemTests.GetTerritoryCount_ReturnsCorrectCount_AfterLoad" methodname="GetTerritoryCount_ReturnsCorrectCount_AfterLoad" classname="AshenThrone.Tests.Alliance.TerritorySystemTests" runstate="Runnable" seed="680406424" result="Passed" start-time="2026-03-07 23:45:52Z" end-time="2026-03-07 23:45:52Z" duration="0.000149" asserts="0">
                <properties>
                  <property name="retryIteration" value="0" />
                  <property name="repeatIteration" value="0" />
                </properties>
              </test-case>
              <test-case id="1405" name="GetTerritoryCount_ReturnsZero_ForUnknownAlliance" fullname="AshenThrone.Tests.Alliance.TerritorySystemTests.GetTerritoryCount_ReturnsZero_ForUnknownAlliance" methodname="GetTerritoryCount_ReturnsZero_ForUnknownAlliance" classname="AshenThrone.Tests.Alliance.TerritorySystemTests" runstate="Runnable" seed="402322770" result="Passed" start-time="2026-03-07 23:45:52Z" end-time="2026-03-07 23:45:52Z" duration="0.000080" asserts="0">
                <properties>
                  <property name="retryIteration" value="0" />
                  <property name="repeatIteration" value="0" />
                </properties>
              </test-case>
              <test-case id="1393" name="HexCoord_Distance_AdjacentCells_ReturnsOne" fullname="AshenThrone.Tests.Alliance.TerritorySystemTests.HexCoord_Distance_AdjacentCells_ReturnsOne" methodname="HexCoord_Distance_AdjacentCells_ReturnsOne" classname="AshenThrone.Tests.Alliance.TerritorySystemTests" runstate="Runnable" seed="1171772345" result="Passed" start-time="2026-03-07 23:45:52Z" end-time="2026-03-07 23:45:52Z" duration="0.000087" asserts="0">
                <properties>
                  <property name="retryIteration" value="0" />
                  <property name="repeatIteration" value="0" />
                </properties>
              </test-case>
              <test-case id="1394" name="HexCoord_Distance_SameCell_ReturnsZero" fullname="AshenThrone.Tests.Alliance.TerritorySystemTests.HexCoord_Distance_SameCell_ReturnsZero" methodname="HexCoord_Distance_SameCell_ReturnsZero" classname="AshenThrone.Tests.Alliance.TerritorySystemTests" runstate="Runnable" seed="1849365931" result="Passed" start-time="2026-03-07 23:45:52Z" end-time="2026-03-07 23:45:52Z" duration="0.000080" asserts="0">
                <properties>
                  <property name="retryIteration" value="0" />
                  <property name="repeatIteration" value="0" />
                </properties>
              </test-case>
              <test-case id="1395" name="HexCoord_Distance_TwoCellsApart_ReturnsTwo" fullname="AshenThrone.Tests.Alliance.TerritorySystemTests.HexCoord_Distance_TwoCellsApart_ReturnsTwo" methodname="HexCoord_Distance_TwoCellsApart_ReturnsTwo" classname="AshenThrone.Tests.Alliance.TerritorySystemTests" runstate="Runnable" seed="1763682557" result="Passed" start-time="2026-03-07 23:45:52Z" end-time="2026-03-07 23:45:52Z" duration="0.000079" asserts="0">
                <properties>
                  <property name="retryIteration" value="0" />
                  <property name="repeatIteration" value="0" />
                </properties>
              </test-case>
              <test-case id="1398" name="HexCoord_Equality_DifferentValues_NotEqual" fullname="AshenThrone.Tests.Alliance.TerritorySystemTests.HexCoord_Equality_DifferentValues_NotEqual" methodname="HexCoord_Equality_DifferentValues_NotEqual" classname="AshenThrone.Tests.Alliance.TerritorySystemTests" runstate="Runnable" seed="695060841" result="Passed" start-time="2026-03-07 23:45:52Z" end-time="2026-03-07 23:45:52Z" duration="0.000543" asserts="0">
                <properties>
                  <property name="retryIteration" value="0" />
                  <property name="repeatIteration" value="0" />
                </properties>
              </test-case>
              <test-case id="1397" name="HexCoord_Equality_SameValues_AreEqual" fullname="AshenThrone.Tests.Alliance.TerritorySystemTests.HexCoord_Equality_SameValues_AreEqual" methodname="HexCoord_Equality_SameValues_AreEqual" classname="AshenThrone.Tests.Alliance.TerritorySystemTests" runstate="Runnable" seed="1401417732" result="Passed" start-time="2026-03-07 23:45:52Z" end-time="2026-03-07 23:45:52Z" duration="0.000087" asserts="0">
                <properties>
                  <property name="retryIteration" value="0" />
                  <property name="repeatIteration" value="0" />
                </properties>
              </test-case>
              <test-case id="1396" name="HexCoord_Neighbors_ReturnsExactlySix" fullname="AshenThrone.Tests.Alliance.TerritorySystemTests.HexCoord_Neighbors_ReturnsExactlySix" methodname="HexCoord_Neighbors_ReturnsExactlySix" classname="AshenThrone.Tests.Alliance.TerritorySystemTests" runstate="Runnable" seed="11831055" result="Passed" start-time="2026-03-07 23:45:52Z" end-time="2026-03-07 23:45:52Z" duration="0.000122" asserts="0">
                <properties>
                  <property name="retryIteration" value="0" />
                  <property name="repeatIteration" value="0" />
                </properties>
              </test-case>
              <test-case id="1401" name="InitializeMap_IgnoresNullEntries" fullname="AshenThrone.Tests.Alliance.TerritorySystemTests.InitializeMap_IgnoresNullEntries" methodname="InitializeMap_IgnoresNullEntries" classname="AshenThrone.Tests.Alliance.TerritorySystemTests" runstate="Runnable" seed="1031253203" result="Passed" start-time="2026-03-07 23:45:52Z" end-time="2026-03-07 23:45:52Z" duration="0.000204" asserts="0">
                <properties>
                  <property name="retryIteration" value="0" />
                  <property name="repeatIteration" value="0" />
                </properties>
              </test-case>
              <test-case id="1400" name="InitializeMap_PopulatesRegions" fullname="AshenThrone.Tests.Alliance.TerritorySystemTests.InitializeMap_PopulatesRegions" methodname="InitializeMap_PopulatesRegions" classname="AshenThrone.Tests.Alliance.TerritorySystemTests" runstate="Runnable" seed="748606976" result="Passed" start-time="2026-03-07 23:45:52Z" end-time="2026-03-07 23:45:52Z" duration="0.000100" asserts="0">
                <properties>
                  <property name="retryIteration" value="0" />
                  <property name="repeatIteration" value="0" />
                </properties>
              </test-case>
              <test-case id="1399" name="InitializeMap_Throws_WhenRegionsIsNull" fullname="AshenThrone.Tests.Alliance.TerritorySystemTests.InitializeMap_Throws_WhenRegionsIsNull" methodname="InitializeMap_Throws_WhenRegionsIsNull" classname="AshenThrone.Tests.Alliance.TerritorySystemTests" runstate="Runnable" seed="6886368" result="Passed" start-time="2026-03-07 23:45:52Z" end-time="2026-03-07 23:45:52Z" duration="0.000121" asserts="0">
                <properties>
                  <property name="retryIteration" value="0" />
                  <property name="repeatIteration" value="0" />
                </properties>
              </test-case>
              <test-case id="1410" name="IsAttackable_ReturnsFalse_WhenAllianceOwnsRegion" fullname="AshenThrone.Tests.Alliance.TerritorySystemTests.IsAttackable_ReturnsFalse_WhenAllianceOwnsRegion" methodname="IsAttackable_ReturnsFalse_WhenAllianceOwnsRegion" classname="AshenThrone.Tests.Alliance.TerritorySystemTests" runstate="Runnable" seed="2091741885" result="Passed" start-time="2026-03-07 23:45:52Z" end-time="2026-03-07 23:45:52Z" duration="0.000178" asserts="0">
                <properties>
                  <property name="retryIteration" value="0" />
                  <property name="repeatIteration" value="0" />
                </properties>
              </test-case>
              <test-case id="1411" name="IsAttackable_ReturnsFalse_WhenNoAdjacentOwnedRegion" fullname="AshenThrone.Tests.Alliance.TerritorySystemTests.IsAttackable_ReturnsFalse_WhenNoAdjacentOwnedRegion" methodname="IsAttackable_ReturnsFalse_WhenNoAdjacentOwnedRegion" classname="AshenThrone.Tests.Alliance.TerritorySystemTests" runstate="Runnable" seed="684465840" result="Passed" start-time="2026-03-07 23:45:52Z" end-time="2026-03-07 23:45:52Z" duration="0.000146" asserts="0">
                <properties>
                  <property name="retryIteration" value="0" />
                  <property name="repeatIteration" value="0" />
                </properties>
              </test-case>
              <test-case id="1412" name="IsAttackable_ReturnsTrue_WhenAdjacentOwnedRegionExists" fullname="AshenThrone.Tests.Alliance.TerritorySystemTests.IsAttackable_ReturnsTrue_WhenAdjacentOwnedRegionExists" methodname="IsAttackable_ReturnsTrue_WhenAdjacentOwnedRegionExists" classname="AshenThrone.Tests.Alliance.TerritorySystemTests" runstate="Runnable" seed="68807833" result="Passed" start-time="2026-03-07 23:45:52Z" end-time="2026-03-07 23:45:52Z" duration="0.000137" asserts="0">
                <properties>
                  <property name="retryIteration" value="0" />
                  <property name="repeatIteration" value="0" />
                </properties>
              </test-case>
              <test-case id="1403" name="LoadFromServerData_NeutralRegions_HaveNullOwner" fullname="AshenThrone.Tests.Alliance.TerritorySystemTests.LoadFromServerData_NeutralRegions_HaveNullOwner" methodname="LoadFromServerData_NeutralRegions_HaveNullOwner" classname="AshenThrone.Tests.Alliance.TerritorySystemTests" runstate="Runnable" seed="149942645" result="Passed" start-time="2026-03-07 23:45:52Z" end-time="2026-03-07 23:45:52Z" duration="0.000110" asserts="0">
                <properties>
                  <property name="retryIteration" value="0" />
                  <property name="repeatIteration" value="0" />
                </properties>
              </test-case>
              <test-case id="1402" name="LoadFromServerData_SetsOwnership" fullname="AshenThrone.Tests.Alliance.TerritorySystemTests.LoadFromServerData_SetsOwnership" methodname="LoadFromServerData_SetsOwnership" classname="AshenThrone.Tests.Alliance.TerritorySystemTests" runstate="Runnable" seed="364747597" result="Passed" start-time="2026-03-07 23:45:52Z" end-time="2026-03-07 23:45:52Z" duration="0.000121" asserts="0">
                <properties>
                  <property name="retryIteration" value="0" />
                  <property name="repeatIteration" value="0" />
                </properties>
              </test-case>
              <test-case id="1415" name="TerritoryRegion_TakeFortificationDamage_DoesNotGoBelowZero" fullname="AshenThrone.Tests.Alliance.TerritorySystemTests.TerritoryRegion_TakeFortificationDamage_DoesNotGoBelowZero" methodname="TerritoryRegion_TakeFortificationDamage_DoesNotGoBelowZero" classname="AshenThrone.Tests.Alliance.TerritorySystemTests" runstate="Runnable" seed="1425246543" result="Passed" start-time="2026-03-07 23:45:52Z" end-time="2026-03-07 23:45:52Z" duration="0.000116" asserts="0">
                <properties>
                  <property name="retryIteration" value="0" />
                  <property name="repeatIteration" value="0" />
                </properties>
              </test-case>
              <test-case id="1413" name="TerritoryRegion_TakeFortificationDamage_ReducesHp" fullname="AshenThrone.Tests.Alliance.TerritorySystemTests.TerritoryRegion_TakeFortificationDamage_ReducesHp" methodname="TerritoryRegion_TakeFortificationDamage_ReducesHp" classname="AshenThrone.Tests.Alliance.TerritorySystemTests" runstate="Runnable" seed="852187030" result="Passed" start-time="2026-03-07 23:45:52Z" end-time="2026-03-07 23:45:52Z" duration="0.000089" asserts="0">
                <properties>
                  <property name="retryIteration" value="0" />
                  <property name="repeatIteration" value="0" />
                </properties>
              </test-case>
              <test-case id="1414" name="TerritoryRegion_TakeFortificationDamage_ReturnsTrue_WhenDestroyed" fullname="AshenThrone.Tests.Alliance.TerritorySystemTests.TerritoryRegion_TakeFortificationDamage_ReturnsTrue_WhenDestroyed" methodname="TerritoryRegion_TakeFortificationDamage_ReturnsTrue_WhenDestroyed" classname="AshenThrone.Tests.Alliance.TerritorySystemTests" runstate="Runnable" seed="494135094" result="Passed" start-time="2026-03-07 23:45:52Z" end-time="2026-03-07 23:45:52Z" duration="0.000088" asserts="0">
                <properties>
                  <property name="retryIteration" value="0" />
                  <property name="repeatIteration" value="0" />
                </properties>
              </test-case>
            </test-suite>
            <test-suite type="TestFixture" id="1416" name="WarEngineTests" fullname="AshenThrone.Tests.Alliance.WarEngineTests" classname="AshenThrone.Tests.Alliance.WarEngineTests" runstate="Runnable" testcasecount="26" result="Passed" start-time="2026-03-07 23:45:52Z" end-time="2026-03-07 23:45:52Z" duration="0.003756" total="26" passed="26" failed="0" inconclusive="0" skipped="0" asserts="0">
              <properties />
              <test-case id="1420" name="ComputeAttackerPower_MultipleAttackers_GreaterThanSum" fullname="AshenThrone.Tests.Alliance.WarEngineTests.ComputeAttackerPower_MultipleAttackers_GreaterThanSum" methodname="ComputeAttackerPower_MultipleAttackers_GreaterThanSum" classname="AshenThrone.Tests.Alliance.WarEngineTests" runstate="Runnable" seed="848972228" result="Passed" start-time="2026-03-07 23:45:52Z" end-time="2026-03-07 23:45:52Z" duration="0.000357" asserts="0">
                <properties>
                  <property name="retryIteration" value="0" />
                  <property name="repeatIteration" value="0" />
                </properties>
              </test-case>
              <test-case id="1421" name="ComputeAttackerPower_NegativeScores_ClampedToZero" fullname="AshenThrone.Tests.Alliance.WarEngineTests.ComputeAttackerPower_NegativeScores_ClampedToZero" methodname="ComputeAttackerPower_NegativeScores_ClampedToZero" classname="AshenThrone.Tests.Alliance.WarEngineTests" runstate="Runnable" seed="1695741515" result="Passed" start-time="2026-03-07 23:45:52Z" end-time="2026-03-07 23:45:52Z" duration="0.000065" asserts="0">
                <properties>
                  <property name="retryIteration" value="0" />
                  <property name="repeatIteration" value="0" />
                </properties>
              </test-case>
              <test-case id="1417" name="ComputeAttackerPower_ReturnsZero_ForEmptyList" fullname="AshenThrone.Tests.Alliance.WarEngineTests.ComputeAttackerPower_ReturnsZero_ForEmptyList" methodname="ComputeAttackerPower_ReturnsZero_ForEmptyList" classname="AshenThrone.Tests.Alliance.WarEngineTests" runstate="Runnable" seed="2008716530" result="Passed" start-time="2026-03-07 23:45:52Z" end-time="2026-03-07 23:45:52Z" duration="0.000038" asserts="0">
                <properties>
                  <property name="retryIteration" value="0" />
                  <property name="repeatIteration" value="0" />
                </properties>
              </test-case>
              <test-case id="1418" name="ComputeAttackerPower_ReturnsZero_ForNullList" fullname="AshenThrone.Tests.Alliance.WarEngineTests.ComputeAttackerPower_ReturnsZero_ForNullList" methodname="ComputeAttackerPower_ReturnsZero_ForNullList" classname="AshenThrone.Tests.Alliance.WarEngineTests" runstate="Runnable" seed="361723607" result="Passed" start-time="2026-03-07 23:45:52Z" end-time="2026-03-07 23:45:52Z" duration="0.000030" asserts="0">
                <properties>
                  <property name="retryIteration" value="0" />
                  <property name="repeatIteration" value="0" />
                </properties>
              </test-case>
              <test-case id="1419" name="ComputeAttackerPower_SingleAttacker_ReturnBasePower" fullname="AshenThrone.Tests.Alliance.WarEngineTests.ComputeAttackerPower_SingleAttacker_ReturnBasePower" methodname="ComputeAttackerPower_SingleAttacker_ReturnBasePower" classname="AshenThrone.Tests.Alliance.WarEngineTests" runstate="Runnable" seed="1503335502" result="Passed" start-time="2026-03-07 23:45:52Z" end-time="2026-03-07 23:45:52Z" duration="0.000050" asserts="0">
                <properties>
                  <property name="retryIteration" value="0" />
                  <property name="repeatIteration" value="0" />
                </properties>
              </test-case>
              <test-case id="1428" name="ComputeResultHash_Returns64CharHexString" fullname="AshenThrone.Tests.Alliance.WarEngineTests.ComputeResultHash_Returns64CharHexString" methodname="ComputeResultHash_Returns64CharHexString" classname="AshenThrone.Tests.Alliance.WarEngineTests" runstate="Runnable" seed="1835316803" result="Passed" start-time="2026-03-07 23:45:52Z" end-time="2026-03-07 23:45:52Z" duration="0.000236" asserts="0">
                <properties>
                  <property name="retryIteration" value="0" />
                  <property name="repeatIteration" value="0" />
                </properties>
              </test-case>
              <test-case id="1427" name="ComputeResultHash_ReturnsDifferentHash_ForDifferentOutcomes" fullname="AshenThrone.Tests.Alliance.WarEngineTests.ComputeResultHash_ReturnsDifferentHash_ForDifferentOutcomes" methodname="ComputeResultHash_ReturnsDifferentHash_ForDifferentOutcomes" classname="AshenThrone.Tests.Alliance.WarEngineTests" runstate="Runnable" seed="280469356" result="Passed" start-time="2026-03-07 23:45:52Z" end-time="2026-03-07 23:45:52Z" duration="0.000046" asserts="0">
                <properties>
                  <property name="retryIteration" value="0" />
                  <property name="repeatIteration" value="0" />
                </properties>
              </test-case>
              <test-case id="1426" name="ComputeResultHash_ReturnsSameHash_ForSameInputs" fullname="AshenThrone.Tests.Alliance.WarEngineTests.ComputeResultHash_ReturnsSameHash_ForSameInputs" methodname="ComputeResultHash_ReturnsSameHash_ForSameInputs" classname="AshenThrone.Tests.Alliance.WarEngineTests" runstate="Runnable" seed="361083880" result="Passed" start-time="2026-03-07 23:45:52Z" end-time="2026-03-07 23:45:52Z" duration="0.000041" asserts="0">
                <properties>
                  <property name="retryIteration" value="0" />
                  <property name="repeatIteration" value="0" />
                </properties>
              </test-case>
              <test-case id="1438" name="RallyAttack_Cancel_SetsStateToCancelled" fullname="AshenThrone.Tests.Alliance.WarEngineTests.RallyAttack_Cancel_SetsStateToCancelled" methodname="RallyAttack_Cancel_SetsStateToCancelled" classname="AshenThrone.Tests.Alliance.WarEngineTests" runstate="Runnable" seed="673939716" result="Passed" start-time="2026-03-07 23:45:52Z" end-time="2026-03-07 23:45:52Z" duration="0.000215" asserts="0">
                <properties>
                  <property name="retryIteration" value="0" />
                  <property name="repeatIteration" value="0" />
                </properties>
              </test-case>
              <test-case id="1432" name="RallyAttack_OrganizerAutoJoins" fullname="AshenThrone.Tests.Alliance.WarEngineTests.RallyAttack_OrganizerAutoJoins" methodname="RallyAttack_OrganizerAutoJoins" classname="AshenThrone.Tests.Alliance.WarEngineTests" runstate="Runnable" seed="1642233051" result="Passed" start-time="2026-03-07 23:45:52Z" end-time="2026-03-07 23:45:52Z" duration="0.000094" asserts="0">
                <properties>
                  <property name="retryIteration" value="0" />
                  <property name="repeatIteration" value="0" />
                </properties>
              </test-case>
              <test-case id="1431" name="RallyAttack_ThrowsArgumentException_WhenRallyIdEmpty" fullname="AshenThrone.Tests.Alliance.WarEngineTests.RallyAttack_ThrowsArgumentException_WhenRallyIdEmpty" methodname="RallyAttack_ThrowsArgumentException_WhenRallyIdEmpty" classname="AshenThrone.Tests.Alliance.WarEngineTests" runstate="Runnable" seed="830627136" result="Passed" start-time="2026-03-07 23:45:52Z" end-time="2026-03-07 23:45:52Z" duration="0.000195" asserts="0">
                <properties>
                  <property name="retryIteration" value="0" />
                  <property name="repeatIteration" value="0" />
                </properties>
              </test-case>
              <test-case id="1433" name="RallyAttack_TryJoin_AddsMember_WhenRecruitingAndNotFull" fullname="AshenThrone.Tests.Alliance.WarEngineTests.RallyAttack_TryJoin_AddsMember_WhenRecruitingAndNotFull" methodname="RallyAttack_TryJoin_AddsMember_WhenRecruitingAndNotFull" classname="AshenThrone.Tests.Alliance.WarEngineTests" runstate="Runnable" seed="540217329" result="Passed" start-time="2026-03-07 23:45:52Z" end-time="2026-03-07 23:45:52Z" duration="0.000077" asserts="0">
                <properties>
                  <property name="retryIteration" value="0" />
                  <property name="repeatIteration" value="0" />
                </properties>
              </test-case>
              <test-case id="1439" name="RallyAttack_TryJoin_ReturnsFalse_AfterCancelled" fullname="AshenThrone.Tests.Alliance.WarEngineTests.RallyAttack_TryJoin_ReturnsFalse_AfterCancelled" methodname="RallyAttack_TryJoin_ReturnsFalse_AfterCancelled" classname="AshenThrone.Tests.Alliance.WarEngineTests" runstate="Runnable" seed="523583920" result="Passed" start-time="2026-03-07 23:45:52Z" end-time="2026-03-07 23:45:52Z" duration="0.000043" asserts="0">
                <properties>
                  <property name="retryIteration" value="0" />
                  <property name="repeatIteration" value="0" />
                </properties>
              </test-case>
              <test-case id="1435" name="RallyAttack_TryJoin_ReturnsFalse_WhenAlreadyJoined" fullname="AshenThrone.Tests.Alliance.WarEngineTests.RallyAttack_TryJoin_ReturnsFalse_WhenAlreadyJoined" methodname="RallyAttack_TryJoin_ReturnsFalse_WhenAlreadyJoined" classname="AshenThrone.Tests.Alliance.WarEngineTests" runstate="Runnable" seed="752442218" result="Passed" start-time="2026-03-07 23:45:52Z" end-time="2026-03-07 23:45:52Z" duration="0.000032" asserts="0">
                <properties>
                  <property name="retryIteration" value="0" />
                  <property name="repeatIteration" value="0" />
                </properties>
              </test-case>
              <test-case id="1434" name="RallyAttack_TryJoin_ReturnsFalse_WhenFull" fullname="AshenThrone.Tests.Alliance.WarEngineTests.RallyAttack_TryJoin_ReturnsFalse_WhenFull" methodname="RallyAttack_TryJoin_ReturnsFalse_WhenFull" classname="AshenThrone.Tests.Alliance.WarEngineTests" runstate="Runnable" seed="499153507" result="Passed" start-time="2026-03-07 23:45:52Z" end-time="2026-03-07 23:45:52Z" duration="0.000035" asserts="0">
                <properties>
                  <property name="retryIteration" value="0" />
                  <property name="repeatIteration" value="0" />
                </properties>
              </test-case>
              <test-case id="1436" name="RallyAttack_TryLaunch_ReturnsFalse_WhenBelowMinAttackers" fullname="AshenThrone.Tests.Alliance.WarEngineTests.RallyAttack_TryLaunch_ReturnsFalse_WhenBelowMinAttackers" methodname="RallyAttack_TryLaunch_ReturnsFalse_WhenBelowMinAttackers" classname="AshenThrone.Tests.Alliance.WarEngineTests" runstate="Runnable" seed="967123990" result="Passed" start-time="2026-03-07 23:45:52Z" end-time="2026-03-07 23:45:52Z" duration="0.000056" asserts="0">
                <properties>
                  <property name="retryIteration" value="0" />
                  <property name="repeatIteration" value="0" />
                </properties>
              </test-case>
              <test-case id="1437" name="RallyAttack_TryLaunch_ReturnsTrue_WhenMinMet" fullname="AshenThrone.Tests.Alliance.WarEngineTests.RallyAttack_TryLaunch_ReturnsTrue_WhenMinMet" methodname="RallyAttack_TryLaunch_ReturnsTrue_WhenMinMet" classname="AshenThrone.Tests.Alliance.WarEngineTests" runstate="Runnable" seed="1429135457" result="Passed" start-time="2026-03-07 23:45:52Z" end-time="2026-03-07 23:45:52Z" duration="0.000042" asserts="0">
                <properties>
                  <property name="retryIteration" value="0" />
                  <property name="repeatIteration" value="0" />
                </properties>
              </test-case>
              <test-case id="1422" name="ResolveAttack_AttackerWins_WhenPowerExceedsTotalDefense" fullname="AshenThrone.Tests.Alliance.WarEngineTests.ResolveAttack_AttackerWins_WhenPowerExceedsTotalDefense" methodname="ResolveAttack_AttackerWins_WhenPowerExceedsTotalDefense" classname="AshenThrone.Tests.Alliance.WarEngineTests" runstate="Runnable" seed="1686917273" result="Passed" start-time="2026-03-07 23:45:52Z" end-time="2026-03-07 23:45:52Z" duration="0.000044" asserts="0">
                <properties>
                  <property name="retryIteration" value="0" />
                  <property name="repeatIteration" value="0" />
                </properties>
              </test-case>
              <test-case id="1423" name="ResolveAttack_DefenderWins_WhenDefenseExceedsAttack" fullname="AshenThrone.Tests.Alliance.WarEngineTests.ResolveAttack_DefenderWins_WhenDefenseExceedsAttack" methodname="ResolveAttack_DefenderWins_WhenDefenseExceedsAttack" classname="AshenThrone.Tests.Alliance.WarEngineTests" runstate="Runnable" seed="1326925175" result="Passed" start-time="2026-03-07 23:45:52Z" end-time="2026-03-07 23:45:52Z" duration="0.000035" asserts="0">
                <properties>
                  <property name="retryIteration" value="0" />
                  <property name="repeatIteration" value="0" />
                </properties>
              </test-case>
              <test-case id="1424" name="ResolveAttack_Draw_WhenEqualPower" fullname="AshenThrone.Tests.Alliance.WarEngineTests.ResolveAttack_Draw_WhenEqualPower" methodname="ResolveAttack_Draw_WhenEqualPower" classname="AshenThrone.Tests.Alliance.WarEngineTests" runstate="Runnable" seed="11113205" result="Passed" start-time="2026-03-07 23:45:52Z" end-time="2026-03-07 23:45:52Z" duration="0.000037" asserts="0">
                <properties>
                  <property name="retryIteration" value="0" />
                  <property name="repeatIteration" value="0" />
                </properties>
              </test-case>
              <test-case id="1425" name="ResolveAttack_FortificationAddsToDefense" fullname="AshenThrone.Tests.Alliance.WarEngineTests.ResolveAttack_FortificationAddsToDefense" methodname="ResolveAttack_FortificationAddsToDefense" classname="AshenThrone.Tests.Alliance.WarEngineTests" runstate="Runnable" seed="172694309" result="Passed" start-time="2026-03-07 23:45:52Z" end-time="2026-03-07 23:45:52Z" duration="0.000054" asserts="0">
                <properties>
                  <property name="retryIteration" value="0" />
                  <property name="repeatIteration" value="0" />
                </properties>
              </test-case>
              <test-case id="1430" name="WarResult_IsHashValid_ReturnsFalse_ForTamperedHash" fullname="AshenThrone.Tests.Alliance.WarEngineTests.WarResult_IsHashValid_ReturnsFalse_ForTamperedHash" methodname="WarResult_IsHashValid_ReturnsFalse_ForTamperedHash" classname="AshenThrone.Tests.Alliance.WarEngineTests" runstate="Runnable" seed="1692010468" result="Passed" start-time="2026-03-07 23:45:52Z" end-time="2026-03-07 23:45:52Z" duration="0.000085" asserts="0">
                <properties>
                  <property name="retryIteration" value="0" />
                  <property name="repeatIteration" value="0" />
                </properties>
              </test-case>
              <test-case id="1429" name="WarResult_IsHashValid_ReturnsTrue_ForMatchingHash" fullname="AshenThrone.Tests.Alliance.WarEngineTests.WarResult_IsHashValid_ReturnsTrue_ForMatchingHash" methodname="WarResult_IsHashValid_ReturnsTrue_ForMatchingHash" classname="AshenThrone.Tests.Alliance.WarEngineTests" runstate="Runnable" seed="1654318096" result="Passed" start-time="2026-03-07 23:45:52Z" end-time="2026-03-07 23:45:52Z" duration="0.000039" asserts="0">
                <properties>
                  <property name="retryIteration" value="0" />
                  <property name="repeatIteration" value="0" />
                </properties>
              </test-case>
              <test-case id="1442" name="WarWindow_IsNotOpen_BeforeWindowStarts" fullname="AshenThrone.Tests.Alliance.WarEngineTests.WarWindow_IsNotOpen_BeforeWindowStarts" methodname="WarWindow_IsNotOpen_BeforeWindowStarts" classname="AshenThrone.Tests.Alliance.WarEngineTests" runstate="Runnable" seed="233358358" result="Passed" start-time="2026-03-07 23:45:52Z" end-time="2026-03-07 23:45:52Z" duration="0.000109" asserts="0">
                <properties>
                  <property name="retryIteration" value="0" />
                  <property name="repeatIteration" value="0" />
                </properties>
              </test-case>
              <test-case id="1441" name="WarWindow_IsOpen_WhenCurrentTimeWithinWindow" fullname="AshenThrone.Tests.Alliance.WarEngineTests.WarWindow_IsOpen_WhenCurrentTimeWithinWindow" methodname="WarWindow_IsOpen_WhenCurrentTimeWithinWindow" classname="AshenThrone.Tests.Alliance.WarEngineTests" runstate="Runnable" seed="440737566" result="Passed" start-time="2026-03-07 23:45:52Z" end-time="2026-03-07 23:45:52Z" duration="0.000053" asserts="0">
                <properties>
                  <property name="retryIteration" value="0" />
                  <property name="repeatIteration" value="0" />
                </properties>
              </test-case>
              <test-case id="1440" name="WarWindow_ThrowsArgumentException_WhenCloseBeforeOpen" fullname="AshenThrone.Tests.Alliance.WarEngineTests.WarWindow_ThrowsArgumentException_WhenCloseBeforeOpen" methodname="WarWindow_ThrowsArgumentException_WhenCloseBeforeOpen" classname="AshenThrone.Tests.Alliance.WarEngineTests" runstate="Runnable" seed="1809329601" result="Passed" start-time="2026-03-07 23:45:52Z" end-time="2026-03-07 23:45:52Z" duration="0.000076" asserts="0">
                <properties>
                  <property name="retryIteration" value="0" />
                  <property name="repeatIteration" value="0" />
                </properties>
              </test-case>
            </test-suite>
          </test-suite>
          <test-suite type="TestSuite" id="1450" name="Combat" fullname="AshenThrone.Tests.Combat" runstate="Runnable" testcasecount="60" result="Skipped" label="Ignored" start-time="2026-03-07 23:45:52Z" end-time="2026-03-07 23:45:52Z" duration="0.041264" total="60" passed="58" failed="0" inconclusive="0" skipped="2" asserts="0">
            <properties />
            <reason>
              <message><![CDATA[One or more child tests were ignored]]></message>
            </reason>
            <test-suite type="TestFixture" id="1281" name="AbilityResolverTests" fullname="AshenThrone.Tests.Combat.AbilityResolverTests" classname="AshenThrone.Tests.Combat.AbilityResolverTests" runstate="Runnable" testcasecount="10" result="Passed" start-time="2026-03-07 23:45:52Z" end-time="2026-03-07 23:45:52Z" duration="0.008259" total="10" passed="10" failed="0" inconclusive="0" skipped="0" asserts="0">
              <properties />
              <test-case id="1291" name="AllEnemies_TargetType_HitsAllLivingEnemies" fullname="AshenThrone.Tests.Combat.AbilityResolverTests.AllEnemies_TargetType_HitsAllLivingEnemies" methodname="AllEnemies_TargetType_HitsAllLivingEnemies" classname="AshenThrone.Tests.Combat.AbilityResolverTests" runstate="Runnable" seed="1959157297" result="Passed" start-time="2026-03-07 23:45:52Z" end-time="2026-03-07 23:45:52Z" duration="0.003527" asserts="0">
                <properties>
                  <property name="retryIteration" value="0" />
                  <property name="repeatIteration" value="0" />
                </properties>
              </test-case>
              <test-case id="1282" name="AttackCard_DealsExpectedDamage_ToEnemy" fullname="AshenThrone.Tests.Combat.AbilityResolverTests.AttackCard_DealsExpectedDamage_ToEnemy" methodname="AttackCard_DealsExpectedDamage_ToEnemy" classname="AshenThrone.Tests.Combat.AbilityResolverTests" runstate="Runnable" seed="992992376" result="Passed" start-time="2026-03-07 23:45:52Z" end-time="2026-03-07 23:45:52Z" duration="0.000454" asserts="0">
                <properties>
                  <property name="retryIteration" value="0" />
                  <property name="repeatIteration" value="0" />
                </properties>
              </test-case>
              <test-case id="1285" name="AttackCard_DoesNotHitDeadTarget" fullname="AshenThrone.Tests.Combat.AbilityResolverTests.AttackCard_DoesNotHitDeadTarget" methodname="AttackCard_DoesNotHitDeadTarget" classname="AshenThrone.Tests.Combat.AbilityResolverTests" runstate="Runnable" seed="471146554" result="Passed" start-time="2026-03-07 23:45:52Z" end-time="2026-03-07 23:45:52Z" duration="0.000331" asserts="0">
                <properties>
                  <property name="retryIteration" value="0" />
                  <property name="repeatIteration" value="0" />
                </properties>
              </test-case>
              <test-case id="1283" name="AttackCard_NeverDealsZeroDamage_WhenTargetHasHighDefense" fullname="AshenThrone.Tests.Combat.AbilityResolverTests.AttackCard_NeverDealsZeroDamage_WhenTargetHasHighDefense" methodname="AttackCard_NeverDealsZeroDamage_WhenTargetHasHighDefense" classname="AshenThrone.Tests.Combat.AbilityResolverTests" runstate="Runnable" seed="553506114" result="Passed" start-time="2026-03-07 23:45:52Z" end-time="2026-03-07 23:45:52Z" duration="0.000233" asserts="0">
                <properties>
                  <property name="retryIteration" value="0" />
                  <property name="repeatIteration" value="0" />
                </properties>
              </test-case>
              <test-case id="1284" name="AttackCard_WithComboBonus_DealsIncreasedDamage" fullname="AshenThrone.Tests.Combat.AbilityResolverTests.AttackCard_WithComboBonus_DealsIncreasedDamage" methodname="AttackCard_WithComboBonus_DealsIncreasedDamage" classname="AshenThrone.Tests.Combat.AbilityResolverTests" runstate="Runnable" seed="2089926919" result="Passed" start-time="2026-03-07 23:45:52Z" end-time="2026-03-07 23:45:52Z" duration="0.000188" asserts="0">
                <properties>
                  <property name="retryIteration" value="0" />
                  <property name="repeatIteration" value="0" />
                </properties>
              </test-case>
              <test-case id="1290" name="Constructor_ThrowsArgumentNullException_WhenGridIsNull" fullname="AshenThrone.Tests.Combat.AbilityResolverTests.Constructor_ThrowsArgumentNullException_WhenGridIsNull" methodname="Constructor_ThrowsArgumentNullException_WhenGridIsNull" classname="AshenThrone.Tests.Combat.AbilityResolverTests" runstate="Runnable" seed="1715236273" result="Passed" start-time="2026-03-07 23:45:52Z" end-time="2026-03-07 23:45:52Z" duration="0.000119" asserts="0">
                <properties>
                  <property name="retryIteration" value="0" />
                  <property name="repeatIteration" value="0" />
                </properties>
              </test-case>
              <test-case id="1287" name="HealCard_DoesNotOverheal_BeyondMaxHealth" fullname="AshenThrone.Tests.Combat.AbilityResolverTests.HealCard_DoesNotOverheal_BeyondMaxHealth" methodname="HealCard_DoesNotOverheal_BeyondMaxHealth" classname="AshenThrone.Tests.Combat.AbilityResolverTests" runstate="Runnable" seed="1728688262" result="Passed" start-time="2026-03-07 23:45:52Z" end-time="2026-03-07 23:45:52Z" duration="0.000400" asserts="0">
                <properties>
                  <property name="retryIteration" value="0" />
                  <property name="repeatIteration" value="0" />
                </properties>
              </test-case>
              <test-case id="1286" name="HealCard_RestoresExpectedHp_ToAlly" fullname="AshenThrone.Tests.Combat.AbilityResolverTests.HealCard_RestoresExpectedHp_ToAlly" methodname="HealCard_RestoresExpectedHp_ToAlly" classname="AshenThrone.Tests.Combat.AbilityResolverTests" runstate="Runnable" seed="917405111" result="Passed" start-time="2026-03-07 23:45:52Z" end-time="2026-03-07 23:45:52Z" duration="0.000310" asserts="0">
                <properties>
                  <property name="retryIteration" value="0" />
                  <property name="repeatIteration" value="0" />
                </properties>
              </test-case>
              <test-case id="1288" name="Resolve_ThrowsArgumentNullException_WhenCardIsNull" fullname="AshenThrone.Tests.Combat.AbilityResolverTests.Resolve_ThrowsArgumentNullException_WhenCardIsNull" methodname="Resolve_ThrowsArgumentNullException_WhenCardIsNull" classname="AshenThrone.Tests.Combat.AbilityResolverTests" runstate="Runnable" seed="773889764" result="Passed" start-time="2026-03-07 23:45:52Z" end-time="2026-03-07 23:45:52Z" duration="0.000159" asserts="0">
                <properties>
                  <property name="retryIteration" value="0" />
                  <property name="repeatIteration" value="0" />
                </properties>
              </test-case>
              <test-case id="1289" name="Resolve_ThrowsArgumentNullException_WhenCasterIsNull" fullname="AshenThrone.Tests.Combat.AbilityResolverTests.Resolve_ThrowsArgumentNullException_WhenCasterIsNull" methodname="Resolve_ThrowsArgumentNullException_WhenCasterIsNull" classname="AshenThrone.Tests.Combat.AbilityResolverTests" runstate="Runnable" seed="1637684683" result="Passed" start-time="2026-03-07 23:45:52Z" end-time="2026-03-07 23:45:52Z" duration="0.000159" asserts="0">
                <properties>
                  <property name="retryIteration" value="0" />
                  <property name="repeatIteration" value="0" />
                </properties>
              </test-case>
            </test-suite>
            <test-suite type="TestFixture" id="1292" name="CardHandManagerTests" fullname="AshenThrone.Tests.Combat.CardHandManagerTests" classname="AshenThrone.Tests.Combat.CardHandManagerTests" runstate="Runnable" testcasecount="25" result="Skipped" label="Ignored" start-time="2026-03-07 23:45:52Z" end-time="2026-03-07 23:45:52Z" duration="0.009482" total="25" passed="23" failed="0" inconclusive="0" skipped="2" asserts="0">
              <properties />
              <reason>
                <message><![CDATA[One or more child tests were ignored]]></message>
              </reason>
              <test-case id="1314" name="DiscardCard_DoesNotThrow_WhenCardNotInHand" fullname="AshenThrone.Tests.Combat.CardHandManagerTests.DiscardCard_DoesNotThrow_WhenCardNotInHand" methodname="DiscardCard_DoesNotThrow_WhenCardNotInHand" classname="AshenThrone.Tests.Combat.CardHandManagerTests" runstate="Runnable" seed="369598596" result="Passed" start-time="2026-03-07 23:45:52Z" end-time="2026-03-07 23:45:52Z" duration="0.000935" asserts="0">
                <properties>
                  <property name="retryIteration" value="0" />
                  <property name="repeatIteration" value="0" />
                </properties>
              </test-case>
              <test-case id="1315" name="DiscardCard_FiresOnCardDiscardedEvent" fullname="AshenThrone.Tests.Combat.CardHandManagerTests.DiscardCard_FiresOnCardDiscardedEvent" methodname="DiscardCard_FiresOnCardDiscardedEvent" classname="AshenThrone.Tests.Combat.CardHandManagerTests" runstate="Runnable" seed="1465882925" result="Passed" start-time="2026-03-07 23:45:52Z" end-time="2026-03-07 23:45:52Z" duration="0.000490" asserts="0">
                <properties>
                  <property name="retryIteration" value="0" />
                  <property name="repeatIteration" value="0" />
                </properties>
              </test-case>
              <test-case id="1313" name="DiscardCard_RemovesCardFromHand" fullname="AshenThrone.Tests.Combat.CardHandManagerTests.DiscardCard_RemovesCardFromHand" methodname="DiscardCard_RemovesCardFromHand" classname="AshenThrone.Tests.Combat.CardHandManagerTests" runstate="Runnable" seed="413252402" result="Passed" start-time="2026-03-07 23:45:52Z" end-time="2026-03-07 23:45:52Z" duration="0.000215" asserts="0">
                <properties>
                  <property name="retryIteration" value="0" />
                  <property name="repeatIteration" value="0" />
                </properties>
              </test-case>
              <test-case id="1303" name="DrawForTurn_DecrementsDeckCount" fullname="AshenThrone.Tests.Combat.CardHandManagerTests.DrawForTurn_DecrementsDeckCount" methodname="DrawForTurn_DecrementsDeckCount" classname="AshenThrone.Tests.Combat.CardHandManagerTests" runstate="Runnable" seed="443002956" result="Passed" start-time="2026-03-07 23:45:52Z" end-time="2026-03-07 23:45:52Z" duration="0.000155" asserts="0">
                <properties>
                  <property name="retryIteration" value="0" />
                  <property name="repeatIteration" value="0" />
                </properties>
              </test-case>
              <test-case id="1301" name="DrawForTurn_DoesNotExceedMaxHandSize" fullname="AshenThrone.Tests.Combat.CardHandManagerTests.DrawForTurn_DoesNotExceedMaxHandSize" methodname="DrawForTurn_DoesNotExceedMaxHandSize" classname="AshenThrone.Tests.Combat.CardHandManagerTests" runstate="Runnable" seed="673724580" result="Passed" start-time="2026-03-07 23:45:52Z" end-time="2026-03-07 23:45:52Z" duration="0.000151" asserts="0">
                <properties>
                  <property name="retryIteration" value="0" />
                  <property name="repeatIteration" value="0" />
                </properties>
              </test-case>
[...]
                </properties>
              </test-case>
              <test-case id="1019" name="Initialize_NullSave_AutoDetectsLanguage" fullname="AshenThrone.Tests.UI.LocalizationBootstrapTests.Initialize_NullSave_AutoDetectsLanguage" methodname="Initialize_NullSave_AutoDetectsLanguage" classname="AshenThrone.Tests.UI.LocalizationBootstrapTests" runstate="Runnable" seed="1322871496" result="Passed" start-time="2026-03-07 23:45:52Z" end-time="2026-03-07 23:45:52Z" duration="0.000074" asserts="0">
                <properties>
                  <property name="retryIteration" value="0" />
                  <property name="repeatIteration" value="0" />
                </properties>
              </test-case>
              <test-case id="1020" name="Initialize_WithSave_RestoresLanguage" fullname="AshenThrone.Tests.UI.LocalizationBootstrapTests.Initialize_WithSave_RestoresLanguage" methodname="Initialize_WithSave_RestoresLanguage" classname="AshenThrone.Tests.UI.LocalizationBootstrapTests" runstate="Runnable" seed="725620618" result="Passed" start-time="2026-03-07 23:45:52Z" end-time="2026-03-07 23:45:52Z" duration="0.000080" asserts="0">
                <properties>
                  <property name="retryIteration" value="0" />
                  <property name="repeatIteration" value="0" />
                </properties>
              </test-case>
              <test-case id="1023" name="SetLanguage_ChangesCurrentLanguage" fullname="AshenThrone.Tests.UI.LocalizationBootstrapTests.SetLanguage_ChangesCurrentLanguage" methodname="SetLanguage_ChangesCurrentLanguage" classname="AshenThrone.Tests.UI.LocalizationBootstrapTests" runstate="Runnable" seed="164822427" result="Passed" start-time="2026-03-07 23:45:52Z" end-time="2026-03-07 23:45:52Z" duration="0.000073" asserts="0">
                <properties>
                  <property name="retryIteration" value="0" />
                  <property name="repeatIteration" value="0" />
                </properties>
              </test-case>
              <test-case id="1024" name="SetLanguage_SameLanguage_IsNoOp" fullname="AshenThrone.Tests.UI.LocalizationBootstrapTests.SetLanguage_SameLanguage_IsNoOp" methodname="SetLanguage_SameLanguage_IsNoOp" classname="AshenThrone.Tests.UI.LocalizationBootstrapTests" runstate="Runnable" seed="678395510" result="Passed" start-time="2026-03-07 23:45:52Z" end-time="2026-03-07 23:45:52Z" duration="0.000073" asserts="0">
                <properties>
                  <property name="retryIteration" value="0" />
                  <property name="repeatIteration" value="0" />
                </properties>
              </test-case>
              <test-case id="1031" name="SupportedLanguageCount_Equals8" fullname="AshenThrone.Tests.UI.LocalizationBootstrapTests.SupportedLanguageCount_Equals8" methodname="SupportedLanguageCount_Equals8" classname="AshenThrone.Tests.UI.LocalizationBootstrapTests" runstate="Runnable" seed="1441311960" result="Passed" start-time="2026-03-07 23:45:52Z" end-time="2026-03-07 23:45:52Z" duration="0.000069" asserts="0">
                <properties>
                  <property name="retryIteration" value="0" />
                  <property name="repeatIteration" value="0" />
                </properties>
              </test-case>
            </test-suite>
            <test-suite type="TestFixture" id="1032" name="TutorialManagerTests" fullname="AshenThrone.Tests.UI.TutorialManagerTests" classname="AshenThrone.Tests.UI.TutorialManagerTests" runstate="Runnable" testcasecount="21" result="Passed" start-time="2026-03-07 23:45:52Z" end-time="2026-03-07 23:45:52Z" duration="0.008344" total="21" passed="21" failed="0" inconclusive="0" skipped="0" asserts="0">
              <properties />
              <test-case id="1048" name="BuildSaveData_ReflectsCurrentState" fullname="AshenThrone.Tests.UI.TutorialManagerTests.BuildSaveData_ReflectsCurrentState" methodname="BuildSaveData_ReflectsCurrentState" classname="AshenThrone.Tests.UI.TutorialManagerTests" runstate="Runnable" seed="521471339" result="Passed" start-time="2026-03-07 23:45:52Z" end-time="2026-03-07 23:45:52Z" duration="0.001114" asserts="0">
                <properties>
                  <property name="retryIteration" value="0" />
                  <property name="repeatIteration" value="0" />
                </properties>
              </test-case>
              <test-case id="1049" name="BuildSaveData_WhenComplete_SetsIsComplete" fullname="AshenThrone.Tests.UI.TutorialManagerTests.BuildSaveData_WhenComplete_SetsIsComplete" methodname="BuildSaveData_WhenComplete_SetsIsComplete" classname="AshenThrone.Tests.UI.TutorialManagerTests" runstate="Runnable" seed="1599822772" result="Passed" start-time="2026-03-07 23:45:52Z" end-time="2026-03-07 23:45:52Z" duration="0.000272" asserts="0">
                <properties>
                  <property name="retryIteration" value="0" />
                  <property name="repeatIteration" value="0" />
                </properties>
              </test-case>
              <test-case id="1051" name="CurrentStep_ReturnsCorrectStep_WhenActive" fullname="AshenThrone.Tests.UI.TutorialManagerTests.CurrentStep_ReturnsCorrectStep_WhenActive" methodname="CurrentStep_ReturnsCorrectStep_WhenActive" classname="AshenThrone.Tests.UI.TutorialManagerTests" runstate="Runnable" seed="1067865561" result="Passed" start-time="2026-03-07 23:45:52Z" end-time="2026-03-07 23:45:52Z" duration="0.000281" asserts="0">
                <properties>
                  <property name="retryIteration" value="0" />
                  <property name="repeatIteration" value="0" />
                </properties>
              </test-case>
              <test-case id="1050" name="CurrentStep_ReturnsNull_WhenNotActive" fullname="AshenThrone.Tests.UI.TutorialManagerTests.CurrentStep_ReturnsNull_WhenNotActive" methodname="CurrentStep_ReturnsNull_WhenNotActive" classname="AshenThrone.Tests.UI.TutorialManagerTests" runstate="Runnable" seed="2058250225" result="Passed" start-time="2026-03-07 23:45:52Z" end-time="2026-03-07 23:45:52Z" duration="0.000066" asserts="0">
                <properties>
                  <property name="retryIteration" value="0" />
                  <property name="repeatIteration" value="0" />
                </properties>
              </test-case>
              <test-case id="1053" name="FullWalkthrough_8Steps_CompletesSuccessfully" fullname="AshenThrone.Tests.UI.TutorialManagerTests.FullWalkthrough_8Steps_CompletesSuccessfully" methodname="FullWalkthrough_8Steps_CompletesSuccessfully" classname="AshenThrone.Tests.UI.TutorialManagerTests" runstate="Runnable" seed="635088920" result="Passed" start-time="2026-03-07 23:45:52Z" end-time="2026-03-07 23:45:52Z" duration="0.001081" asserts="0">
                <properties>
                  <property name="retryIteration" value="0" />
                  <property name="repeatIteration" value="0" />
                </properties>
              </test-case>
              <test-case id="1037" name="Initialize_AllStepsAlreadyDone_MarksComplete" fullname="AshenThrone.Tests.UI.TutorialManagerTests.Initialize_AllStepsAlreadyDone_MarksComplete" methodname="Initialize_AllStepsAlreadyDone_MarksComplete" classname="AshenThrone.Tests.UI.TutorialManagerTests" runstate="Runnable" seed="1378534134" result="Passed" start-time="2026-03-07 23:45:52Z" end-time="2026-03-07 23:45:52Z" duration="0.000201" asserts="0">
                <properties>
                  <property name="retryIteration" value="0" />
                  <property name="repeatIteration" value="0" />
                </properties>
              </test-case>
              <test-case id="1036" name="Initialize_CompleteSave_StaysComplete" fullname="AshenThrone.Tests.UI.TutorialManagerTests.Initialize_CompleteSave_StaysComplete" methodname="Initialize_CompleteSave_StaysComplete" classname="AshenThrone.Tests.UI.TutorialManagerTests" runstate="Runnable" seed="1014664373" result="Passed" start-time="2026-03-07 23:45:52Z" end-time="2026-03-07 23:45:52Z" duration="0.000201" asserts="0">
                <properties>
                  <property name="retryIteration" value="0" />
                  <property name="repeatIteration" value="0" />
                </properties>
              </test-case>
              <test-case id="1034" name="Initialize_NoSteps_MarksComplete" fullname="AshenThrone.Tests.UI.TutorialManagerTests.Initialize_NoSteps_MarksComplete" methodname="Initialize_NoSteps_MarksComplete" classname="AshenThrone.Tests.UI.TutorialManagerTests" runstate="Runnable" seed="607829861" result="Passed" start-time="2026-03-07 23:45:52Z" end-time="2026-03-07 23:45:52Z" duration="0.000400" asserts="0">
                <properties>
                  <property name="retryIteration" value="0" />
                  <property name="repeatIteration" value="0" />
                </properties>
                <output><![CDATA[[TutorialManager] No tutorial steps configured.
]]></output>
              </test-case>
              <test-case id="1033" name="Initialize_NullSave_StartsAtStepZero" fullname="AshenThrone.Tests.UI.TutorialManagerTests.Initialize_NullSave_StartsAtStepZero" methodname="Initialize_NullSave_StartsAtStepZero" classname="AshenThrone.Tests.UI.TutorialManagerTests" runstate="Runnable" seed="773824615" result="Passed" start-time="2026-03-07 23:45:52Z" end-time="2026-03-07 23:45:52Z" duration="0.000208" asserts="0">
                <properties>
                  <property name="retryIteration" value="0" />
                  <property name="repeatIteration" value="0" />
                </properties>
              </test-case>
              <test-case id="1035" name="Initialize_ResumesFromSave" fullname="AshenThrone.Tests.UI.TutorialManagerTests.Initialize_ResumesFromSave" methodname="Initialize_ResumesFromSave" classname="AshenThrone.Tests.UI.TutorialManagerTests" runstate="Runnable" seed="59686149" result="Passed" start-time="2026-03-07 23:45:52Z" end-time="2026-03-07 23:45:52Z" duration="0.000335" asserts="0">
                <properties>
                  <property name="retryIteration" value="0" />
                  <property name="repeatIteration" value="0" />
                </properties>
              </test-case>
              <test-case id="1041" name="ReportAction_LastStep_CompletesTutorial" fullname="AshenThrone.Tests.UI.TutorialManagerTests.ReportAction_LastStep_CompletesTutorial" methodname="ReportAction_LastStep_CompletesTutorial" classname="AshenThrone.Tests.UI.TutorialManagerTests" runstate="Runnable" seed="527886452" result="Passed" start-time="2026-03-07 23:45:52Z" end-time="2026-03-07 23:45:52Z" duration="0.000213" asserts="0">
                <properties>
                  <property name="retryIteration" value="0" />
                  <property name="repeatIteration" value="0" />
                </properties>
              </test-case>
              <test-case id="1038" name="ReportAction_MatchingAction_AdvancesStep" fullname="AshenThrone.Tests.UI.TutorialManagerTests.ReportAction_MatchingAction_AdvancesStep" methodname="ReportAction_MatchingAction_AdvancesStep" classname="AshenThrone.Tests.UI.TutorialManagerTests" runstate="Runnable" seed="2097864449" result="Passed" start-time="2026-03-07 23:45:52Z" end-time="2026-03-07 23:45:52Z" duration="0.000322" asserts="0">
                <properties>
                  <property name="retryIteration" value="0" />
                  <property name="repeatIteration" value="0" />
                </properties>
              </test-case>
              <test-case id="1040" name="ReportAction_WhenComplete_IsNoOp" fullname="AshenThrone.Tests.UI.TutorialManagerTests.ReportAction_WhenComplete_IsNoOp" methodname="ReportAction_WhenComplete_IsNoOp" classname="AshenThrone.Tests.UI.TutorialManagerTests" runstate="Runnable" seed="1638581127" result="Passed" start-time="2026-03-07 23:45:52Z" end-time="2026-03-07 23:45:52Z" duration="0.000204" asserts="0">
                <properties>
                  <property name="retryIteration" value="0" />
                  <property name="repeatIteration" value="0" />
                </properties>
              </test-case>
              <test-case id="1042" name="ReportAction_WhenNotActive_IsNoOp" fullname="AshenThrone.Tests.UI.TutorialManagerTests.ReportAction_WhenNotActive_IsNoOp" methodname="ReportAction_WhenNotActive_IsNoOp" classname="AshenThrone.Tests.UI.TutorialManagerTests" runstate="Runnable" seed="696001857" result="Passed" start-time="2026-03-07 23:45:52Z" end-time="2026-03-07 23:45:52Z" duration="0.000197" asserts="0">
                <properties>
                  <property name="retryIteration" value="0" />
                  <property name="repeatIteration" value="0" />
                </properties>
              </test-case>
              <test-case id="1039" name="ReportAction_WrongAction_DoesNotAdvance" fullname="AshenThrone.Tests.UI.TutorialManagerTests.ReportAction_WrongAction_DoesNotAdvance" methodname="ReportAction_WrongAction_DoesNotAdvance" classname="AshenThrone.Tests.UI.TutorialManagerTests" runstate="Runnable" seed="928784126" result="Passed" start-time="2026-03-07 23:45:52Z" end-time="2026-03-07 23:45:52Z" duration="0.000201" asserts="0">
                <properties>
                  <property name="retryIteration" value="0" />
                  <property name="repeatIteration" value="0" />
                </properties>
              </test-case>
              <test-case id="1046" name="SkipAll_MarksTutorialComplete" fullname="AshenThrone.Tests.UI.TutorialManagerTests.SkipAll_MarksTutorialComplete" methodname="SkipAll_MarksTutorialComplete" classname="AshenThrone.Tests.UI.TutorialManagerTests" runstate="Runnable" seed="2073094742" result="Passed" start-time="2026-03-07 23:45:52Z" end-time="2026-03-07 23:45:52Z" duration="0.000322" asserts="0">
                <properties>
                  <property name="retryIteration" value="0" />
                  <property name="repeatIteration" value="0" />
                </properties>
              </test-case>
              <test-case id="1047" name="SkipAll_WhenAlreadyComplete_IsNoOp" fullname="AshenThrone.Tests.UI.TutorialManagerTests.SkipAll_WhenAlreadyComplete_IsNoOp" methodname="SkipAll_WhenAlreadyComplete_IsNoOp" classname="AshenThrone.Tests.UI.TutorialManagerTests" runstate="Runnable" seed="1687242439" result="Passed" start-time="2026-03-07 23:45:52Z" end-time="2026-03-07 23:45:52Z" duration="0.000199" asserts="0">
                <properties>
                  <property name="retryIteration" value="0" />
                  <property name="repeatIteration" value="0" />
                </properties>
              </test-case>
              <test-case id="1044" name="SkipCurrentStep_NotSkippable_ReturnsFalse" fullname="AshenThrone.Tests.UI.TutorialManagerTests.SkipCurrentStep_NotSkippable_ReturnsFalse" methodname="SkipCurrentStep_NotSkippable_ReturnsFalse" classname="AshenThrone.Tests.UI.TutorialManagerTests" runstate="Runnable" seed="124422236" result="Passed" start-time="2026-03-07 23:45:52Z" end-time="2026-03-07 23:45:52Z" duration="0.000220" asserts="0">
                <properties>
                  <property name="retryIteration" value="0" />
                  <property name="repeatIteration" value="0" />
                </properties>
              </test-case>
              <test-case id="1043" name="SkipCurrentStep_Skippable_Advances" fullname="AshenThrone.Tests.UI.TutorialManagerTests.SkipCurrentStep_Skippable_Advances" methodname="SkipCurrentStep_Skippable_Advances" classname="AshenThrone.Tests.UI.TutorialManagerTests" runstate="Runnable" seed="1064395412" result="Passed" start-time="2026-03-07 23:45:52Z" end-time="2026-03-07 23:45:52Z" duration="0.000319" asserts="0">
                <properties>
                  <property name="retryIteration" value="0" />
                  <property name="repeatIteration" value="0" />
                </properties>
              </test-case>
              <test-case id="1045" name="SkipCurrentStep_WhenComplete_ReturnsFalse" fullname="AshenThrone.Tests.UI.TutorialManagerTests.SkipCurrentStep_WhenComplete_ReturnsFalse" methodname="SkipCurrentStep_WhenComplete_ReturnsFalse" classname="AshenThrone.Tests.UI.TutorialManagerTests" runstate="Runnable" seed="1650936556" result="Passed" start-time="2026-03-07 23:45:52Z" end-time="2026-03-07 23:45:52Z" duration="0.000194" asserts="0">
                <properties>
                  <property name="retryIteration" value="0" />
                  <property name="repeatIteration" value="0" />
                </properties>
              </test-case>
              <test-case id="1052" name="TotalSteps_ReturnsCount" fullname="AshenThrone.Tests.UI.TutorialManagerTests.TotalSteps_ReturnsCount" methodname="TotalSteps_ReturnsCount" classname="AshenThrone.Tests.UI.TutorialManagerTests" runstate="Runnable" seed="1763731806" result="Passed" start-time="2026-03-07 23:45:52Z" end-time="2026-03-07 23:45:52Z" duration="0.000431" asserts="0">
                <properties>
                  <property name="retryIteration" value="0" />
                  <property name="repeatIteration" value="0" />
                </properties>
              </test-case>
            </test-suite>
          </test-suite>
        </test-suite>
      </test-suite>
    </test-suite>
    <test-suite type="Assembly" id="1454" name="Unity.Addressables.DocExampleCode.Editor.Tests.dll" fullname="/Users/tomterhune/ashen-throne/game/Library/ScriptAssemblies/Unity.Addressables.DocExampleCode.Editor.Tests.dll" runstate="Runnable" testcasecount="1" result="Passed" start-time="2026-03-07 23:45:52Z" end-time="2026-03-07 23:45:52Z" duration="0.000898" total="1" passed="1" failed="0" inconclusive="0" skipped="0" asserts="0">
      <properties>
        <property name="_PID" value="80047" />
        <property name="_APPDOMAIN" value="Unity Child Domain" />
        <property name="platform" value="EditMode" />
        <property name="EditorOnly" value="True" />
      </properties>
      <test-suite type="TestSuite" id="1455" name="AddressableAssets" fullname="AddressableAssets" runstate="Runnable" testcasecount="1" result="Passed" start-time="2026-03-07 23:45:52Z" end-time="2026-03-07 23:45:52Z" duration="0.000639" total="1" passed="1" failed="0" inconclusive="0" skipped="0" asserts="0">
        <properties />
        <test-suite type="TestSuite" id="1456" name="DocExampleCode" fullname="AddressableAssets.DocExampleCode" runstate="Runnable" testcasecount="1" result="Passed" start-time="2026-03-07 23:45:52Z" end-time="2026-03-07 23:45:52Z" duration="0.000517" total="1" passed="1" failed="0" inconclusive="0" skipped="0" asserts="0">
          <properties />
          <test-suite type="TestFixture" id="1452" name="TestStub" fullname="AddressableAssets.DocExampleCode.TestStub" classname="AddressableAssets.DocExampleCode.TestStub" runstate="Runnable" testcasecount="1" result="Passed" start-time="2026-03-07 23:45:52Z" end-time="2026-03-07 23:45:52Z" duration="0.000400" total="1" passed="1" failed="0" inconclusive="0" skipped="0" asserts="0">
            <properties />
            <test-case id="1453" name="RequiredTest" fullname="AddressableAssets.DocExampleCode.TestStub.RequiredTest" methodname="RequiredTest" classname="AddressableAssets.DocExampleCode.TestStub" runstate="Runnable" seed="1214669727" result="Passed" start-time="2026-03-07 23:45:52Z" end-time="2026-03-07 23:45:52Z" duration="0.000030" asserts="0">
              <properties>
                <property name="retryIteration" value="0" />
                <property name="repeatIteration" value="0" />
              </properties>
              <output><![CDATA[Saving results to: /Users/tomterhune/Library/Application Support/DefaultCompany/game/TestResults.xml
]]></output>
            </test-case>
          </test-suite>
        </test-suite>
      </test-suite>
    </test-suite>
  </test-suite>
</test-run>