<?xml version="1.0" encoding="utf-8"?>
<test-run id="2" testcasecount="579" result="Skipped:Ignored" total="579" passed="577" failed="0" inconclusive="0" skipped="2" asserts="0" engine-version="3.5.0.0" clr-version="4.0.30319.42000" start-time="2026-03-08 03:04:33Z" end-time="2026-03-08 03:04:33Z" duration="0.2399256">
  <test-suite type="TestSuite" id="1000" name="game" fullname="game" runstate="Runnable" testcasecount="579" result="Skipped" label="Ignored" start-time="2026-03-08 03:04:33Z" end-time="2026-03-08 03:04:33Z" duration="0.239926" total="579" passed="577" failed="0" inconclusive="0" skipped="2" asserts="0">
    <properties>
      <property name="platform" value="EditMode" />
    </properties>
    <reason>
      <message><![CDATA[One or more child tests were ignored]]></message>
    </reason>
    <test-suite type="Assembly" id="1609" name="AshenThrone.Tests.dll" fullname="/Users/tomterhune/ashen-throne/game/Library/ScriptAssemblies/AshenThrone.Tests.dll" runstate="Runnable" testcasecount="578" result="Skipped" label="Ignored" start-time="2026-03-08 03:04:33Z" end-time="2026-03-08 03:04:33Z" duration="0.232200" total="578" passed="576" failed="0" inconclusive="0" skipped="2" asserts="0">
      <properties>
        <property name="_PID" value="91580" />
        <property name="_APPDOMAIN" value="Unity Child Domain" />
        <property name="platform" value="EditMode" />
        <property name="EditorOnly" value="True" />
      </properties>
      <reason>
        <message><![CDATA[One or more child tests were ignored]]></message>
      </reason>
      <test-suite type="TestSuite" id="1610" name="AshenThrone" fullname="AshenThrone" runstate="Runnable" testcasecount="578" result="Skipped" label="Ignored" start-time="2026-03-08 03:04:33Z" end-time="2026-03-08 03:04:33Z" duration="0.228820" total="578" passed="576" failed="0" inconclusive="0" skipped="2" asserts="0">
        <properties />
        <reason>
          <message><![CDATA[One or more child tests were ignored]]></message>
        </reason>
        <test-suite type="TestSuite" id="1611" name="Tests" fullname="AshenThrone.Tests" runstate="Runnable" testcasecount="578" result="Skipped" label="Ignored" start-time="2026-03-08 03:04:33Z" end-time="2026-03-08 03:04:33Z" duration="0.225313" total="578" passed="576" failed="0" inconclusive="0" skipped="2" asserts="0">
          <properties />
          <reason>
            <message><![CDATA[One or more child tests were ignored]]></message>
          </reason>
          <test-suite type="TestSuite" id="1619" name="Alliance" fullname="AshenThrone.Tests.Alliance" runstate="Runnable" testcasecount="94" result="Passed" start-time="2026-03-08 03:04:33Z" end-time="2026-03-08 03:04:33Z" duration="0.044206" total="94" passed="94" failed="0" inconclusive="0" skipped="0" asserts="0">
            <properties />
            <test-suite type="TestFixture" id="1511" name="AllianceChatManagerTests" fullname="AshenThrone.Tests.Alliance.AllianceChatManagerTests" classname="AshenThrone.Tests.Alliance.AllianceChatManagerTests" runstate="Runnable" testcasecount="20" result="Passed" start-time="2026-03-08 03:04:33Z" end-time="2026-03-08 03:04:33Z" duration="0.019771" total="20" passed="20" failed="0" inconclusive="0" skipped="0" asserts="0">
              <properties />
              <test-case id="1530" name="ClearHistory_DoesNotAffectOtherChannels" fullname="AshenThrone.Tests.Alliance.AllianceChatManagerTests.ClearHistory_DoesNotAffectOtherChannels" methodname="ClearHistory_DoesNotAffectOtherChannels" classname="AshenThrone.Tests.Alliance.AllianceChatManagerTests" runstate="Runnable" seed="1279723125" result="Passed" start-time="2026-03-08 03:04:33Z" end-time="2026-03-08 03:04:33Z" duration="0.007887" asserts="0">
                <properties>
                  <property name="retryIteration" value="0" />
                  <property name="repeatIteration" value="0" />
                </properties>
              </test-case>
              <test-case id="1529" name="ClearHistory_RemovesAllMessages_ForChannel" fullname="AshenThrone.Tests.Alliance.AllianceChatManagerTests.ClearHistory_RemovesAllMessages_ForChannel" methodname="ClearHistory_RemovesAllMessages_ForChannel" classname="AshenThrone.Tests.Alliance.AllianceChatManagerTests" runstate="Runnable" seed="1233245905" result="Passed" start-time="2026-03-08 03:04:33Z" end-time="2026-03-08 03:04:33Z" duration="0.000129" asserts="0">
                <properties>
                  <property name="retryIteration" value="0" />
                  <property name="repeatIteration" value="0" />
                </properties>
              </test-case>
              <test-case id="1528" name="GetHistory_ReturnsEmpty_WhenNoMessages" fullname="AshenThrone.Tests.Alliance.AllianceChatManagerTests.GetHistory_ReturnsEmpty_WhenNoMessages" methodname="GetHistory_ReturnsEmpty_WhenNoMessages" classname="AshenThrone.Tests.Alliance.AllianceChatManagerTests" runstate="Runnable" seed="1188132946" result="Passed" start-time="2026-03-08 03:04:33Z" end-time="2026-03-08 03:04:33Z" duration="0.000078" asserts="0">
                <properties>
                  <property name="retryIteration" value="0" />
                  <property name="repeatIteration" value="0" />
                </properties>
              </test-case>
              <test-case id="1524" name="ReceiveMessage_AddsToHistory" fullname="AshenThrone.Tests.Alliance.AllianceChatManagerTests.ReceiveMessage_AddsToHistory" methodname="ReceiveMessage_AddsToHistory" classname="AshenThrone.Tests.Alliance.AllianceChatManagerTests" runstate="Runnable" seed="1827615189" result="Passed" start-time="2026-03-08 03:04:33Z" end-time="2026-03-08 03:04:33Z" duration="0.000077" asserts="0">
                <properties>
                  <property name="retryIteration" value="0" />
                  <property name="repeatIteration" value="0" />
                </properties>
              </test-case>
              <test-case id="1523" name="ReceiveMessage_DoesNotThrow_ForNullMessage" fullname="AshenThrone.Tests.Alliance.AllianceChatManagerTests.ReceiveMessage_DoesNotThrow_ForNullMessage" methodname="ReceiveMessage_DoesNotThrow_ForNullMessage" classname="AshenThrone.Tests.Alliance.AllianceChatManagerTests" runstate="Runnable" seed="1413460367" result="Passed" start-time="2026-03-08 03:04:33Z" end-time="2026-03-08 03:04:33Z" duration="0.000327" asserts="0">
                <properties>
                  <property name="retryIteration" value="0" />
                  <property name="repeatIteration" value="0" />
                </properties>
              </test-case>
              <test-case id="1526" name="ReceiveMessage_EvictsOldest_WhenHistoryFull" fullname="AshenThrone.Tests.Alliance.AllianceChatManagerTests.ReceiveMessage_EvictsOldest_WhenHistoryFull" methodname="ReceiveMessage_EvictsOldest_WhenHistoryFull" classname="AshenThrone.Tests.Alliance.AllianceChatManagerTests" runstate="Runnable" seed="798730712" result="Passed" start-time="2026-03-08 03:04:33Z" end-time="2026-03-08 03:04:33Z" duration="0.000153" asserts="0">
                <properties>
                  <property name="retryIteration" value="0" />
                  <property name="repeatIteration" value="0" />
                </properties>
              </test-case>
              <test-case id="1525" name="ReceiveMessage_FiresOnMessageReceivedEvent" fullname="AshenThrone.Tests.Alliance.AllianceChatManagerTests.ReceiveMessage_FiresOnMessageReceivedEvent" methodname="ReceiveMessage_FiresOnMessageReceivedEvent" classname="AshenThrone.Tests.Alliance.AllianceChatManagerTests" runstate="Runnable" seed="99181305" result="Passed" start-time="2026-03-08 03:04:33Z" end-time="2026-03-08 03:04:33Z" duration="0.000221" asserts="0">
                <properties>
                  <property name="retryIteration" value="0" />
                  <property name="repeatIteration" value="0" />
                </properties>
              </test-case>
              <test-case id="1527" name="ReceiveMessage_OfficerMessages_StoreInOfficerChannel" fullname="AshenThrone.Tests.Alliance.AllianceChatManagerTests.ReceiveMessage_OfficerMessages_StoreInOfficerChannel" methodname="ReceiveMessage_OfficerMessages_StoreInOfficerChannel" classname="AshenThrone.Tests.Alliance.AllianceChatManagerTests" runstate="Runnable" seed="659992614" result="Passed" start-time="2026-03-08 03:04:33Z" end-time="2026-03-08 03:04:33Z" duration="0.000089" asserts="0">
                <properties>
                  <property name="retryIteration" value="0" />
                  <property name="repeatIteration" value="0" />
                </properties>
              </test-case>
              <test-case id="1515" name="Sanitizer_ClampsToMaxLength" fullname="AshenThrone.Tests.Alliance.AllianceChatManagerTests.Sanitizer_ClampsToMaxLength" methodname="Sanitizer_ClampsToMaxLength" classname="AshenThrone.Tests.Alliance.AllianceChatManagerTests" runstate="Runnable" seed="1286462065" result="Passed" start-time="2026-03-08 03:04:33Z" end-time="2026-03-08 03:04:33Z" duration="0.001349" asserts="0">
                <properties>
                  <property name="retryIteration" value="0" />
                  <property name="repeatIteration" value="0" />
                </properties>
              </test-case>
              <test-case id="1517" name="Sanitizer_ContainsViolation_ReturnsFalse_ForCleanText" fullname="AshenThrone.Tests.Alliance.AllianceChatManagerTests.Sanitizer_ContainsViolation_ReturnsFalse_ForCleanText" methodname="Sanitizer_ContainsViolation_ReturnsFalse_ForCleanText" classname="AshenThrone.Tests.Alliance.AllianceChatManagerTests" runstate="Runnable" seed="508498169" result="Passed" start-time="2026-03-08 03:04:33Z" end-time="2026-03-08 03:04:33Z" duration="0.000152" asserts="0">
                <properties>
                  <property name="retryIteration" value="0" />
                  <property name="repeatIteration" value="0" />
                </properties>
              </test-case>
              <test-case id="1518" name="Sanitizer_ContainsViolation_ReturnsTrue_ForHtmlTag" fullname="AshenThrone.Tests.Alliance.AllianceChatManagerTests.Sanitizer_ContainsViolation_ReturnsTrue_ForHtmlTag" methodname="Sanitizer_ContainsViolation_ReturnsTrue_ForHtmlTag" classname="AshenThrone.Tests.Alliance.AllianceChatManagerTests" runstate="Runnable" seed="1723862289" result="Passed" start-time="2026-03-08 03:04:33Z" end-time="2026-03-08 03:04:33Z" duration="0.000074" asserts="0">
                <properties>
                  <property name="retryIteration" value="0" />
                  <property name="repeatIteration" value="0" />
                </properties>
              </test-case>
              <test-case id="1514" name="Sanitizer_RemovesJavascriptProtocol" fullname="AshenThrone.Tests.Alliance.AllianceChatManagerTests.Sanitizer_RemovesJavascriptProtocol" methodname="Sanitizer_RemovesJavascriptProtocol" classname="AshenThrone.Tests.Alliance.AllianceChatManagerTests" runstate="Runnable" seed="1055413806" result="Passed" start-time="2026-03-08 03:04:33Z" end-time="2026-03-08 03:04:33Z" duration="0.000189" asserts="0">
                <properties>
                  <property name="retryIteration" value="0" />
                  <property name="repeatIteration" value="0" />
                </properties>
              </test-case>
              <test-case id="1513" name="Sanitizer_RemovesSqlPatterns" fullname="AshenThrone.Tests.Alliance.AllianceChatManagerTests.Sanitizer_RemovesSqlPatterns" methodname="Sanitizer_RemovesSqlPatterns" classname="AshenThrone.Tests.Alliance.AllianceChatManagerTests" runstate="Runnable" seed="1616625093" result="Passed" start-time="2026-03-08 03:04:33Z" end-time="2026-03-08 03:04:33Z" duration="0.000087" asserts="0">
                <properties>
                  <property name="retryIteration" value="0" />
                  <property name="repeatIteration" value="0" />
                </properties>
              </test-case>
              <test-case id="1516" name="Sanitizer_ReturnsEmpty_ForNullInput" fullname="AshenThrone.Tests.Alliance.AllianceChatManagerTests.Sanitizer_ReturnsEmpty_ForNullInput" methodname="Sanitizer_ReturnsEmpty_ForNullInput" classname="AshenThrone.Tests.Alliance.AllianceChatManagerTests" runstate="Runnable" seed="912858793" result="Passed" start-time="2026-03-08 03:04:33Z" end-time="2026-03-08 03:04:33Z" duration="0.000077" asserts="0">
                <properties>
                  <property name="retryIteration" value="0" />
                  <property name="repeatIteration" value="0" />
                </properties>
              </test-case>
              <test-case id="1512" name="Sanitizer_StripHtmlTags" fullname="AshenThrone.Tests.Alliance.AllianceChatManagerTests.Sanitizer_StripHtmlTags" methodname="Sanitizer_StripHtmlTags" classname="AshenThrone.Tests.Alliance.AllianceChatManagerTests" runstate="Runnable" seed="1935690854" result="Passed" start-time="2026-03-08 03:04:33Z" end-time="2026-03-08 03:04:33Z" duration="0.000081" asserts="0">
                <properties>
                  <property name="retryIteration" value="0" />
                  <property name="repeatIteration" value="0" />
                </properties>
              </test-case>
              <test-case id="1531" name="SetSanitizer_ThrowsArgumentNull_WhenNull" fullname="AshenThrone.Tests.Alliance.AllianceChatManagerTests.SetSanitizer_ThrowsArgumentNull_WhenNull" methodname="SetSanitizer_ThrowsArgumentNull_WhenNull" classname="AshenThrone.Tests.Alliance.AllianceChatManagerTests" runstate="Runnable" seed="488847993" result="Passed" start-time="2026-03-08 03:04:33Z" end-time="2026-03-08 03:04:33Z" duration="0.000396" asserts="0">
                <properties>
                  <property name="retryIteration" value="0" />
                  <property name="repeatIteration" value="0" />
                </properties>
              </test-case>
              <test-case id="1519" name="ValidateSend_ReturnsFalse_ForEmptyMessage" fullname="AshenThrone.Tests.Alliance.AllianceChatManagerTests.ValidateSend_ReturnsFalse_ForEmptyMessage" methodname="ValidateSend_ReturnsFalse_ForEmptyMessage" classname="AshenThrone.Tests.Alliance.AllianceChatManagerTests" runstate="Runnable" seed="2115617479" result="Passed" start-time="2026-03-08 03:04:33Z" end-time="2026-03-08 03:04:33Z" duration="0.000704" asserts="0">
                <properties>
                  <property name="retryIteration" value="0" />
                  <property name="repeatIteration" value="0" />
                </properties>
              </test-case>
              <test-case id="1520" name="ValidateSend_ReturnsFalse_ForWhitespaceOnlyMessage" fullname="AshenThrone.Tests.Alliance.AllianceChatManagerTests.ValidateSend_ReturnsFalse_ForWhitespaceOnlyMessage" methodname="ValidateSend_ReturnsFalse_ForWhitespaceOnlyMessage" classname="AshenThrone.Tests.Alliance.AllianceChatManagerTests" runstate="Runnable" seed="1493552335" result="Passed" start-time="2026-03-08 03:04:33Z" end-time="2026-03-08 03:04:33Z" duration="0.000074" asserts="0">
                <properties>
                  <property name="retryIteration" value="0" />
                  <property name="repeatIteration" value="0" />
                </properties>
              </test-case>
              <test-case id="1521" name="ValidateSend_ReturnsTrue_ForValidMessage" fullname="AshenThrone.Tests.Alliance.AllianceChatManagerTests.ValidateSend_ReturnsTrue_ForValidMessage" methodname="ValidateSend_ReturnsTrue_ForValidMessage" classname="AshenThrone.Tests.Alliance.AllianceChatManagerTests" runstate="Runnable" seed="2049313651" result="Passed" start-time="2026-03-08 03:04:33Z" end-time="2026-03-08 03:04:33Z" duration="0.000136" asserts="0">
                <properties>
                  <property name="retryIteration" value="0" />
                  <property name="repeatIteration" value="0" />
                </properties>
              </test-case>
              <test-case id="1522" name="ValidateSend_SanitizesMessageBody" fullname="AshenThrone.Tests.Alliance.AllianceChatManagerTests.ValidateSend_SanitizesMessageBody" methodname="ValidateSend_SanitizesMessageBody" classname="AshenThrone.Tests.Alliance.AllianceChatManagerTests" runstate="Runnable" seed="2022845156" result="Passed" start-time="2026-03-08 03:04:33Z" end-time="2026-03-08 03:04:33Z" duration="0.000084" asserts="0">
                <properties>
                  <property name="retryIteration" value="0" />
                  <property name="repeatIteration" value="0" />
                </properties>
              </test-case>
            </test-suite>
            <test-suite type="TestFixture" id="1532" name="AsyncPvpManagerTests" fullname="AshenThrone.Tests.Alliance.AsyncPvpManagerTests" classname="AshenThrone.Tests.Alliance.AsyncPvpManagerTests" runstate="Runnable" testcasecount="25" result="Passed" start-time="2026-03-08 03:04:33Z" end-time="2026-03-08 03:04:33Z" duration="0.009988" total="25" passed="25" failed="0" inconclusive="0" skipped="0" asserts="0">
              <properties />
              <test-case id="1557" name="CombatReplayData_IsHashValid_ReturnsFalse_WhenLoadoutsNull" fullname="AshenThrone.Tests.Alliance.AsyncPvpManagerTests.CombatReplayData_IsHashValid_ReturnsFalse_WhenLoadoutsNull" methodname="CombatReplayData_IsHashValid_ReturnsFalse_WhenLoadoutsNull" classname="AshenThrone.Tests.Alliance.AsyncPvpManagerTests" runstate="Runnable" seed="849016426" result="Passed" start-time="2026-03-08 03:04:33Z" end-time="2026-03-08 03:04:33Z" duration="0.000417" asserts="0">
                <properties>
                  <property name="retryIteration" value="0" />
                  <property name="repeatIteration" value="0" />
                </properties>
              </test-case>
              <test-case id="1541" name="ComputeLoadoutHash_ReturnsDifferentHash_WhenHeroLevelChanges" fullname="AshenThrone.Tests.Alliance.AsyncPvpManagerTests.ComputeLoadoutHash_ReturnsDifferentHash_WhenHeroLevelChanges" methodname="ComputeLoadoutHash_ReturnsDifferentHash_WhenHeroLevelChanges" classname="AshenThrone.Tests.Alliance.AsyncPvpManagerTests" runstate="Runnable" seed="568935640" result="Passed" start-time="2026-03-08 03:04:33Z" end-time="2026-03-08 03:04:33Z" duration="0.001329" asserts="0">
                <properties>
                  <property name="retryIteration" value="0" />
                  <property name="repeatIteration" value="0" />
                </properties>
              </test-case>
              <test-case id="1542" name="ComputeLoadoutHash_ReturnsEmpty_ForNullLoadout" fullname="AshenThrone.Tests.Alliance.AsyncPvpManagerTests.ComputeLoadoutHash_ReturnsEmpty_ForNullLoadout" methodname="ComputeLoadoutHash_ReturnsEmpty_ForNullLoadout" classname="AshenThrone.Tests.Alliance.AsyncPvpManagerTests" runstate="Runnable" seed="1474191009" result="Passed" start-time="2026-03-08 03:04:33Z" end-time="2026-03-08 03:04:33Z" duration="0.000098" asserts="0">
                <properties>
                  <property name="retryIteration" value="0" />
                  <property name="repeatIteration" value="0" />
                </properties>
              </test-case>
              <test-case id="1540" name="ComputeLoadoutHash_ReturnsSameHash_ForIdenticalLoadouts" fullname="AshenThrone.Tests.Alliance.AsyncPvpManagerTests.ComputeLoadoutHash_ReturnsSameHash_ForIdenticalLoadouts" methodname="ComputeLoadoutHash_ReturnsSameHash_ForIdenticalLoadouts" classname="AshenThrone.Tests.Alliance.AsyncPvpManagerTests" runstate="Runnable" seed="1221170366" result="Passed" start-time="2026-03-08 03:04:33Z" end-time="2026-03-08 03:04:33Z" duration="0.000106" asserts="0">
                <properties>
                  <property name="retryIteration" value="0" />
                  <property name="repeatIteration" value="0" />
                </properties>
              </test-case>
              <test-case id="1545" name="ComputeReplayHash_Returns64CharHexString" fullname="AshenThrone.Tests.Alliance.AsyncPvpManagerTests.ComputeReplayHash_Returns64CharHexString" methodname="ComputeReplayHash_Returns64CharHexString" classname="AshenThrone.Tests.Alliance.AsyncPvpManagerTests" runstate="Runnable" seed="2136908896" result="Passed" start-time="2026-03-08 03:04:33Z" end-time="2026-03-08 03:04:33Z" duration="0.000178" asserts="0">
                <properties>
                  <property name="retryIteration" value="0" />
                  <property name="repeatIteration" value="0" />
                </properties>
              </test-case>
              <test-case id="1544" name="ComputeReplayHash_ReturnsDifferentHash_WhenOutcomeChanges" fullname="AshenThrone.Tests.Alliance.AsyncPvpManagerTests.ComputeReplayHash_ReturnsDifferentHash_WhenOutcomeChanges" methodname="ComputeReplayHash_ReturnsDifferentHash_WhenOutcomeChanges" classname="AshenThrone.Tests.Alliance.AsyncPvpManagerTests" runstate="Runnable" seed="582988651" result="Passed" start-time="2026-03-08 03:04:33Z" end-time="2026-03-08 03:04:33Z" duration="0.000087" asserts="0">
                <properties>
                  <property name="retryIteration" value="0" />
                  <property name="repeatIteration" value="0" />
                </properties>
              </test-case>
              <test-case id="1543" name="ComputeReplayHash_ReturnsSameHash_ForSameInputs" fullname="AshenThrone.Tests.Alliance.AsyncPvpManagerTests.ComputeReplayHash_ReturnsSameHash_ForSameInputs" methodname="ComputeReplayHash_ReturnsSameHash_ForSameInputs" classname="AshenThrone.Tests.Alliance.AsyncPvpManagerTests" runstate="Runnable" seed="114550736" result="Passed" start-time="2026-03-08 03:04:33Z" end-time="2026-03-08 03:04:33Z" duration="0.000080" asserts="0">
                <properties>
                  <property name="retryIteration" value="0" />
                  <property name="repeatIteration" value="0" />
                </properties>
              </test-case>
              <test-case id="1556" name="GetReplay_ReturnsCorrectReplay_ByReplayId" fullname="AshenThrone.Tests.Alliance.AsyncPvpManagerTests.GetReplay_ReturnsCorrectReplay_ByReplayId" methodname="GetReplay_ReturnsCorrectReplay_ByReplayId" classname="AshenThrone.Tests.Alliance.AsyncPvpManagerTests" runstate="Runnable" seed="1766029204" result="Passed" start-time="2026-03-08 03:04:33Z" end-time="2026-03-08 03:04:33Z" duration="0.000448" asserts="0">
                <properties>
                  <property name="retryIteration" value="0" />
                  <property name="repeatIteration" value="0" />
                </properties>
              </test-case>
              <test-case id="1555" name="GetReplay_ReturnsNull_ForNullId" fullname="AshenThrone.Tests.Alliance.AsyncPvpManagerTests.GetReplay_ReturnsNull_ForNullId" methodname="GetReplay_ReturnsNull_ForNullId" classname="AshenThrone.Tests.Alliance.AsyncPvpManagerTests" runstate="Runnable" seed="274038608" result="Passed" start-time="2026-03-08 03:04:33Z" end-time="2026-03-08 03:04:33Z" duration="0.000096" asserts="0">
                <properties>
                  <property name="retryIteration" value="0" />
                  <property name="repeatIteration" value="0" />
                </properties>
              </test-case>
              <test-case id="1549" name="ReceiveReplay_AddsToHistory_WhenValid" fullname="AshenThrone.Tests.Alliance.AsyncPvpManagerTests.ReceiveReplay_AddsToHistory_WhenValid" methodname="ReceiveReplay_AddsToHistory_WhenValid" classname="AshenThrone.Tests.Alliance.AsyncPvpManagerTests" runstate="Runnable" seed="1042570243" result="Passed" start-time="2026-03-08 03:04:33Z" end-time="2026-03-08 03:04:33Z" duration="0.000115" asserts="0">
                <properties>
                  <property name="retryIteration" value="0" />
                  <property name="repeatIteration" value="0" />
                </properties>
              </test-case>
              <test-case id="1550" name="ReceiveReplay_EvictsOldest_WhenHistoryFull" fullname="AshenThrone.Tests.Alliance.AsyncPvpManagerTests.ReceiveReplay_EvictsOldest_WhenHistoryFull" methodname="ReceiveReplay_EvictsOldest_WhenHistoryFull" classname="AshenThrone.Tests.Alliance.AsyncPvpManagerTests" runstate="Runnable" seed="1307402617" result="Passed" start-time="2026-03-08 03:04:33Z" end-time="2026-03-08 03:04:33Z" duration="0.001240" asserts="0">
                <properties>
                  <property name="retryIteration" value="0" />
                  <property name="repeatIteration" value="0" />
                </properties>
              </test-case>
              <test-case id="1551" name="ReceiveReplay_FiresOnReplayReceivedEvent" fullname="AshenThrone.Tests.Alliance.AsyncPvpManagerTests.ReceiveReplay_FiresOnReplayReceivedEvent" methodname="ReceiveReplay_FiresOnReplayReceivedEvent" classname="AshenThrone.Tests.Alliance.AsyncPvpManagerTests" runstate="Runnable" seed="1217767123" result="Passed" start-time="2026-03-08 03:04:33Z" end-time="2026-03-08 03:04:33Z" duration="0.000155" asserts="0">
                <properties>
                  <property name="retryIteration" value="0" />
                  <property name="repeatIteration" value="0" />
                </properties>
              </test-case>
              <test-case id="1546" name="ReceiveReplay_ReturnsFalse_ForNullReplay" fullname="AshenThrone.Tests.Alliance.AsyncPvpManagerTests.ReceiveReplay_ReturnsFalse_ForNullReplay" methodname="ReceiveReplay_ReturnsFalse_ForNullReplay" classname="AshenThrone.Tests.Alliance.AsyncPvpManagerTests" runstate="Runnable" seed="114633466" result="Passed" start-time="2026-03-08 03:04:33Z" end-time="2026-03-08 03:04:33Z" duration="0.000064" asserts="0">
                <properties>
                  <property name="retryIteration" value="0" />
                  <property name="repeatIteration" value="0" />
                </properties>
              </test-case>
              <test-case id="1547" name="ReceiveReplay_ReturnsFalse_WhenHashInvalid" fullname="AshenThrone.Tests.Alliance.AsyncPvpManagerTests.ReceiveReplay_ReturnsFalse_WhenHashInvalid" methodname="ReceiveReplay_ReturnsFalse_WhenHashInvalid" classname="AshenThrone.Tests.Alliance.AsyncPvpManagerTests" runstate="Runnable" seed="1926627626" result="Passed" start-time="2026-03-08 03:04:33Z" end-time="2026-03-08 03:04:33Z" duration="0.000883" asserts="0">
                <properties>
                  <property name="retryIteration" value="0" />
                  <property name="repeatIteration" value="0" />
                </properties>
                <output><![CDATA[[AsyncPvpManager] Replay test_replay_1 failed hash validation. Discarding.
]]></output>
              </test-case>
              <test-case id="1548" name="ReceiveReplay_ReturnsTrue_WhenHashValid" fullname="AshenThrone.Tests.Alliance.AsyncPvpManagerTests.ReceiveReplay_ReturnsTrue_WhenHashValid" methodname="ReceiveReplay_ReturnsTrue_WhenHashValid" classname="AshenThrone.Tests.Alliance.AsyncPvpManagerTests" runstate="Runnable" seed="709734725" result="Passed" start-time="2026-03-08 03:04:33Z" end-time="2026-03-08 03:04:33Z" duration="0.000105" asserts="0">
                <properties>
                  <property name="retryIteration" value="0" />
                  <property name="repeatIteration" value="0" />
                </properties>
              </test-case>
              <test-case id="1539" name="RecordLoadout_ComputesNonEmptyIntegrityHash" fullname="AshenThrone.Tests.Alliance.AsyncPvpManagerTests.RecordLoadout_ComputesNonEmptyIntegrityHash" methodname="RecordLoadout_ComputesNonEmptyIntegrityHash" classname="AshenThrone.Tests.Alliance.AsyncPvpManagerTests" runstate="Runnable" seed="2024671114" result="Passed" start-time="2026-03-08 03:04:33Z" end-time="2026-03-08 03:04:33Z" duration="0.000265" asserts="0">
                <properties>
                  <property name="retryIteration" value="0" />
                  <property name="repeatIteration" value="0" />
                </properties>
              </test-case>
              <test-case id="1535" name="RecordLoadout_ReturnsFalse_WhenHeroListEmpty" fullname="AshenThrone.Tests.Alliance.AsyncPvpManagerTests.RecordLoadout_ReturnsFalse_WhenHeroListEmpty" methodname="RecordLoadout_ReturnsFalse_WhenHeroListEmpty" classname="AshenThrone.Tests.Alliance.AsyncPvpManagerTests" runstate="Runnable" seed="1935006321" result="Passed" start-time="2026-03-08 03:04:33Z" end-time="2026-03-08 03:04:33Z" duration="0.000350" asserts="0">
                <properties>
                  <property name="retryIteration" value="0" />
                  <property name="repeatIteration" value="0" />
                </properties>
                <output><![CDATA[[AsyncPvpManager] Loadout must contain 1–3 heroes.
]]></output>
              </test-case>
              <test-case id="1534" name="RecordLoadout_ReturnsFalse_WhenHeroListNull" fullname="AshenThrone.Tests.Alliance.AsyncPvpManagerTests.RecordLoadout_ReturnsFalse_WhenHeroListNull" methodname="RecordLoadout_ReturnsFalse_WhenHeroListNull" classname="AshenThrone.Tests.Alliance.AsyncPvpManagerTests" runstate="Runnable" seed="2127119341" result="Passed" start-time="2026-03-08 03:04:33Z" end-time="2026-03-08 03:04:33Z" duration="0.000320" asserts="0">
                <properties>
                  <property name="retryIteration" value="0" />
                  <property name="repeatIteration" value="0" />
                </properties>
                <output><![CDATA[[AsyncPvpManager] Loadout must contain 1–3 heroes.
]]></output>
              </test-case>
              <test-case id="1533" name="RecordLoadout_ReturnsFalse_WhenOwnerIdEmpty" fullname="AshenThrone.Tests.Alliance.AsyncPvpManagerTests.RecordLoadout_ReturnsFalse_WhenOwnerIdEmpty" methodname="RecordLoadout_ReturnsFalse_WhenOwnerIdEmpty" classname="AshenThrone.Tests.Alliance.AsyncPvpManagerTests" runstate="Runnable" seed="242757063" result="Passed" start-time="2026-03-08 03:04:33Z" end-time="2026-03-08 03:04:33Z" duration="0.000312" asserts="0">
                <properties>
                  <property name="retryIteration" value="0" />
                  <property name="repeatIteration" value="0" />
                </properties>
                <output><![CDATA[[AsyncPvpManager] Cannot record loadout: ownerPlayFabId is null/empty.
]]></output>
              </test-case>
              <test-case id="1536" name="RecordLoadout_ReturnsFalse_WhenTooManyHeroes" fullname="AshenThrone.Tests.Alliance.AsyncPvpManagerTests.RecordLoadout_ReturnsFalse_WhenTooManyHeroes" methodname="RecordLoadout_ReturnsFalse_WhenTooManyHeroes" classname="AshenThrone.Tests.Alliance.AsyncPvpManagerTests" runstate="Runnable" seed="2125086396" result="Passed" start-time="2026-03-08 03:04:33Z" end-time="2026-03-08 03:04:33Z" duration="0.000314" asserts="0">
                <properties>
                  <property name="retryIteration" value="0" />
                  <property name="repeatIteration" value="0" />
                </properties>
                <output><![CDATA[[AsyncPvpManager] Loadout must contain 1–3 heroes.
]]></output>
              </test-case>
              <test-case id="1537" name="RecordLoadout_ReturnsTrue_WithValidInput" fullname="AshenThrone.Tests.Alliance.AsyncPvpManagerTests.RecordLoadout_ReturnsTrue_WithValidInput" methodname="RecordLoadout_ReturnsTrue_WithValidInput" classname="AshenThrone.Tests.Alliance.AsyncPvpManagerTests" runstate="Runnable" seed="840496768" result="Passed" start-time="2026-03-08 03:04:33Z" end-time="2026-03-08 03:04:33Z" duration="0.000076" asserts="0">
                <properties>
                  <property name="retryIteration" value="0" />
                  <property name="repeatIteration" value="0" />
                </properties>
              </test-case>
              <test-case id="1538" name="RecordLoadout_SetsLocalLoadout" fullname="AshenThrone.Tests.Alliance.AsyncPvpManagerTests.RecordLoadout_SetsLocalLoadout" methodname="RecordLoadout_SetsLocalLoadout" classname="AshenThrone.Tests.Alliance.AsyncPvpManagerTests" runstate="Runnable" seed="604158846" result="Passed" start-time="2026-03-08 03:04:33Z" end-time="2026-03-08 03:04:33Z" duration="0.000088" asserts="0">
                <properties>
                  <property name="retryIteration" value="0" />
                  <property name="repeatIteration" value="0" />
                </properties>
              </test-case>
              <test-case id="1553" name="RequestAttack_ReturnsNonNullRequestId_WhenLoadoutRecorded" fullname="AshenThrone.Tests.Alliance.AsyncPvpManagerTests.RequestAttack_ReturnsNonNullRequestId_WhenLoadoutRecorded" methodname="RequestAttack_ReturnsNonNullRequestId_WhenLoadoutRecorded" classname="AshenThrone.Tests.Alliance.AsyncPvpManagerTests" runstate="Runnable" seed="18174527" result="Passed" start-time="2026-03-08 03:04:33Z" end-time="2026-03-08 03:04:33Z" duration="0.000220" asserts="0">
                <properties>
                  <property name="retryIteration" value="0" />
                  <property name="repeatIteration" value="0" />
                </properties>
              </test-case>
              <test-case id="1554" name="RequestAttack_ReturnsNull_WhenAttackerIdEmpty" fullname="AshenThrone.Tests.Alliance.AsyncPvpManagerTests.RequestAttack_ReturnsNull_WhenAttackerIdEmpty" methodname="RequestAttack_ReturnsNull_WhenAttackerIdEmpty" classname="AshenThrone.Tests.Alliance.AsyncPvpManagerTests" runstate="Runnable" seed="706796116" result="Passed" start-time="2026-03-08 03:04:33Z" end-time="2026-03-08 03:04:33Z" duration="0.000078" asserts="0">
                <properties>
                  <property name="retryIteration" value="0" />
                  <property name="repeatIteration" value="0" />
                </properties>
              </test-case>
              <test-case id="1552" name="RequestAttack_ReturnsNull_WhenNoLoadoutRecorded" fullname="AshenThrone.Tests.Alliance.AsyncPvpManagerTests.RequestAttack_ReturnsNull_WhenNoLoadoutRecorded" methodname="RequestAttack_ReturnsNull_WhenNoLoadoutRecorded" classname="AshenThrone.Tests.Alliance.AsyncPvpManagerTests" runstate="Runnable" seed="1958588069" result="Passed" start-time="2026-03-08 03:04:33Z" end-time="2026-03-08 03:04:33Z" duration="0.000304" asserts="0">
                <properties>
                  <property name="retryIteration" value="0" />
                  <property name="repeatIteration" value="0" />
                </properties>
                <output><![CDATA[[AsyncPvpManager] Cannot attack: local loadout not recorded.
]]></output>
              </test-case>
            </test-suite>
            <test-suite type="TestFixture" id="1558" name="TerritorySystemTests" fullname="AshenThrone.Tests.Alliance.TerritorySystemTests" classname="AshenThrone.Tests.Alliance.TerritorySystemTests" runstate="Runnable" testcasecount="23" result="Passed" start-time="2026-03-08 03:04:33Z" end-time="2026-03-08 03:04:33Z" duration="0.007638" total="23" passed="23" failed="0" inconclusive="0" skipped="0" asserts="0">
              <properties />
              <test-case id="1572" name="ApplyCapture_ChangesOwnership" fullname="AshenThrone.Tests.Alliance.TerritorySystemTests.ApplyCapture_ChangesOwnership" methodname="ApplyCapture_ChangesOwnership" classname="AshenThrone.Tests.Alliance.TerritorySystemTests" runstate="Runnable" seed="1517726020" result="Passed" start-time="2026-03-08 03:04:33Z" end-time="2026-03-08 03:04:33Z" duration="0.002226" asserts="0">
                <properties>
                  <property name="retryIteration" value="0" />
                  <property name="repeatIteration" value="0" />
                </properties>
              </test-case>
              <test-case id="1573" name="ApplyCapture_UpdatesAllianceIndexes" fullname="AshenThrone.Tests.Alliance.TerritorySystemTests.ApplyCapture_UpdatesAllianceIndexes" methodname="ApplyCapture_UpdatesAllianceIndexes" classname="AshenThrone.Tests.Alliance.TerritorySystemTests" runstate="Runnable" seed="1856952332" result="Passed" start-time="2026-03-08 03:04:33Z" end-time="2026-03-08 03:04:33Z" duration="0.000179" asserts="0">
                <properties>
                  <property name="retryIteration" value="0" />
                  <property name="repeatIteration" value="0" />
                </properties>
              </test-case>
              <test-case id="1574" name="AreAdjacent_AdjacentHexes_ReturnsTrue" fullname="AshenThrone.Tests.Alliance.TerritorySystemTests.AreAdjacent_AdjacentHexes_ReturnsTrue" methodname="AreAdjacent_AdjacentHexes_ReturnsTrue" classname="AshenThrone.Tests.Alliance.TerritorySystemTests" runstate="Runnable" seed="492068118" result="Passed" start-time="2026-03-08 03:04:33Z" end-time="2026-03-08 03:04:33Z" duration="0.000214" asserts="0">
                <properties>
                  <property name="retryIteration" value="0" />
                  <property name="repeatIteration" value="0" />
                </properties>
              </test-case>
              <test-case id="1575" name="AreAdjacent_NonAdjacentHexes_ReturnsFalse" fullname="AshenThrone.Tests.Alliance.TerritorySystemTests.AreAdjacent_NonAdjacentHexes_ReturnsFalse" methodname="AreAdjacent_NonAdjacentHexes_ReturnsFalse" classname="AshenThrone.Tests.Alliance.TerritorySystemTests" runstate="Runnable" seed="1760887808" result="Passed" start-time="2026-03-08 03:04:33Z" end-time="2026-03-08 03:04:33Z" duration="0.000131" asserts="0">
                <properties>
                  <property name="retryIteration" value="0" />
                  <property name="repeatIteration" value="0" />
                </properties>
              </test-case>
              <test-case id="1570" name="GetTerritoryCount_ReturnsCorrectCount_AfterLoad" fullname="AshenThrone.Tests.Alliance.TerritorySystemTests.GetTerritoryCount_ReturnsCorrectCount_AfterLoad" methodname="GetTerritoryCount_ReturnsCorrectCount_AfterLoad" classname="AshenThrone.Tests.Alliance.TerritorySystemTests" runstate="Runnable" seed="1860552953" result="Passed" start-time="2026-03-08 03:04:33Z" end-time="2026-03-08 03:04:33Z" duration="0.000163" asserts="0">
                <properties>
                  <property name="retryIteration" value="0" />
                  <property name="repeatIteration" value="0" />
                </properties>
              </test-case>
              <test-case id="1571" name="GetTerritoryCount_ReturnsZero_ForUnknownAlliance" fullname="AshenThrone.Tests.Alliance.TerritorySystemTests.GetTerritoryCount_ReturnsZero_ForUnknownAlliance" methodname="GetTerritoryCount_ReturnsZero_ForUnknownAlliance" classname="AshenThrone.Tests.Alliance.TerritorySystemTests" runstate="Runnable" seed="1679512779" result="Passed" start-time="2026-03-08 03:04:33Z" end-time="2026-03-08 03:04:33Z" duration="0.000098" asserts="0">
                <properties>
                  <property name="retryIteration" value="0" />
                  <property name="repeatIteration" value="0" />
                </properties>
              </test-case>
              <test-case id="1559" name="HexCoord_Distance_AdjacentCells_ReturnsOne" fullname="AshenThrone.Tests.Alliance.TerritorySystemTests.HexCoord_Distance_AdjacentCells_ReturnsOne" methodname="HexCoord_Distance_AdjacentCells_ReturnsOne" classname="AshenThrone.Tests.Alliance.TerritorySystemTests" runstate="Runnable" seed="99829819" result="Passed" start-time="2026-03-08 03:04:33Z" end-time="2026-03-08 03:04:33Z" duration="0.000105" asserts="0">
                <properties>
                  <property name="retryIteration" value="0" />
                  <property name="repeatIteration" value="0" />
                </properties>
              </test-case>
              <test-case id="1560" name="HexCoord_Distance_SameCell_ReturnsZero" fullname="AshenThrone.Tests.Alliance.TerritorySystemTests.HexCoord_Distance_SameCell_ReturnsZero" methodname="HexCoord_Distance_SameCell_ReturnsZero" classname="AshenThrone.Tests.Alliance.TerritorySystemTests" runstate="Runnable" seed="797067822" result="Passed" start-time="2026-03-08 03:04:33Z" end-time="2026-03-08 03:04:33Z" duration="0.000113" asserts="0">
                <properties>
                  <property name="retryIteration" value="0" />
                  <property name="repeatIteration" value="0" />
                </properties>
              </test-case>
              <test-case id="1561" name="HexCoord_Distance_TwoCellsApart_ReturnsTwo" fullname="AshenThrone.Tests.Alliance.TerritorySystemTests.HexCoord_Distance_TwoCellsApart_ReturnsTwo" methodname="HexCoord_Distance_TwoCellsApart_ReturnsTwo" classname="AshenThrone.Tests.Alliance.TerritorySystemTests" runstate="Runnable" seed="593855432" result="Passed" start-time="2026-03-08 03:04:33Z" end-time="2026-03-08 03:04:33Z" duration="0.000090" asserts="0">
                <properties>
                  <property name="retryIteration" value="0" />
                  <property name="repeatIteration" value="0" />
                </properties>
              </test-case>
              <test-case id="1564" name="HexCoord_Equality_DifferentValues_NotEqual" fullname="AshenThrone.Tests.Alliance.TerritorySystemTests.HexCoord_Equality_DifferentValues_NotEqual" methodname="HexCoord_Equality_DifferentValues_NotEqual" classname="AshenThrone.Tests.Alliance.TerritorySystemTests" runstate="Runnable" seed="128188560" result="Passed" start-time="2026-03-08 03:04:33Z" end-time="2026-03-08 03:04:33Z" duration="0.000593" asserts="0">
                <properties>
                  <property name="retryIteration" value="0" />
                  <property name="repeatIteration" value="0" />
                </properties>
              </test-case>
              <test-case id="1563" name="HexCoord_Equality_SameValues_AreEqual" fullname="AshenThrone.Tests.Alliance.TerritorySystemTests.HexCoord_Equality_SameValues_AreEqual" methodname="HexCoord_Equality_SameValues_AreEqual" classname="AshenThrone.Tests.Alliance.TerritorySystemTests" runstate="Runnable" seed="139937428" result="Passed" start-time="2026-03-08 03:04:33Z" end-time="2026-03-08 03:04:33Z" duration="0.000094" asserts="0">
                <properties>
                  <property name="retryIteration" value="0" />
                  <property name="repeatIteration" value="0" />
                </properties>
              </test-case>
              <test-case id="1562" name="HexCoord_Neighbors_ReturnsExactlySix" fullname="AshenThrone.Tests.Alliance.TerritorySystemTests.HexCoord_Neighbors_ReturnsExactlySix" methodname="HexCoord_Neighbors_ReturnsExactlySix" classname="AshenThrone.Tests.Alliance.TerritorySystemTests" runstate="Runnable" seed="1863310171" result="Passed" start-time="2026-03-08 03:04:33Z" end-time="2026-03-08 03:04:33Z" duration="0.000124" asserts="0">
                <properties>
                  <property name="retryIteration" value="0" />
                  <property name="repeatIteration" value="0" />
                </properties>
              </test-case>
              <test-case id="1567" name="InitializeMap_IgnoresNullEntries" fullname="AshenThrone.Tests.Alliance.TerritorySystemTests.InitializeMap_IgnoresNullEntries" methodname="InitializeMap_IgnoresNullEntries" classname="AshenThrone.Tests.Alliance.TerritorySystemTests" runstate="Runnable" seed="1720548022" result="Passed" start-time="2026-03-08 03:04:33Z" end-time="2026-03-08 03:04:33Z" duration="0.000219" asserts="0">
                <properties>
                  <property name="retryIteration" value="0" />
                  <property name="repeatIteration" value="0" />
                </properties>
              </test-case>
              <test-case id="1566" name="InitializeMap_PopulatesRegions" fullname="AshenThrone.Tests.Alliance.TerritorySystemTests.InitializeMap_PopulatesRegions" methodname="InitializeMap_PopulatesRegions" classname="AshenThrone.Tests.Alliance.TerritorySystemTests" runstate="Runnable" seed="1251604058" result="Passed" start-time="2026-03-08 03:04:33Z" end-time="2026-03-08 03:04:33Z" duration="0.000104" asserts="0">
                <properties>
                  <property name="retryIteration" value="0" />
                  <property name="repeatIteration" value="0" />
                </properties>
              </test-case>
              <test-case id="1565" name="InitializeMap_Throws_WhenRegionsIsNull" fullname="AshenThrone.Tests.Alliance.TerritorySystemTests.InitializeMap_Throws_WhenRegionsIsNull" methodname="InitializeMap_Throws_WhenRegionsIsNull" classname="AshenThrone.Tests.Alliance.TerritorySystemTests" runstate="Runnable" seed="934297750" result="Passed" start-time="2026-03-08 03:04:33Z" end-time="2026-03-08 03:04:33Z" duration="0.000115" asserts="0">
                <properties>
                  <property name="retryIteration" value="0" />
                  <property name="repeatIteration" value="0" />
                </properties>
              </test-case>
              <test-case id="1576" name="IsAttackable_ReturnsFalse_WhenAllianceOwnsRegion" fullname="AshenThrone.Tests.Alliance.TerritorySystemTests.IsAttackable_ReturnsFalse_WhenAllianceOwnsRegion" methodname="IsAttackable_ReturnsFalse_WhenAllianceOwnsRegion" classname="AshenThrone.Tests.Alliance.TerritorySystemTests" runstate="Runnable" seed="1842012648" result="Passed" start-time="2026-03-08 03:04:33Z" end-time="2026-03-08 03:04:33Z" duration="0.000199" asserts="0">
                <properties>
                  <property name="retryIteration" value="0" />
                  <property name="repeatIteration" value="0" />
                </properties>
              </test-case>
              <test-case id="1577" name="IsAttackable_ReturnsFalse_WhenNoAdjacentOwnedRegion" fullname="AshenThrone.Tests.Alliance.TerritorySystemTests.IsAttackable_ReturnsFalse_WhenNoAdjacentOwnedRegion" methodname="IsAttackable_ReturnsFalse_WhenNoAdjacentOwnedRegion" classname="AshenThrone.Tests.Alliance.TerritorySystemTests" runstate="Runnable" seed="1935042015" result="Passed" start-time="2026-03-08 03:04:33Z" end-time="2026-03-08 03:04:33Z" duration="0.000162" asserts="0">
                <properties>
                  <property name="retryIteration" value="0" />
                  <property name="repeatIteration" value="0" />
                </properties>
              </test-case>
              <test-case id="1578" name="IsAttackable_ReturnsTrue_WhenAdjacentOwnedRegionExists" fullname="AshenThrone.Tests.Alliance.TerritorySystemTests.IsAttackable_ReturnsTrue_WhenAdjacentOwnedRegionExists" methodname="IsAttackable_ReturnsTrue_WhenAdjacentOwnedRegionExists" classname="AshenThrone.Tests.Alliance.TerritorySystemTests" runstate="Runnable" seed="1631888117" result="Passed" start-time="2026-03-08 03:04:33Z" end-time="2026-03-08 03:04:33Z" duration="0.000147" asserts="0">
                <properties>
                  <property name="retryIteration" value="0" />
                  <property name="repeatIteration" value="0" />
                </properties>
              </test-case>
              <test-case id="1569" name="LoadFromServerData_NeutralRegions_HaveNullOwner" fullname="AshenThrone.Tests.Alliance.TerritorySystemTests.LoadFromServerData_NeutralRegions_HaveNullOwner" methodname="LoadFromServerData_NeutralRegions_HaveNullOwner" classname="AshenThrone.Tests.Alliance.TerritorySystemTests" runstate="Runnable" seed="580472005" result="Passed" start-time="2026-03-08 03:04:33Z" end-time="2026-03-08 03:04:33Z" duration="0.000115" asserts="0">
                <properties>
                  <property name="retryIteration" value="0" />
                  <property name="repeatIteration" value="0" />
                </properties>
              </test-case>
              <test-case id="1568" name="LoadFromServerData_SetsOwnership" fullname="AshenThrone.Tests.Alliance.TerritorySystemTests.LoadFromServerData_SetsOwnership" methodname="LoadFromServerData_SetsOwnership" classname="AshenThrone.Tests.Alliance.TerritorySystemTests" runstate="Runnable" seed="1085833205" result="Passed" start-time="2026-03-08 03:04:33Z" end-time="2026-03-08 03:04:33Z" duration="0.000133" asserts="0">
                <properties>
                  <property name="retryIteration" value="0" />
                  <property name="repeatIteration" value="0" />
                </properties>
              </test-case>
              <test-case id="1581" name="TerritoryRegion_TakeFortificationDamage_DoesNotGoBelowZero" fullname="AshenThrone.Tests.Alliance.TerritorySystemTests.TerritoryRegion_TakeFortificationDamage_DoesNotGoBelowZero" methodname="TerritoryRegion_TakeFortificationDamage_DoesNotGoBelowZero" classname="AshenThrone.Tests.Alliance.TerritorySystemTests" runstate="Runnable" seed="150327450" result="Passed" start-time="2026-03-08 03:04:33Z" end-time="2026-03-08 03:04:33Z" duration="0.000125" asserts="0">
                <properties>
                  <property name="retryIteration" value="0" />
                  <property name="repeatIteration" value="0" />
                </properties>
              </test-case>
              <test-case id="1579" name="TerritoryRegion_TakeFortificationDamage_ReducesHp" fullname="AshenThrone.Tests.Alliance.TerritorySystemTests.TerritoryRegion_TakeFortificationDamage_ReducesHp" methodname="TerritoryRegion_TakeFortificationDamage_ReducesHp" classname="AshenThrone.Tests.Alliance.TerritorySystemTests" runstate="Runnable" seed="1861321804" result="Passed" start-time="2026-03-08 03:04:33Z" end-time="2026-03-08 03:04:33Z" duration="0.000093" asserts="0">
                <properties>
                  <property name="retryIteration" value="0" />
                  <property name="repeatIteration" value="0" />
                </properties>
              </test-case>
              <test-case id="1580" name="TerritoryRegion_TakeFortificationDamage_ReturnsTrue_WhenDestroyed" fullname="AshenThrone.Tests.Alliance.TerritorySystemTests.TerritoryRegion_TakeFortificationDamage_ReturnsTrue_WhenDestroyed" methodname="TerritoryRegion_TakeFortificationDamage_ReturnsTrue_WhenDestroyed" classname="AshenThrone.Tests.Alliance.TerritorySystemTests" runstate="Runnable" seed="1615997467" result="Passed" start-time="2026-03-08 03:04:33Z" end-time="2026-03-08 03:04:33Z" duration="0.000101" asserts="0">
                <properties>
                  <property name="retryIteration" value="0" />
                  <property name="repeatIteration" value="0" />
                </properties>
              </test-case>
            </test-suite>
            <test-suite type="TestFixture" id="1582" name="WarEngineTests" fullname="AshenThrone.Tests.Alliance.WarEngineTests" classname="AshenThrone.Tests.Alliance.WarEngineTests" runstate="Runnable" testcasecount="26" result="Passed" start-time="2026-03-08 03:04:33Z" end-time="2026-03-08 03:04:33Z" duration="0.005335" total="26" passed="26" failed="0" inconclusive="0" skipped="0" asserts="0">
              <properties />
              <test-case id="1586" name="ComputeAttackerPower_MultipleAttackers_GreaterThanSum" fullname="AshenThrone.Tests.Alliance.WarEngineTests.ComputeAttackerPower_MultipleAttackers_GreaterThanSum" methodname="ComputeAttackerPower_MultipleAttackers_GreaterThanSum" classname="AshenThrone.Tests.Alliance.WarEngineTests" runstate="Runnable" seed="1572348504" result="Passed" start-time="2026-03-08 03:04:33Z" end-time="2026-03-08 03:04:33Z" duration="0.000411" asserts="0">
                <properties>
                  <property name="retryIteration" value="0" />
                  <property name="repeatIteration" value="0" />
                </properties>
              </test-case>
              <test-case id="1587" name="ComputeAttackerPower_NegativeScores_ClampedToZero" fullname="AshenThrone.Tests.Alliance.WarEngineTests.ComputeAttackerPower_NegativeScores_ClampedToZero" methodname="ComputeAttackerPower_NegativeScores_ClampedToZero" classname="AshenThrone.Tests.Alliance.WarEngineTests" runstate="Runnable" seed="1583336181" result="Passed" start-time="2026-03-08 03:04:33Z" end-time="2026-03-08 03:04:33Z" duration="0.000071" asserts="0">
                <properties>
                  <property name="retryIteration" value="0" />
                  <property name="repeatIteration" value="0" />
                </properties>
              </test-case>
              <test-case id="1583" name="ComputeAttackerPower_ReturnsZero_ForEmptyList" fullname="AshenThrone.Tests.Alliance.WarEngineTests.ComputeAttackerPower_ReturnsZero_ForEmptyList" methodname="ComputeAttackerPower_ReturnsZero_ForEmptyList" classname="AshenThrone.Tests.Alliance.WarEngineTests" runstate="Runnable" seed="288813208" result="Passed" start-time="2026-03-08 03:04:33Z" end-time="2026-03-08 03:04:33Z" duration="0.000038" asserts="0">
                <properties>
                  <property name="retryIteration" value="0" />
                  <property name="repeatIteration" value="0" />
                </properties>
              </test-case>
              <test-case id="1584" name="ComputeAttackerPower_ReturnsZero_ForNullList" fullname="AshenThrone.Tests.Alliance.WarEngineTests.ComputeAttackerPower_ReturnsZero_ForNullList" methodname="ComputeAttackerPower_ReturnsZero_ForNullList" classname="AshenThrone.Tests.Alliance.WarEngineTests" runstate="Runnable" seed="823516108" result="Passed" start-time="2026-03-08 03:04:33Z" end-time="2026-03-08 03:04:33Z" duration="0.000029" asserts="0">
                <properties>
                  <property name="retryIteration" value="0" />
                  <property name="repeatIteration" value="0" />
                </properties>
              </test-case>
              <test-case id="1585" name="ComputeAttackerPower_SingleAttacker_ReturnBasePower" fullname="AshenThrone.Tests.Alliance.WarEngineTests.ComputeAttackerPower_SingleAttacker_ReturnBasePower" methodname="ComputeAttackerPower_SingleAttacker_ReturnBasePower" classname="AshenThrone.Tests.Alliance.WarEngineTests" runstate="Runnable" seed="349606394" result="Passed" start-time="2026-03-08 03:04:33Z" end-time="2026-03-08 03:04:33Z" duration="0.000052" asserts="0">
                <properties>
                  <property name="retryIteration" value="0" />
                  <property name="repeatIteration" value="0" />
                </properties>
              </test-case>
              <test-case id="1594" name="ComputeResultHash_Returns64CharHexString" fullname="AshenThrone.Tests.Alliance.WarEngineTests.ComputeResultHash_Returns64CharHexString" methodname="ComputeResultHash_Returns64CharHexString" classname="AshenThrone.Tests.Alliance.WarEngineTests" runstate="Runnable" seed="1020403942" result="Passed" start-time="2026-03-08 03:04:33Z" end-time="2026-03-08 03:04:33Z" duration="0.000237" asserts="0">
                <properties>
                  <property name="retryIteration" value="0" />
                  <property name="repeatIteration" value="0" />
                </properties>
              </test-case>
              <test-case id="1593" name="ComputeResultHash_ReturnsDifferentHash_ForDifferentOutcomes" fullname="AshenThrone.Tests.Alliance.WarEngineTests.ComputeResultHash_ReturnsDifferentHash_ForDifferentOutcomes" methodname="ComputeResultHash_ReturnsDifferentHash_ForDifferentOutcomes" classname="AshenThrone.Tests.Alliance.WarEngineTests" runstate="Runnable" seed="1347406671" result="Passed" start-time="2026-03-08 03:04:33Z" end-time="2026-03-08 03:04:33Z" duration="0.000044" asserts="0">
                <properties>
                  <property name="retryIteration" value="0" />
                  <property name="repeatIteration" value="0" />
                </properties>
              </test-case>
              <test-case id="1592" name="ComputeResultHash_ReturnsSameHash_ForSameInputs" fullname="AshenThrone.Tests.Alliance.WarEngineTests.ComputeResultHash_ReturnsSameHash_ForSameInputs" methodname="ComputeResultHash_ReturnsSameHash_ForSameInputs" classname="AshenThrone.Tests.Alliance.WarEngineTests" runstate="Runnable" seed="2134700695" result="Passed" start-time="2026-03-08 03:04:33Z" end-time="2026-03-08 03:04:33Z" duration="0.000046" asserts="0">
                <properties>
                  <property name="retryIteration" value="0" />
                  <property name="repeatIteration" value="0" />
                </properties>
              </test-case>
              <test-case id="1604" name="RallyAttack_Cancel_SetsStateToCancelled" fullname="AshenThrone.Tests.Alliance.WarEngineTests.RallyAttack_Cancel_SetsStateToCancelled" methodname="RallyAttack_Cancel_SetsStateToCancelled" classname="AshenThrone.Tests.Alliance.WarEngineTests" runstate="Runnable" seed="1219613264" result="Passed" start-time="2026-03-08 03:04:33Z" end-time="2026-03-08 03:04:33Z" duration="0.000222" asserts="0">
                <properties>
                  <property name="retryIteration" value="0" />
                  <property name="repeatIteration" value="0" />
                </properties>
              </test-case>
              <test-case id="1598" name="RallyAttack_OrganizerAutoJoins" fullname="AshenThrone.Tests.Alliance.WarEngineTests.RallyAttack_OrganizerAutoJoins" methodname="RallyAttack_OrganizerAutoJoins" classname="AshenThrone.Tests.Alliance.WarEngineTests" runstate="Runnable" seed="658851766" result="Passed" start-time="2026-03-08 03:04:33Z" end-time="2026-03-08 03:04:33Z" duration="0.000090" asserts="0">
                <properties>
                  <property name="retryIteration" value="0" />
                  <property name="repeatIteration" value="0" />
                </properties>
              </test-case>
              <test-case id="1597" name="RallyAttack_ThrowsArgumentException_WhenRallyIdEmpty" fullname="AshenThrone.Tests.Alliance.WarEngineTests.RallyAttack_ThrowsArgumentException_WhenRallyIdEmpty" methodname="RallyAttack_ThrowsArgumentException_WhenRallyIdEmpty" classname="AshenThrone.Tests.Alliance.WarEngineTests" runstate="Runnable" seed="796996398" result="Passed" start-time="2026-03-08 03:04:33Z" end-time="2026-03-08 03:04:33Z" duration="0.000174" asserts="0">
                <properties>
                  <property name="retryIteration" value="0" />
                  <property name="repeatIteration" value="0" />
                </properties>
              </test-case>
              <test-case id="1599" name="RallyAttack_TryJoin_AddsMember_WhenRecruitingAndNotFull" fullname="AshenThrone.Tests.Alliance.WarEngineTests.RallyAttack_TryJoin_AddsMember_WhenRecruitingAndNotFull" methodname="RallyAttack_TryJoin_AddsMember_WhenRecruitingAndNotFull" classname="AshenThrone.Tests.Alliance.WarEngineTests" runstate="Runnable" seed="178774881" result="Passed" start-time="2026-03-08 03:04:33Z" end-time="2026-03-08 03:04:33Z" duration="0.000083" asserts="0">
                <properties>
                  <property name="retryIteration" value="0" />
                  <property name="repeatIteration" value="0" />
                </properties>
              </test-case>
              <test-case id="1605" name="RallyAttack_TryJoin_ReturnsFalse_AfterCancelled" fullname="AshenThrone.Tests.Alliance.WarEngineTests.RallyAttack_TryJoin_ReturnsFalse_AfterCancelled" methodname="RallyAttack_TryJoin_ReturnsFalse_AfterCancelled" classname="AshenThrone.Tests.Alliance.WarEngineTests" runstate="Runnable" seed="509403295" result="Passed" start-time="2026-03-08 03:04:33Z" end-time="2026-03-08 03:04:33Z" duration="0.000040" asserts="0">
                <properties>
                  <property name="retryIteration" value="0" />
                  <property name="repeatIteration" value="0" />
                </properties>
              </test-case>
              <test-case id="1601" name="RallyAttack_TryJoin_ReturnsFalse_WhenAlreadyJoined" fullname="AshenThrone.Tests.Alliance.WarEngineTests.RallyAttack_TryJoin_ReturnsFalse_WhenAlreadyJoined" methodname="RallyAttack_TryJoin_ReturnsFalse_WhenAlreadyJoined" classname="AshenThrone.Tests.Alliance.WarEngineTests" runstate="Runnable" seed="1614173139" result="Passed" start-time="2026-03-08 03:04:33Z" end-time="2026-03-08 03:04:33Z" duration="0.000037" asserts="0">
                <properties>
                  <property name="retryIteration" value="0" />
                  <property name="repeatIteration" value="0" />
                </properties>
              </test-case>
              <test-case id="1600" name="RallyAttack_TryJoin_ReturnsFalse_WhenFull" fullname="AshenThrone.Tests.Alliance.WarEngineTests.RallyAttack_TryJoin_ReturnsFalse_WhenFull" methodname="RallyAttack_TryJoin_ReturnsFalse_WhenFull" classname="AshenThrone.Tests.Alliance.WarEngineTests" runstate="Runnable" seed="1266093405" result="Passed" start-time="2026-03-08 03:04:33Z" end-time="2026-03-08 03:04:33Z" duration="0.000030" asserts="0">
                <properties>
                  <property name="retryIteration" value="0" />
                  <property name="repeatIteration" value="0" />
                </properties>
              </test-case>
              <test-case id="1602" name="RallyAttack_TryLaunch_ReturnsFalse_WhenBelowMinAttackers" fullname="AshenThrone.Tests.Alliance.WarEngineTests.RallyAttack_TryLaunch_ReturnsFalse_WhenBelowMinAttackers" methodname="RallyAttack_TryLaunch_ReturnsFalse_WhenBelowMinAttackers" classname="AshenThrone.Tests.Alliance.WarEngineTests" runstate="Runnable" seed="926664510" result="Passed" start-time="2026-03-08 03:04:33Z" end-time="2026-03-08 03:04:33Z" duration="0.000049" asserts="0">
                <properties>
                  <property name="retryIteration" value="0" />
                  <property name="repeatIteration" value="0" />
                </properties>
              </test-case>
              <test-case id="1603" name="RallyAttack_TryLaunch_ReturnsTrue_WhenMinMet" fullname="AshenThrone.Tests.Alliance.WarEngineTests.RallyAttack_TryLaunch_ReturnsTrue_WhenMinMet" methodname="RallyAttack_TryLaunch_ReturnsTrue_WhenMinMet" classname="AshenThrone.Tests.Alliance.WarEngineTests" runstate="Runnable" seed="1875807276" result="Passed" start-time="2026-03-08 03:04:33Z" end-time="2026-03-08 03:04:33Z" duration="0.000041" asserts="0">
                <properties>
                  <property name="retryIteration" value="0" />
                  <property name="repeatIteration" value="0" />
                </properties>
              </test-case>
              <test-case id="1588" name="ResolveAttack_AttackerWins_WhenPowerExceedsTotalDefense" fullname="AshenThrone.Tests.Alliance.WarEngineTests.ResolveAttack_AttackerWins_WhenPowerExceedsTotalDefense" methodname="ResolveAttack_AttackerWins_WhenPowerExceedsTotalDefense" classname="AshenThrone.Tests.Alliance.WarEngineTests" runstate="Runnable" seed="743649435" result="Passed" start-time="2026-03-08 03:04:33Z" end-time="2026-03-08 03:04:33Z" duration="0.000045" asserts="0">
                <properties>
                  <property name="retryIteration" value="0" />
                  <property name="repeatIteration" value="0" />
                </properties>
              </test-case>
              <test-case id="1589" name="ResolveAttack_DefenderWins_WhenDefenseExceedsAttack" fullname="AshenThrone.Tests.Alliance.WarEngineTests.ResolveAttack_DefenderWins_WhenDefenseExceedsAttack" methodname="ResolveAttack_DefenderWins_WhenDefenseExceedsAttack" classname="AshenThrone.Tests.Alliance.WarEngineTests" runstate="Runnable" seed="1321795841" result="Passed" start-time="2026-03-08 03:04:33Z" end-time="2026-03-08 03:04:33Z" duration="0.000035" asserts="0">
                <properties>
                  <property name="retryIteration" value="0" />
                  <property name="repeatIteration" value="0" />
                </properties>
              </test-case>
              <test-case id="1590" name="ResolveAttack_Draw_WhenEqualPower" fullname="AshenThrone.Tests.Alliance.WarEngineTests.ResolveAttack_Draw_WhenEqualPower" methodname="ResolveAttack_Draw_WhenEqualPower" classname="AshenThrone.Tests.Alliance.WarEngineTests" runstate="Runnable" seed="1196400713" result="Passed" start-time="2026-03-08 03:04:33Z" end-time="2026-03-08 03:04:33Z" duration="0.000043" asserts="0">
                <properties>
                  <property name="retryIteration" value="0" />
                  <property name="repeatIteration" value="0" />
                </properties>
              </test-case>
              <test-case id="1591" name="ResolveAttack_FortificationAddsToDefense" fullname="AshenThrone.Tests.Alliance.WarEngineTests.ResolveAttack_FortificationAddsToDefense" methodname="ResolveAttack_FortificationAddsToDefense" classname="AshenThrone.Tests.Alliance.WarEngineTests" runstate="Runnable" seed="608765210" result="Passed" start-time="2026-03-08 03:04:33Z" end-time="2026-03-08 03:04:33Z" duration="0.000058" asserts="0">
                <properties>
                  <property name="retryIteration" value="0" />
                  <property name="repeatIteration" value="0" />
                </properties>
              </test-case>
              <test-case id="1596" name="WarResult_IsHashValid_ReturnsFalse_ForTamperedHash" fullname="AshenThrone.Tests.Alliance.WarEngineTests.WarResult_IsHashValid_ReturnsFalse_ForTamperedHash" methodname="WarResult_IsHashValid_ReturnsFalse_ForTamperedHash" classname="AshenThrone.Tests.Alliance.WarEngineTests" runstate="Runnable" seed="1621853144" result="Passed" start-time="2026-03-08 03:04:33Z" end-time="2026-03-08 03:04:33Z" duration="0.000086" asserts="0">
                <properties>
                  <property name="retryIteration" value="0" />
                  <property name="repeatIteration" value="0" />
                </properties>
              </test-case>
              <test-case id="1595" name="WarResult_IsHashValid_ReturnsTrue_ForMatchingHash" fullname="AshenThrone.Tests.Alliance.WarEngineTests.WarResult_IsHashValid_ReturnsTrue_ForMatchingHash" methodname="WarResult_IsHashValid_ReturnsTrue_ForMatchingHash" classname="AshenThrone.Tests.Alliance.WarEngineTests" runstate="Runnable" seed="668950463" result="Passed" start-time="2026-03-08 03:04:33Z" end-time="2026-03-08 03:04:33Z" duration="0.000043" asserts="0">
                <properties>
                  <property name="retryIteration" value="0" />
                  <property name="repeatIteration" value="0" />
                </properties>
              </test-case>
              <test-case id="1608" name="WarWindow_IsNotOpen_BeforeWindowStarts" fullname="AshenThrone.Tests.Alliance.WarEngineTests.WarWindow_IsNotOpen_BeforeWindowStarts" methodname="WarWindow_IsNotOpen_BeforeWindowStarts" classname="AshenThrone.Tests.Alliance.WarEngineTests" runstate="Runnable" seed="1658536766" result="Passed" start-time="2026-03-08 03:04:33Z" end-time="2026-03-08 03:04:33Z" duration="0.000122" asserts="0">
                <properties>
                  <property name="retryIteration" value="0" />
                  <property name="repeatIteration" value="0" />
                </properties>
              </test-case>
              <test-case id="1607" name="WarWindow_IsOpen_WhenCurrentTimeWithinWindow" fullname="AshenThrone.Tests.Alliance.WarEngineTests.WarWindow_IsOpen_WhenCurrentTimeWithinWindow" methodname="WarWindow_IsOpen_WhenCurrentTimeWithinWindow" classname="AshenThrone.Tests.Alliance.WarEngineTests" runstate="Runnable" seed="1443633749" result="Passed" start-time="2026-03-08 03:04:33Z" end-time="2026-03-08 03:04:33Z" duration="0.000047" asserts="0">
                <properties>
                  <property name="retryIteration" value="0" />
                  <property name="repeatIteration" value="0" />
                </properties>
              </test-case>
              <test-case id="1606" name="WarWindow_ThrowsArgumentException_WhenCloseBeforeOpen" fullname="AshenThrone.Tests.Alliance.WarEngineTests.WarWindow_ThrowsArgumentException_WhenCloseBeforeOpen" methodname="WarWindow_ThrowsArgumentException_WhenCloseBeforeOpen" classname="AshenThrone.Tests.Alliance.WarEngineTests" runstate="Runnable" seed="2101689118" result="Passed" start-time="2026-03-08 03:04:33Z" end-time="2026-03-08 03:04:33Z" duration="0.000078" asserts="0">
                <properties>
                  <property name="retryIteration" value="0" />
                  <property name="repeatIteration" value="0" />
                </properties>
              </test-case>
            </test-suite>
          </test-suite>
          <test-suite type="TestSuite" id="1618" name="Combat" fullname="AshenThrone.Tests.Combat" runstate="Runnable" testcasecount="125" result="Skipped" label="Ignored" start-time="2026-03-08 03:04:33Z" end-time="2026-03-08 03:04:33Z" duration="0.044094" total="125" passed="123" failed="0" inconclusive="0" skipped="2" asserts="0">
            <properties />
            <reason>
              <message><![CDATA[One or more child tests were ignored]]></message>
            </reason>
            <test-suite type="TestFixture" id="1380" name="AbilityResolverTests" fullname="AshenThrone.Tests.Combat.AbilityResolverTests" classname="AshenThrone.Tests.Combat.AbilityResolverTests" runstate="Runnable" testcasecount="10" result="Passed" start-time="2026-03-08 03:04:33Z" end-time="2026-03-08 03:04:33Z" duration="0.008665" total="10" passed="10" failed="0" inconclusive="0" skipped="0" asserts="0">
              <properties />
              <test-case id="1390" name="AllEnemies_TargetType_HitsAllLivingEnemies" fullname="AshenThrone.Tests.Combat.AbilityResolverTests.AllEnemies_TargetType_HitsAllLivingEnemies" methodname="AllEnemies_TargetType_HitsAllLivingEnemies" classname="AshenThrone.Tests.Combat.AbilityResolverTests" runstate="Runnable" seed="1593562950" result="Passed" start-time="2026-03-08 03:04:33Z" end-time="2026-03-08 03:04:33Z" duration="0.003536" asserts="0">
                <properties>
                  <property name="retryIteration" value="0" />
                  <property name="repeatIteration" value="0" />
                </properties>
              </test-case>
              <test-case id="1381" name="AttackCard_DealsExpectedDamage_ToEnemy" fullname="AshenThrone.Tests.Combat.AbilityResolverTests.AttackCard_DealsExpectedDamage_ToEnemy" methodname="AttackCard_DealsExpectedDamage_ToEnemy" classname="AshenThrone.Tests.Combat.AbilityResolverTests" runstate="Runnable" seed="413659294" result="Passed" start-time="2026-03-08 03:04:33Z" end-time="2026-03-08 03:04:33Z" duration="0.000472" asserts="0">
                <properties>
                  <property name="retryIteration" value="0" />
                  <property name="repeatIteration" value="0" />
                </properties>
              </test-case>
              <test-case id="1384" name="AttackCard_DoesNotHitDeadTarget" fullname="AshenThrone.Tests.Combat.AbilityResolverTests.AttackCard_DoesNotHitDeadTarget" methodname="AttackCard_DoesNotHitDeadTarget" classname="AshenThrone.Tests.Combat.AbilityResolverTests" runstate="Runnable" seed="1315922141" result="Passed" start-time="2026-03-08 03:04:33Z" end-time="2026-03-08 03:04:33Z" duration="0.000347" asserts="0">
                <properties>
                  <property name="retryIteration" value="0" />
                  <property name="repeatIteration" value="0" />
                </properties>
              </test-case>
              <test-case id="1382" name="AttackCard_NeverDealsZeroDamage_WhenTargetHasHighDefense" fullname="AshenThrone.Tests.Combat.AbilityResolverTests.AttackCard_NeverDealsZeroDamage_WhenTargetHasHighDefense" methodname="AttackCard_NeverDealsZeroDamage_WhenTargetHasHighDefense" classname="AshenThrone.Tests.Combat.AbilityResolverTests" runstate="Runnable" seed="1336192441" result="Passed" start-time="2026-03-08 03:04:33Z" end-time="2026-03-08 03:04:33Z" duration="0.000234" asserts="0">
                <properties>
                  <property name="retryIteration" value="0" />
                  <property name="repeatIteration" value="0" />
                </properties>
              </test-case>
              <test-case id="1383" name="AttackCard_WithComboBonus_DealsIncreasedDamage" fullname="AshenThrone.Tests.Combat.AbilityResolverTests.AttackCard_WithComboBonus_DealsIncreasedDamage" methodname="AttackCard_WithComboBonus_DealsIncreasedDamage" classname="AshenThrone.Tests.Combat.AbilityResolverTests" runstate="Runnable" seed="207301593" result="Passed" start-time="2026-03-08 03:04:33Z" end-time="2026-03-08 03:04:33Z" duration="0.000193" asserts="0">
                <properties>
                  <property name="retryIteration" value="0" />
                  <property name="repeatIteration" value="0" />
                </properties>
              </test-case>
              <test-case id="1389" name="Constructor_ThrowsArgumentNullException_WhenGridIsNull" fullname="AshenThrone.Tests.Combat.AbilityResolverTests.Constructor_ThrowsArgumentNullException_WhenGridIsNull" methodname="Constructor_ThrowsArgumentNullException_WhenGridIsNull" classname="AshenThrone.Tests.Combat.AbilityResolverTests" runstate="Runnable" seed="549783650" result="Passed" start-time="2026-03-08 03:04:33Z" end-time="2026-03-08 03:04:33Z" duration="0.000121" asserts="0">
                <properties>
                  <property name="retryIteration" value="0" />
                  <property name="repeatIteration" value="0" />
                </properties>
              </test-case>
              <test-case id="1386" name="HealCard_DoesNotOverheal_BeyondMaxHealth" fullname="AshenThrone.Tests.Combat.AbilityResolverTests.HealCard_DoesNotOverheal_BeyondMaxHealth" methodname="HealCard_DoesNotOverheal_BeyondMaxHealth" classname="AshenThrone.Tests.Combat.AbilityResolverTests" runstate="Runnable" seed="411932713" result="Passed" start-time="2026-03-08 03:04:33Z" end-time="2026-03-08 03:04:33Z" duration="0.000410" asserts="0">
                <properties>
                  <property name="retryIteration" value="0" />
                  <property name="repeatIteration" value="0" />
                </properties>
              </test-case>
              <test-case id="1385" name="HealCard_RestoresExpectedHp_ToAlly" fullname="AshenThrone.Tests.Combat.AbilityResolverTests.HealCard_RestoresExpectedHp_ToAlly" methodname="HealCard_RestoresExpectedHp_ToAlly" classname="AshenThrone.Tests.Combat.AbilityResolverTests" runstate="Runnable" seed="1900321202" result="Passed" start-time="2026-03-08 03:04:33Z" end-time="2026-03-08 03:04:33Z" duration="0.000332" asserts="0">
                <properties>
                  <property name="retryIteration" value="0" />
                  <property name="repeatIteration" value="0" />
                </properties>
              </test-case>
              <test-case id="1387" name="Resolve_ThrowsArgumentNullException_WhenCardIsNull" fullname="AshenThrone.Tests.Combat.AbilityResolverTests.Resolve_ThrowsArgumentNullException_WhenCardIsNull" methodname="Resolve_ThrowsArgumentNullException_WhenCardIsNull" classname="AshenThrone.Tests.Combat.AbilityResolverTests" runstate="Runnable" seed="44169754" result="Passed" start-time="2026-03-08 03:04:33Z" end-time="2026-03-08 03:04:33Z" duration="0.000168" asserts="0">
                <properties>
                  <property name="retryIteration" value="0" />
                  <property name="repeatIteration" value="0" />
                </properties>
              </test-case>
              <test-case id="1388" name="Resolve_ThrowsArgumentNullException_WhenCasterIsNull" fullname="AshenThrone.Tests.Combat.AbilityResolverTests.Resolve_ThrowsArgumentNullException_WhenCasterIsNull" methodname="Resolve_ThrowsArgumentNullException_WhenCasterIsNull" classname="AshenThrone.Tests.Combat.AbilityResolverTests" runstate="Runnable" seed="1609371042" result="Passed" start-time="2026-03-08 03:04:33Z" end-time="2026-03-08 03:04:33Z" duration="0.000176" asserts="0">
                <properties>
                  <property name="retryIteration" value="0" />
                  <property name="repeatIteration" value="0" />
                </properties>
              </test-case>
            </test-suite>
            <test-suite type="TestFixture" id="1391" name="CardHandManagerTests" fullname="AshenThrone.Tests.Combat.CardHandManagerTests" classname="AshenThrone.Tests.Combat.CardHandManagerTests" runstate="Runnable" testcasecount="25" result="Skipped" label="Ignored" start-time="2026-03-08 03:04:33Z" end-time="2026-03-08 03:04:33Z" duration="0.009335" total="25" passed="23" failed="0" inconclusive="0" skipped="2" asserts="0">
              <properties />
              <reason>
                <message><![CDATA[One or more child tests were ignored]]></message>
              </reason>
              <test-case id="1413" name="DiscardCard_DoesNotThrow_WhenCardNotInHand" fullname="AshenThrone.Tests.Combat.CardHandManagerTests.DiscardCard_DoesNotThrow_WhenCardNotInHand" methodname="DiscardCard_DoesNotThrow_WhenCardNotInHand" classname="AshenThrone.Tests.Combat.CardHandManagerTests" runstate="Runnable" seed="52741651" result="Passed" start-time="2026-03-08 03:04:33Z" end-time="2026-03-08 03:04:33Z" duration="0.000834" asserts="0">
                <properties>
                  <property name="retryIteration" value="0" />
                  <property name="repeatIteration" value="0" />
                </properties>
              </test-case>
              <test-case id="1414" name="DiscardCard_FiresOnCardDiscardedEvent" fullname="AshenThrone.Tests.Combat.CardHandManagerTests.DiscardCard_FiresOnCardDiscardedEvent" methodname="DiscardCard_FiresOnCardDiscardedEvent" classname="AshenThrone.Tests.Combat.CardHandManagerTests" runstate="Runnable" seed="1681696232" result="Passed" start-time="2026-03-08 03:04:33Z" end-time="2026-03-08 03:04:33Z" duration="0.000581" asserts="0">
                <properties>
                  <property name="retryIteration" value="0" />
                  <property name="repeatIteration" value="0" />
                </properties>
              </test-case>
              <test-case id="1412" name="DiscardCard_RemovesCardFromHand" fullname="AshenThrone.Tests.Combat.CardHandManagerTests.DiscardCard_RemovesCardFromHand" methodname="DiscardCard_RemovesCardFromHand" classname="AshenThrone.Tests.Combat.CardHandManagerTests" runstate="Runnable" seed="1412602844" result="Passed" start-time="2026-03-08 03:04:33Z" end-time="2026-03-08 03:04:33Z" duration="0.000234" asserts="0">
                <properties>
                  <property name="retryIteration" value="0" />
                  <property name="repeatIteration" value="0" />
                </properties>
              </test-case>
              <test-case id="1402" name="DrawForTurn_DecrementsDeckCount" fullname="AshenThrone.Tests.Combat.CardHandManagerTests.DrawForTurn_DecrementsDeckCount" methodname="DrawForTurn_DecrementsDeckCount" classname="AshenThrone.Tests.Combat.CardHandManagerTests" runstate="Runnable" seed="108710868" result="Passed" start-time="2026-03-08 03:04:33Z" end-time="2026-03-08 03:04:33Z" duration="0.000189" asserts="0">
                <properties>
                  <property name="retryIteration" value="0" />
                  <property name="repeatIteration" value="0" />
                </properties>
              </test-case>
              <test-case id="1400" name="DrawForTurn_DoesNotExceedMaxHandSize" fullname="AshenThrone.Tests.Combat.CardHandManagerTests.DrawForTurn_DoesNotExceedMaxHandSize" methodname="DrawForTurn_DoesNotExceedMaxHandSize" classname="AshenThrone.Tests.Combat.CardHandManagerTests" runstate="Runnable" seed="238351419" result="Passed" start-time="2026-03-08 03:04:33Z" end-time="2026-03-08 03:04:33Z" duration="0.000166" asserts="0">
                <properties>
                  <property name="retryIteration" value="0" />
                  <property name="repeatIteration" value="0" />
                </properties>
              </test-case>
[...]
                </properties>
              </test-case>
              <test-case id="1019" name="Initialize_NullSave_AutoDetectsLanguage" fullname="AshenThrone.Tests.UI.LocalizationBootstrapTests.Initialize_NullSave_AutoDetectsLanguage" methodname="Initialize_NullSave_AutoDetectsLanguage" classname="AshenThrone.Tests.UI.LocalizationBootstrapTests" runstate="Runnable" seed="1636818183" result="Passed" start-time="2026-03-08 03:04:33Z" end-time="2026-03-08 03:04:33Z" duration="0.000081" asserts="0">
                <properties>
                  <property name="retryIteration" value="0" />
                  <property name="repeatIteration" value="0" />
                </properties>
              </test-case>
              <test-case id="1020" name="Initialize_WithSave_RestoresLanguage" fullname="AshenThrone.Tests.UI.LocalizationBootstrapTests.Initialize_WithSave_RestoresLanguage" methodname="Initialize_WithSave_RestoresLanguage" classname="AshenThrone.Tests.UI.LocalizationBootstrapTests" runstate="Runnable" seed="1197531830" result="Passed" start-time="2026-03-08 03:04:33Z" end-time="2026-03-08 03:04:33Z" duration="0.000084" asserts="0">
                <properties>
                  <property name="retryIteration" value="0" />
                  <property name="repeatIteration" value="0" />
                </properties>
              </test-case>
              <test-case id="1023" name="SetLanguage_ChangesCurrentLanguage" fullname="AshenThrone.Tests.UI.LocalizationBootstrapTests.SetLanguage_ChangesCurrentLanguage" methodname="SetLanguage_ChangesCurrentLanguage" classname="AshenThrone.Tests.UI.LocalizationBootstrapTests" runstate="Runnable" seed="327051148" result="Passed" start-time="2026-03-08 03:04:33Z" end-time="2026-03-08 03:04:33Z" duration="0.000080" asserts="0">
                <properties>
                  <property name="retryIteration" value="0" />
                  <property name="repeatIteration" value="0" />
                </properties>
              </test-case>
              <test-case id="1024" name="SetLanguage_SameLanguage_IsNoOp" fullname="AshenThrone.Tests.UI.LocalizationBootstrapTests.SetLanguage_SameLanguage_IsNoOp" methodname="SetLanguage_SameLanguage_IsNoOp" classname="AshenThrone.Tests.UI.LocalizationBootstrapTests" runstate="Runnable" seed="766614186" result="Passed" start-time="2026-03-08 03:04:33Z" end-time="2026-03-08 03:04:33Z" duration="0.000078" asserts="0">
                <properties>
                  <property name="retryIteration" value="0" />
                  <property name="repeatIteration" value="0" />
                </properties>
              </test-case>
              <test-case id="1031" name="SupportedLanguageCount_Equals8" fullname="AshenThrone.Tests.UI.LocalizationBootstrapTests.SupportedLanguageCount_Equals8" methodname="SupportedLanguageCount_Equals8" classname="AshenThrone.Tests.UI.LocalizationBootstrapTests" runstate="Runnable" seed="99912143" result="Passed" start-time="2026-03-08 03:04:33Z" end-time="2026-03-08 03:04:33Z" duration="0.000072" asserts="0">
                <properties>
                  <property name="retryIteration" value="0" />
                  <property name="repeatIteration" value="0" />
                </properties>
              </test-case>
            </test-suite>
            <test-suite type="TestFixture" id="1032" name="TutorialManagerTests" fullname="AshenThrone.Tests.UI.TutorialManagerTests" classname="AshenThrone.Tests.UI.TutorialManagerTests" runstate="Runnable" testcasecount="21" result="Passed" start-time="2026-03-08 03:04:33Z" end-time="2026-03-08 03:04:33Z" duration="0.009836" total="21" passed="21" failed="0" inconclusive="0" skipped="0" asserts="0">
              <properties />
              <test-case id="1048" name="BuildSaveData_ReflectsCurrentState" fullname="AshenThrone.Tests.UI.TutorialManagerTests.BuildSaveData_ReflectsCurrentState" methodname="BuildSaveData_ReflectsCurrentState" classname="AshenThrone.Tests.UI.TutorialManagerTests" runstate="Runnable" seed="793245942" result="Passed" start-time="2026-03-08 03:04:33Z" end-time="2026-03-08 03:04:33Z" duration="0.001233" asserts="0">
                <properties>
                  <property name="retryIteration" value="0" />
                  <property name="repeatIteration" value="0" />
                </properties>
              </test-case>
              <test-case id="1049" name="BuildSaveData_WhenComplete_SetsIsComplete" fullname="AshenThrone.Tests.UI.TutorialManagerTests.BuildSaveData_WhenComplete_SetsIsComplete" methodname="BuildSaveData_WhenComplete_SetsIsComplete" classname="AshenThrone.Tests.UI.TutorialManagerTests" runstate="Runnable" seed="554916517" result="Passed" start-time="2026-03-08 03:04:33Z" end-time="2026-03-08 03:04:33Z" duration="0.000322" asserts="0">
                <properties>
                  <property name="retryIteration" value="0" />
                  <property name="repeatIteration" value="0" />
                </properties>
              </test-case>
              <test-case id="1051" name="CurrentStep_ReturnsCorrectStep_WhenActive" fullname="AshenThrone.Tests.UI.TutorialManagerTests.CurrentStep_ReturnsCorrectStep_WhenActive" methodname="CurrentStep_ReturnsCorrectStep_WhenActive" classname="AshenThrone.Tests.UI.TutorialManagerTests" runstate="Runnable" seed="1858352106" result="Passed" start-time="2026-03-08 03:04:33Z" end-time="2026-03-08 03:04:33Z" duration="0.000279" asserts="0">
                <properties>
                  <property name="retryIteration" value="0" />
                  <property name="repeatIteration" value="0" />
                </properties>
              </test-case>
              <test-case id="1050" name="CurrentStep_ReturnsNull_WhenNotActive" fullname="AshenThrone.Tests.UI.TutorialManagerTests.CurrentStep_ReturnsNull_WhenNotActive" methodname="CurrentStep_ReturnsNull_WhenNotActive" classname="AshenThrone.Tests.UI.TutorialManagerTests" runstate="Runnable" seed="1105164492" result="Passed" start-time="2026-03-08 03:04:33Z" end-time="2026-03-08 03:04:33Z" duration="0.000072" asserts="0">
                <properties>
                  <property name="retryIteration" value="0" />
                  <property name="repeatIteration" value="0" />
                </properties>
              </test-case>
              <test-case id="1053" name="FullWalkthrough_8Steps_CompletesSuccessfully" fullname="AshenThrone.Tests.UI.TutorialManagerTests.FullWalkthrough_8Steps_CompletesSuccessfully" methodname="FullWalkthrough_8Steps_CompletesSuccessfully" classname="AshenThrone.Tests.UI.TutorialManagerTests" runstate="Runnable" seed="782140476" result="Passed" start-time="2026-03-08 03:04:33Z" end-time="2026-03-08 03:04:33Z" duration="0.001347" asserts="0">
                <properties>
                  <property name="retryIteration" value="0" />
                  <property name="repeatIteration" value="0" />
                </properties>
              </test-case>
              <test-case id="1037" name="Initialize_AllStepsAlreadyDone_MarksComplete" fullname="AshenThrone.Tests.UI.TutorialManagerTests.Initialize_AllStepsAlreadyDone_MarksComplete" methodname="Initialize_AllStepsAlreadyDone_MarksComplete" classname="AshenThrone.Tests.UI.TutorialManagerTests" runstate="Runnable" seed="170149014" result="Passed" start-time="2026-03-08 03:04:33Z" end-time="2026-03-08 03:04:33Z" duration="0.000243" asserts="0">
                <properties>
                  <property name="retryIteration" value="0" />
                  <property name="repeatIteration" value="0" />
                </properties>
              </test-case>
              <test-case id="1036" name="Initialize_CompleteSave_StaysComplete" fullname="AshenThrone.Tests.UI.TutorialManagerTests.Initialize_CompleteSave_StaysComplete" methodname="Initialize_CompleteSave_StaysComplete" classname="AshenThrone.Tests.UI.TutorialManagerTests" runstate="Runnable" seed="570561668" result="Passed" start-time="2026-03-08 03:04:33Z" end-time="2026-03-08 03:04:33Z" duration="0.000238" asserts="0">
                <properties>
                  <property name="retryIteration" value="0" />
                  <property name="repeatIteration" value="0" />
                </properties>
              </test-case>
              <test-case id="1034" name="Initialize_NoSteps_MarksComplete" fullname="AshenThrone.Tests.UI.TutorialManagerTests.Initialize_NoSteps_MarksComplete" methodname="Initialize_NoSteps_MarksComplete" classname="AshenThrone.Tests.UI.TutorialManagerTests" runstate="Runnable" seed="841078835" result="Passed" start-time="2026-03-08 03:04:33Z" end-time="2026-03-08 03:04:33Z" duration="0.000425" asserts="0">
                <properties>
                  <property name="retryIteration" value="0" />
                  <property name="repeatIteration" value="0" />
                </properties>
                <output><![CDATA[[TutorialManager] No tutorial steps configured.
]]></output>
              </test-case>
              <test-case id="1033" name="Initialize_NullSave_StartsAtStepZero" fullname="AshenThrone.Tests.UI.TutorialManagerTests.Initialize_NullSave_StartsAtStepZero" methodname="Initialize_NullSave_StartsAtStepZero" classname="AshenThrone.Tests.UI.TutorialManagerTests" runstate="Runnable" seed="1620105265" result="Passed" start-time="2026-03-08 03:04:33Z" end-time="2026-03-08 03:04:33Z" duration="0.000255" asserts="0">
                <properties>
                  <property name="retryIteration" value="0" />
                  <property name="repeatIteration" value="0" />
                </properties>
              </test-case>
              <test-case id="1035" name="Initialize_ResumesFromSave" fullname="AshenThrone.Tests.UI.TutorialManagerTests.Initialize_ResumesFromSave" methodname="Initialize_ResumesFromSave" classname="AshenThrone.Tests.UI.TutorialManagerTests" runstate="Runnable" seed="82689091" result="Passed" start-time="2026-03-08 03:04:33Z" end-time="2026-03-08 03:04:33Z" duration="0.000400" asserts="0">
                <properties>
                  <property name="retryIteration" value="0" />
                  <property name="repeatIteration" value="0" />
                </properties>
              </test-case>
              <test-case id="1041" name="ReportAction_LastStep_CompletesTutorial" fullname="AshenThrone.Tests.UI.TutorialManagerTests.ReportAction_LastStep_CompletesTutorial" methodname="ReportAction_LastStep_CompletesTutorial" classname="AshenThrone.Tests.UI.TutorialManagerTests" runstate="Runnable" seed="1982410274" result="Passed" start-time="2026-03-08 03:04:33Z" end-time="2026-03-08 03:04:33Z" duration="0.000247" asserts="0">
                <properties>
                  <property name="retryIteration" value="0" />
                  <property name="repeatIteration" value="0" />
                </properties>
              </test-case>
              <test-case id="1038" name="ReportAction_MatchingAction_AdvancesStep" fullname="AshenThrone.Tests.UI.TutorialManagerTests.ReportAction_MatchingAction_AdvancesStep" methodname="ReportAction_MatchingAction_AdvancesStep" classname="AshenThrone.Tests.UI.TutorialManagerTests" runstate="Runnable" seed="743538235" result="Passed" start-time="2026-03-08 03:04:33Z" end-time="2026-03-08 03:04:33Z" duration="0.000386" asserts="0">
                <properties>
                  <property name="retryIteration" value="0" />
                  <property name="repeatIteration" value="0" />
                </properties>
              </test-case>
              <test-case id="1040" name="ReportAction_WhenComplete_IsNoOp" fullname="AshenThrone.Tests.UI.TutorialManagerTests.ReportAction_WhenComplete_IsNoOp" methodname="ReportAction_WhenComplete_IsNoOp" classname="AshenThrone.Tests.UI.TutorialManagerTests" runstate="Runnable" seed="1584912546" result="Passed" start-time="2026-03-08 03:04:33Z" end-time="2026-03-08 03:04:33Z" duration="0.000241" asserts="0">
                <properties>
                  <property name="retryIteration" value="0" />
                  <property name="repeatIteration" value="0" />
                </properties>
              </test-case>
              <test-case id="1042" name="ReportAction_WhenNotActive_IsNoOp" fullname="AshenThrone.Tests.UI.TutorialManagerTests.ReportAction_WhenNotActive_IsNoOp" methodname="ReportAction_WhenNotActive_IsNoOp" classname="AshenThrone.Tests.UI.TutorialManagerTests" runstate="Runnable" seed="472067085" result="Passed" start-time="2026-03-08 03:04:33Z" end-time="2026-03-08 03:04:33Z" duration="0.000240" asserts="0">
                <properties>
                  <property name="retryIteration" value="0" />
                  <property name="repeatIteration" value="0" />
                </properties>
              </test-case>
              <test-case id="1039" name="ReportAction_WrongAction_DoesNotAdvance" fullname="AshenThrone.Tests.UI.TutorialManagerTests.ReportAction_WrongAction_DoesNotAdvance" methodname="ReportAction_WrongAction_DoesNotAdvance" classname="AshenThrone.Tests.UI.TutorialManagerTests" runstate="Runnable" seed="991957766" result="Passed" start-time="2026-03-08 03:04:33Z" end-time="2026-03-08 03:04:33Z" duration="0.000234" asserts="0">
                <properties>
                  <property name="retryIteration" value="0" />
                  <property name="repeatIteration" value="0" />
                </properties>
              </test-case>
              <test-case id="1046" name="SkipAll_MarksTutorialComplete" fullname="AshenThrone.Tests.UI.TutorialManagerTests.SkipAll_MarksTutorialComplete" methodname="SkipAll_MarksTutorialComplete" classname="AshenThrone.Tests.UI.TutorialManagerTests" runstate="Runnable" seed="2041454785" result="Passed" start-time="2026-03-08 03:04:33Z" end-time="2026-03-08 03:04:33Z" duration="0.000391" asserts="0">
                <properties>
                  <property name="retryIteration" value="0" />
                  <property name="repeatIteration" value="0" />
                </properties>
              </test-case>
              <test-case id="1047" name="SkipAll_WhenAlreadyComplete_IsNoOp" fullname="AshenThrone.Tests.UI.TutorialManagerTests.SkipAll_WhenAlreadyComplete_IsNoOp" methodname="SkipAll_WhenAlreadyComplete_IsNoOp" classname="AshenThrone.Tests.UI.TutorialManagerTests" runstate="Runnable" seed="274563568" result="Passed" start-time="2026-03-08 03:04:33Z" end-time="2026-03-08 03:04:33Z" duration="0.000243" asserts="0">
                <properties>
                  <property name="retryIteration" value="0" />
                  <property name="repeatIteration" value="0" />
                </properties>
              </test-case>
              <test-case id="1044" name="SkipCurrentStep_NotSkippable_ReturnsFalse" fullname="AshenThrone.Tests.UI.TutorialManagerTests.SkipCurrentStep_NotSkippable_ReturnsFalse" methodname="SkipCurrentStep_NotSkippable_ReturnsFalse" classname="AshenThrone.Tests.UI.TutorialManagerTests" runstate="Runnable" seed="1643768936" result="Passed" start-time="2026-03-08 03:04:33Z" end-time="2026-03-08 03:04:33Z" duration="0.000270" asserts="0">
                <properties>
                  <property name="retryIteration" value="0" />
                  <property name="repeatIteration" value="0" />
                </properties>
              </test-case>
              <test-case id="1043" name="SkipCurrentStep_Skippable_Advances" fullname="AshenThrone.Tests.UI.TutorialManagerTests.SkipCurrentStep_Skippable_Advances" methodname="SkipCurrentStep_Skippable_Advances" classname="AshenThrone.Tests.UI.TutorialManagerTests" runstate="Runnable" seed="1253428622" result="Passed" start-time="2026-03-08 03:04:33Z" end-time="2026-03-08 03:04:33Z" duration="0.000382" asserts="0">
                <properties>
                  <property name="retryIteration" value="0" />
                  <property name="repeatIteration" value="0" />
                </properties>
              </test-case>
              <test-case id="1045" name="SkipCurrentStep_WhenComplete_ReturnsFalse" fullname="AshenThrone.Tests.UI.TutorialManagerTests.SkipCurrentStep_WhenComplete_ReturnsFalse" methodname="SkipCurrentStep_WhenComplete_ReturnsFalse" classname="AshenThrone.Tests.UI.TutorialManagerTests" runstate="Runnable" seed="308285133" result="Passed" start-time="2026-03-08 03:04:33Z" end-time="2026-03-08 03:04:33Z" duration="0.000233" asserts="0">
                <properties>
                  <property name="retryIteration" value="0" />
                  <property name="repeatIteration" value="0" />
                </properties>
              </test-case>
              <test-case id="1052" name="TotalSteps_ReturnsCount" fullname="AshenThrone.Tests.UI.TutorialManagerTests.TotalSteps_ReturnsCount" methodname="TotalSteps_ReturnsCount" classname="AshenThrone.Tests.UI.TutorialManagerTests" runstate="Runnable" seed="918426316" result="Passed" start-time="2026-03-08 03:04:33Z" end-time="2026-03-08 03:04:33Z" duration="0.000531" asserts="0">
                <properties>
                  <property name="retryIteration" value="0" />
                  <property name="repeatIteration" value="0" />
                </properties>
              </test-case>
            </test-suite>
          </test-suite>
        </test-suite>
      </test-suite>
    </test-suite>
    <test-suite type="Assembly" id="1623" name="Unity.Addressables.DocExampleCode.Editor.Tests.dll" fullname="/Users/tomterhune/ashen-throne/game/Library/ScriptAssemblies/Unity.Addressables.DocExampleCode.Editor.Tests.dll" runstate="Runnable" testcasecount="1" result="Passed" start-time="2026-03-08 03:04:33Z" end-time="2026-03-08 03:04:33Z" duration="0.001464" total="1" passed="1" failed="0" inconclusive="0" skipped="0" asserts="0">
      <properties>
        <property name="_PID" value="91580" />
        <property name="_APPDOMAIN" value="Unity Child Domain" />
        <property name="platform" value="EditMode" />
        <property name="EditorOnly" value="True" />
      </properties>
      <test-suite type="TestSuite" id="1624" name="AddressableAssets" fullname="AddressableAssets" runstate="Runnable" testcasecount="1" result="Passed" start-time="2026-03-08 03:04:33Z" end-time="2026-03-08 03:04:33Z" duration="0.001003" total="1" passed="1" failed="0" inconclusive="0" skipped="0" asserts="0">
        <properties />
        <test-suite type="TestSuite" id="1625" name="DocExampleCode" fullname="AddressableAssets.DocExampleCode" runstate="Runnable" testcasecount="1" result="Passed" start-time="2026-03-08 03:04:33Z" end-time="2026-03-08 03:04:33Z" duration="0.000749" total="1" passed="1" failed="0" inconclusive="0" skipped="0" asserts="0">
          <properties />
          <test-suite type="TestFixture" id="1621" name="TestStub" fullname="AddressableAssets.DocExampleCode.TestStub" classname="AddressableAssets.DocExampleCode.TestStub" runstate="Runnable" testcasecount="1" result="Passed" start-time="2026-03-08 03:04:33Z" end-time="2026-03-08 03:04:33Z" duration="0.000533" total="1" passed="1" failed="0" inconclusive="0" skipped="0" asserts="0">
            <properties />
            <test-case id="1622" name="RequiredTest" fullname="AddressableAssets.DocExampleCode.TestStub.RequiredTest" methodname="RequiredTest" classname="AddressableAssets.DocExampleCode.TestStub" runstate="Runnable" seed="773614883" result="Passed" start-time="2026-03-08 03:04:33Z" end-time="2026-03-08 03:04:33Z" duration="0.000031" asserts="0">
              <properties>
                <property name="retryIteration" value="0" />
                <property name="repeatIteration" value="0" />
              </properties>
              <output><![CDATA[Saving results to: /Users/tomterhune/Library/Application Support/DefaultCompany/game/TestResults.xml
]]></output>
            </test-case>
          </test-suite>
        </test-suite>
      </test-suite>
    </test-suite>
  </test-suite>
</test-run>